2020-03-07 14:52:08,762|INFO |main|Caller+0	 at com.zemel.framework.ComponentManager.start(ComponentManager.java:58)
启动逻辑组件开始
2020-03-07 14:52:08,762|INFO |main|Caller+0	 at com.zemel.framework.ComponentManager.start(ComponentManager.java:61)
com.zemel.gameserver.logic.component.BridgeClientsComponent 组件启动
2020-03-07 14:52:11,333|INFO |main|Caller+0	 at com.zemel.framework.ComponentManager.start(ComponentManager.java:65)
BridgeClientsComponent 组件启动成功
2020-03-07 14:52:11,333|INFO |main|Caller+0	 at com.zemel.framework.ComponentManager.start(ComponentManager.java:61)
com.zemel.gameserver.logic.component.GameComponent 组件启动
2020-03-07 14:52:11,338|INFO |main|Caller+0	 at com.zemel.framework.ComponentManager.start(ComponentManager.java:65)
GameComponent 组件启动成功
2020-03-07 14:52:11,338|INFO |main|Caller+0	 at com.zemel.framework.ComponentManager.start(ComponentManager.java:61)
com.zemel.gameserver.logic.component.GameServerComponent 组件启动
2020-03-07 14:52:11,358|INFO |main|Caller+0	 at com.zemel.framework.ComponentManager.start(ComponentManager.java:65)
GameServerComponent 组件启动成功
2020-03-07 14:52:11,358|INFO |main|Caller+0	 at com.zemel.framework.ComponentManager.start(ComponentManager.java:61)
com.zemel.gameserver.logic.component.PlayerComponent 组件启动
2020-03-07 14:52:11,358|INFO |main|Caller+0	 at com.zemel.framework.ComponentManager.start(ComponentManager.java:65)
PlayerComponent 组件启动成功
2020-03-07 14:52:11,359|INFO |main|Caller+0	 at com.zemel.framework.ComponentManager.start(ComponentManager.java:61)
com.zemel.gameserver.logic.component.RoomComponent 组件启动
2020-03-07 14:52:11,359|INFO |main|Caller+0	 at com.zemel.framework.ComponentManager.start(ComponentManager.java:65)
RoomComponent 组件启动成功
2020-03-07 14:52:11,359|INFO |main|Caller+0	 at com.zemel.framework.ComponentManager.start(ComponentManager.java:61)
com.zemel.gameserver.logic.component.SelfDrivenControllerComponent 组件启动
2020-03-07 14:52:11,361|INFO |main|Caller+0	 at com.zemel.framework.ComponentManager.start(ComponentManager.java:65)
SelfDrivenControllerComponent 组件启动成功
2020-03-07 14:52:11,361|INFO |main|Caller+0	 at com.zemel.framework.ComponentManager.start(ComponentManager.java:61)
com.zemel.gameserver.logic.component.TimerComponent 组件启动
2020-03-07 14:52:11,361|INFO |main|Caller+0	 at com.zemel.framework.ComponentManager.start(ComponentManager.java:65)
TimerComponent 组件启动成功
2020-03-07 14:52:11,362|INFO |main|Caller+0	 at com.zemel.framework.ComponentManager.start(ComponentManager.java:61)
com.zemel.gameserver.logic.component.WebsocketClientConnectComponent 组件启动
2020-03-07 14:52:11,402|INFO |main|Caller+0	 at com.zemel.framework.ComponentManager.start(ComponentManager.java:65)
WebsocketClientConnectComponent 组件启动成功
2020-03-07 14:52:11,402|INFO |main|Caller+0	 at com.zemel.framework.ComponentManager.start(ComponentManager.java:73)
启动逻辑组件结束
2020-03-07 14:52:12,029|INFO |SpringContextShutdownHook|Caller+0	 at com.zemel.framework.ComponentManager.stop(ComponentManager.java:84)
销毁逻辑组件开始
2020-03-07 14:52:12,034|INFO |SpringContextShutdownHook|Caller+0	 at com.zemel.framework.ComponentManager.stop(ComponentManager.java:88)
BridgeClientsComponent 组件销毁成功
2020-03-07 14:52:12,034|INFO |SpringContextShutdownHook|Caller+0	 at com.zemel.framework.ComponentManager.stop(ComponentManager.java:88)
GameComponent 组件销毁成功
2020-03-07 14:52:12,039|INFO |SpringContextShutdownHook|Caller+0	 at com.zemel.framework.ComponentManager.stop(ComponentManager.java:88)
GameServerComponent 组件销毁成功
2020-03-07 14:52:12,041|INFO |SpringContextShutdownHook|Caller+0	 at com.zemel.framework.ComponentManager.stop(ComponentManager.java:88)
PlayerComponent 组件销毁成功
2020-03-07 14:52:12,041|INFO |SpringContextShutdownHook|Caller+0	 at com.zemel.framework.ComponentManager.stop(ComponentManager.java:88)
RoomComponent 组件销毁成功
2020-03-07 14:52:12,041|INFO |SpringContextShutdownHook|Caller+0	 at com.zemel.framework.ComponentManager.stop(ComponentManager.java:88)
SelfDrivenControllerComponent 组件销毁成功
2020-03-07 14:52:12,041|INFO |SpringContextShutdownHook|Caller+0	 at com.zemel.framework.ComponentManager.stop(ComponentManager.java:88)
TimerComponent 组件销毁成功
2020-03-07 14:52:12,042|INFO |SpringContextShutdownHook|Caller+0	 at com.zemel.framework.ComponentManager.stop(ComponentManager.java:88)
WebsocketClientConnectComponent 组件销毁成功
2020-03-07 14:52:12,042|INFO |SpringContextShutdownHook|Caller+0	 at com.zemel.framework.ComponentManager.stop(ComponentManager.java:91)
启动逻辑组件结束
