2020-02-15 13:48:39,513|INFO |main|Caller+0	 at com.zemel.framework.ComponentManager.start(ComponentManager.java:58)
启动逻辑组件开始
2020-02-15 13:48:39,513|INFO |main|Caller+0	 at com.zemel.framework.ComponentManager.start(ComponentManager.java:61)
com.zemel.webserver.component.SelfDrivenControllerComponent 组件启动
2020-02-15 13:48:39,514|INFO |main|Caller+0	 at com.zemel.framework.ComponentManager.start(ComponentManager.java:65)
SelfDrivenControllerComponent 组件启动成功
2020-02-15 13:48:39,514|INFO |main|Caller+0	 at com.zemel.framework.ComponentManager.start(ComponentManager.java:61)
com.zemel.webserver.component.TimerComponent 组件启动
2020-02-15 13:48:39,514|INFO |main|Caller+0	 at com.zemel.framework.ComponentManager.start(ComponentManager.java:65)
TimerComponent 组件启动成功
2020-02-15 13:48:39,514|INFO |main|Caller+0	 at com.zemel.framework.ComponentManager.start(ComponentManager.java:61)
com.zemel.webserver.component.WebServerComponent 组件启动
2020-02-15 13:48:39,858|INFO |main|Caller+0	 at com.zemel.framework.ComponentManager.start(ComponentManager.java:65)
WebServerComponent 组件启动成功
2020-02-15 13:48:39,858|INFO |main|Caller+0	 at com.zemel.framework.ComponentManager.start(ComponentManager.java:73)
启动逻辑组件结束
2020-02-15 20:22:39,969|INFO |SpringContextShutdownHook|Caller+0	 at com.zemel.framework.ComponentManager.stop(ComponentManager.java:84)
销毁逻辑组件开始
2020-02-15 20:22:39,969|INFO |SpringContextShutdownHook|Caller+0	 at com.zemel.framework.ComponentManager.stop(ComponentManager.java:88)
SelfDrivenControllerComponent 组件销毁成功
2020-02-15 20:22:39,978|INFO |SpringContextShutdownHook|Caller+0	 at com.zemel.framework.ComponentManager.stop(ComponentManager.java:88)
TimerComponent 组件销毁成功
2020-02-15 20:22:40,018|INFO |SpringContextShutdownHook|Caller+0	 at com.zemel.framework.ComponentManager.stop(ComponentManager.java:88)
WebServerComponent 组件销毁成功
2020-02-15 20:22:40,018|INFO |SpringContextShutdownHook|Caller+0	 at com.zemel.framework.ComponentManager.stop(ComponentManager.java:91)
启动逻辑组件结束
