2020-05-17 00:12:36,696|INFO |restartedMain|Caller+0	 at com.zemel.framework.ComponentManager.start(ComponentManager.java:75)
启动逻辑组件开始
2020-05-17 00:12:36,696|INFO |restartedMain|Caller+0	 at com.zemel.framework.ComponentManager.start(ComponentManager.java:78)
com.zemel.webserver.component.SelfDrivenControllerComponent 组件启动
2020-05-17 00:12:36,697|INFO |restartedMain|Caller+0	 at com.zemel.framework.ComponentManager.start(ComponentManager.java:82)
SelfDrivenControllerComponent 组件启动成功
2020-05-17 00:12:36,697|INFO |restartedMain|Caller+0	 at com.zemel.framework.ComponentManager.start(ComponentManager.java:78)
com.zemel.webserver.component.TimerComponent 组件启动
2020-05-17 00:12:36,708|INFO |restartedMain|Caller+0	 at com.zemel.framework.ComponentManager.start(ComponentManager.java:82)
TimerComponent 组件启动成功
2020-05-17 00:12:36,708|INFO |restartedMain|Caller+0	 at com.zemel.framework.ComponentManager.start(ComponentManager.java:78)
com.zemel.webserver.component.WebServerComponent 组件启动
2020-05-17 00:12:37,089|INFO |restartedMain|Caller+0	 at com.zemel.framework.ComponentManager.start(ComponentManager.java:82)
WebServerComponent 组件启动成功
2020-05-17 00:12:37,090|INFO |restartedMain|Caller+0	 at com.zemel.framework.ComponentManager.start(ComponentManager.java:90)
启动逻辑组件结束
2020-05-17 00:41:40,741|INFO |SpringContextShutdownHook|Caller+0	 at com.zemel.framework.ComponentManager.stop(ComponentManager.java:101)
销毁逻辑组件开始
2020-05-17 00:41:40,741|INFO |SpringContextShutdownHook|Caller+0	 at com.zemel.framework.ComponentManager.stop(ComponentManager.java:105)
SelfDrivenControllerComponent 组件销毁成功
2020-05-17 00:41:40,757|INFO |SpringContextShutdownHook|Caller+0	 at com.zemel.framework.ComponentManager.stop(ComponentManager.java:105)
TimerComponent 组件销毁成功
2020-05-17 00:41:40,757|INFO |SpringContextShutdownHook|Caller+0	 at com.zemel.framework.ComponentManager.stop(ComponentManager.java:105)
WebServerComponent 组件销毁成功
2020-05-17 00:41:40,757|INFO |SpringContextShutdownHook|Caller+0	 at com.zemel.framework.ComponentManager.stop(ComponentManager.java:108)
启动逻辑组件结束
2020-05-17 13:13:59,574|INFO |restartedMain|Caller+0	 at com.zemel.framework.ComponentManager.start(ComponentManager.java:75)
启动逻辑组件开始
2020-05-17 13:13:59,574|INFO |restartedMain|Caller+0	 at com.zemel.framework.ComponentManager.start(ComponentManager.java:78)
com.zemel.webserver.component.SelfDrivenControllerComponent 组件启动
2020-05-17 13:13:59,574|INFO |restartedMain|Caller+0	 at com.zemel.framework.ComponentManager.start(ComponentManager.java:82)
SelfDrivenControllerComponent 组件启动成功
2020-05-17 13:13:59,575|INFO |restartedMain|Caller+0	 at com.zemel.framework.ComponentManager.start(ComponentManager.java:78)
com.zemel.webserver.component.TimerComponent 组件启动
2020-05-17 13:13:59,587|INFO |restartedMain|Caller+0	 at com.zemel.framework.ComponentManager.start(ComponentManager.java:82)
TimerComponent 组件启动成功
2020-05-17 13:13:59,587|INFO |restartedMain|Caller+0	 at com.zemel.framework.ComponentManager.start(ComponentManager.java:78)
com.zemel.webserver.component.WebServerComponent 组件启动
2020-05-17 13:14:00,010|INFO |restartedMain|Caller+0	 at com.zemel.framework.ComponentManager.start(ComponentManager.java:82)
WebServerComponent 组件启动成功
2020-05-17 13:14:00,010|INFO |restartedMain|Caller+0	 at com.zemel.framework.ComponentManager.start(ComponentManager.java:90)
启动逻辑组件结束
2020-05-17 15:30:29,186|INFO |SpringContextShutdownHook|Caller+0	 at com.zemel.framework.ComponentManager.stop(ComponentManager.java:101)
销毁逻辑组件开始
2020-05-17 15:30:29,186|INFO |SpringContextShutdownHook|Caller+0	 at com.zemel.framework.ComponentManager.stop(ComponentManager.java:105)
SelfDrivenControllerComponent 组件销毁成功
2020-05-17 15:30:29,186|INFO |SpringContextShutdownHook|Caller+0	 at com.zemel.framework.ComponentManager.stop(ComponentManager.java:105)
TimerComponent 组件销毁成功
2020-05-17 15:30:29,191|INFO |SpringContextShutdownHook|Caller+0	 at com.zemel.framework.ComponentManager.stop(ComponentManager.java:105)
WebServerComponent 组件销毁成功
2020-05-17 15:30:29,191|INFO |SpringContextShutdownHook|Caller+0	 at com.zemel.framework.ComponentManager.stop(ComponentManager.java:108)
启动逻辑组件结束
