2020-02-13 11:32:24,946|INFO |main|Caller+0	 at com.zemel.framework.ComponentManager.start(ComponentManager.java:54)
启动逻辑组件开始
2020-02-13 11:32:24,947|INFO |main|Caller+0	 at com.zemel.framework.ComponentManager.start(ComponentManager.java:57)
com.zemel.webserver.component.SelfDrivenControllerComponent 组件启动
2020-02-13 11:32:24,947|INFO |main|Caller+0	 at com.zemel.framework.ComponentManager.start(ComponentManager.java:61)
SelfDrivenControllerComponent 组件启动成功
2020-02-13 11:32:24,947|INFO |main|Caller+0	 at com.zemel.framework.ComponentManager.start(ComponentManager.java:57)
com.zemel.webserver.component.TimerComponent 组件启动
2020-02-13 11:32:24,947|INFO |main|Caller+0	 at com.zemel.framework.ComponentManager.start(ComponentManager.java:61)
TimerComponent 组件启动成功
2020-02-13 11:32:24,947|INFO |main|Caller+0	 at com.zemel.framework.ComponentManager.start(ComponentManager.java:57)
com.zemel.webserver.component.WebServerComponent 组件启动
2020-02-13 11:32:25,425|INFO |main|Caller+0	 at com.zemel.framework.ComponentManager.start(ComponentManager.java:61)
WebServerComponent 组件启动成功
2020-02-13 11:32:25,425|INFO |main|Caller+0	 at com.zemel.framework.ComponentManager.start(ComponentManager.java:69)
启动逻辑组件结束
2020-02-13 21:29:41,490|INFO |SpringContextShutdownHook|Caller+0	 at com.zemel.framework.ComponentManager.stop(ComponentManager.java:80)
销毁逻辑组件开始
2020-02-13 21:29:41,490|INFO |SpringContextShutdownHook|Caller+0	 at com.zemel.framework.ComponentManager.stop(ComponentManager.java:84)
SelfDrivenControllerComponent 组件销毁成功
2020-02-13 21:29:41,490|INFO |SpringContextShutdownHook|Caller+0	 at com.zemel.framework.ComponentManager.stop(ComponentManager.java:84)
TimerComponent 组件销毁成功
2020-02-13 21:29:41,490|INFO |SpringContextShutdownHook|Caller+0	 at com.zemel.framework.ComponentManager.stop(ComponentManager.java:84)
WebServerComponent 组件销毁成功
2020-02-13 21:29:41,490|INFO |SpringContextShutdownHook|Caller+0	 at com.zemel.framework.ComponentManager.stop(ComponentManager.java:87)
启动逻辑组件结束
