2020-03-08 14:40:20,658|INFO |restartedMain|Caller+0	 at com.zemel.framework.ComponentManager.start(ComponentManager.java:58)
启动逻辑组件开始
2020-03-08 14:40:20,659|INFO |restartedMain|Caller+0	 at com.zemel.framework.ComponentManager.start(ComponentManager.java:61)
com.zemel.webserver.component.SelfDrivenControllerComponent 组件启动
2020-03-08 14:40:20,660|INFO |restartedMain|Caller+0	 at com.zemel.framework.ComponentManager.start(ComponentManager.java:65)
SelfDrivenControllerComponent 组件启动成功
2020-03-08 14:40:20,660|INFO |restartedMain|Caller+0	 at com.zemel.framework.ComponentManager.start(ComponentManager.java:61)
com.zemel.webserver.component.TimerComponent 组件启动
2020-03-08 14:40:20,691|INFO |restartedMain|Caller+0	 at com.zemel.framework.ComponentManager.start(ComponentManager.java:65)
TimerComponent 组件启动成功
2020-03-08 14:40:20,691|INFO |restartedMain|Caller+0	 at com.zemel.framework.ComponentManager.start(ComponentManager.java:61)
com.zemel.webserver.component.WebServerComponent 组件启动
2020-03-08 14:40:21,148|INFO |restartedMain|Caller+0	 at com.zemel.framework.ComponentManager.start(ComponentManager.java:65)
WebServerComponent 组件启动成功
2020-03-08 14:40:21,148|INFO |restartedMain|Caller+0	 at com.zemel.framework.ComponentManager.start(ComponentManager.java:73)
启动逻辑组件结束
2020-03-08 14:40:21,174|INFO |restartedMain|Caller+0	 at com.zemel.framework.ComponentManager.stop(ComponentManager.java:84)
销毁逻辑组件开始
2020-03-08 14:40:21,175|INFO |restartedMain|Caller+0	 at com.zemel.framework.ComponentManager.stop(ComponentManager.java:88)
SelfDrivenControllerComponent 组件销毁成功
2020-03-08 14:40:21,175|INFO |restartedMain|Caller+0	 at com.zemel.framework.ComponentManager.stop(ComponentManager.java:88)
TimerComponent 组件销毁成功
2020-03-08 14:40:21,178|INFO |restartedMain|Caller+0	 at com.zemel.framework.ComponentManager.stop(ComponentManager.java:88)
WebServerComponent 组件销毁成功
2020-03-08 14:40:21,178|INFO |restartedMain|Caller+0	 at com.zemel.framework.ComponentManager.stop(ComponentManager.java:91)
启动逻辑组件结束
