2020-07-29 20:55:52,973|INFO |restartedMain|Caller+0	 at org.springframework.boot.StartupInfoLogger.logStarting(StartupInfoLogger.java:55)
Starting ToolApplication on DESKTOP-3EKU3ND with PID 11528 (F:\code\Z01\server\z01\tool\target\classes started by 13265 in F:\code\Z01\server\z01)
2020-07-29 20:55:52,975|INFO |restartedMain|Caller+0	 at org.springframework.boot.SpringApplication.logStartupProfileInfo(SpringApplication.java:655)
The following profiles are active: common
2020-07-29 20:55:53,051|INFO |restartedMain|Caller+0	 at org.springframework.boot.logging.DeferredLog.logTo(DeferredLog.java:225)
Devtools property defaults active! Set 'spring.devtools.add-properties' to 'false' to disable
2020-07-29 20:55:53,052|INFO |restartedMain|Caller+0	 at org.springframework.boot.logging.DeferredLog.logTo(DeferredLog.java:225)
For additional web related logging consider setting the 'logging.level.web' property to 'DEBUG'
2020-07-29 20:55:53,978|INFO |restartedMain|Caller+0	 at org.springframework.data.repository.config.RepositoryConfigurationDelegate.multipleStoresDetected(RepositoryConfigurationDelegate.java:249)
Multiple Spring Data modules found, entering strict repository configuration mode!
2020-07-29 20:55:53,981|INFO |restartedMain|Caller+0	 at org.springframework.data.repository.config.RepositoryConfigurationDelegate.registerRepositoriesIn(RepositoryConfigurationDelegate.java:127)
Bootstrapping Spring Data Redis repositories in DEFAULT mode.
2020-07-29 20:55:54,012|INFO |restartedMain|Caller+0	 at org.springframework.data.repository.config.RepositoryConfigurationDelegate.registerRepositoriesIn(RepositoryConfigurationDelegate.java:187)
Finished Spring Data repository scanning in 12ms. Found 0 Redis repository interfaces.
2020-07-29 20:55:54,171|WARN |restartedMain|Caller+0	 at org.mybatis.logging.Logger.warn(Logger.java:44)
No MyBatis mapper was found in '[com.zemel.*.mapping]' package. Please check your configuration.
2020-07-29 20:55:54,448|INFO |restartedMain|Caller+0	 at org.springframework.context.support.PostProcessorRegistrationDelegate$BeanPostProcessorChecker.postProcessAfterInitialization(PostProcessorRegistrationDelegate.java:330)
Bean 'org.springframework.transaction.annotation.ProxyTransactionManagementConfiguration' of type [org.springframework.transaction.annotation.ProxyTransactionManagementConfiguration] is not eligible for getting processed by all BeanPostProcessors (for example: not eligible for auto-proxying)
2020-07-29 20:55:54,803|INFO |restartedMain|Caller+0	 at org.springframework.boot.web.embedded.tomcat.TomcatWebServer.initialize(TomcatWebServer.java:92)
Tomcat initialized with port(s): 8086 (http)
2020-07-29 20:55:54,813|INFO |restartedMain|Caller+0	 at org.apache.juli.logging.DirectJDKLog.log(DirectJDKLog.java:173)
Initializing ProtocolHandler ["http-nio-8086"]
2020-07-29 20:55:54,813|INFO |restartedMain|Caller+0	 at org.apache.juli.logging.DirectJDKLog.log(DirectJDKLog.java:173)
Starting service [Tomcat]
2020-07-29 20:55:54,813|INFO |restartedMain|Caller+0	 at org.apache.juli.logging.DirectJDKLog.log(DirectJDKLog.java:173)
Starting Servlet engine: [Apache Tomcat/9.0.29]
2020-07-29 20:55:54,905|INFO |restartedMain|Caller+0	 at org.apache.juli.logging.DirectJDKLog.log(DirectJDKLog.java:173)
Initializing Spring embedded WebApplicationContext
2020-07-29 20:55:54,906|INFO |restartedMain|Caller+0	 at org.springframework.boot.web.servlet.context.ServletWebServerApplicationContext.prepareWebApplicationContext(ServletWebServerApplicationContext.java:284)
Root WebApplicationContext: initialization completed in 1854 ms
2020-07-29 20:55:55,006|INFO |restartedMain|Caller+0	 at com.alibaba.druid.spring.boot.autoconfigure.DruidDataSourceAutoConfigure.dataSource(DruidDataSourceAutoConfigure.java:56)
Init DruidDataSource
2020-07-29 20:55:55,148|INFO |restartedMain|Caller+0	 at com.alibaba.druid.pool.DruidDataSource.init(DruidDataSource.java:928)
{dataSource-1} inited
2020-07-29 20:55:55,155|ERROR|restartedMain|Caller+0	 at com.zemel.tool.generate.Dbgenerate.start(Dbgenerate.java:33)
===========autoCreateClass  start==============
2020-07-29 20:55:55,156|ERROR|restartedMain|Caller+0	 at com.zemel.tool.generate.Dbgenerate.generate(Dbgenerate.java:47)
web1 generate start
2020-07-29 20:55:55,293|ERROR|restartedMain|Caller+0	 at com.zemel.tool.generate.Dbgenerate.lambda$generateDb$0(Dbgenerate.java:62)
F:\code\Z01\server\z01/web1/src/main/java/com/zemel/web1/entiy/PlayerDiyInfo.java
2020-07-29 20:55:55,295|ERROR|restartedMain|Caller+0	 at com.zemel.tool.generate.Dbgenerate.lambda$generateDb$0(Dbgenerate.java:62)
F:\code\Z01\server\z01/web1/src/main/java/com/zemel/web1/entiy/ProjectInfo.java
2020-07-29 20:55:55,295|ERROR|restartedMain|Caller+0	 at com.zemel.tool.generate.Dbgenerate.lambda$generateDb$0(Dbgenerate.java:62)
F:\code\Z01\server\z01/web1/src/main/java/com/zemel/web1/entiy/ResourceInfo.java
2020-07-29 20:55:55,295|ERROR|restartedMain|Caller+0	 at com.zemel.tool.generate.Dbgenerate.generate(Dbgenerate.java:49)
web1 generate end
2020-07-29 20:55:55,295|ERROR|restartedMain|Caller+0	 at com.zemel.tool.generate.Dbgenerate.start(Dbgenerate.java:39)
===========autoCreateClass  end==============
2020-07-29 20:55:55,308|INFO |restartedMain|Caller+0	 at org.springframework.cache.ehcache.EhCacheManagerFactoryBean.afterPropertiesSet(EhCacheManagerFactoryBean.java:134)
Initializing EhCache CacheManager
2020-07-29 20:55:55,546|INFO |restartedMain|Caller+0	 at org.springframework.scheduling.concurrent.ExecutorConfigurationSupport.initialize(ExecutorConfigurationSupport.java:171)
Initializing ExecutorService 'applicationTaskExecutor'
2020-07-29 20:55:55,613|INFO |restartedMain|Caller+0	 at org.springframework.boot.autoconfigure.web.servlet.WelcomePageHandlerMapping.<init>(WelcomePageHandlerMapping.java:54)
Adding welcome page: class path resource [static/index.html]
2020-07-29 20:55:56,280|INFO |restartedMain|Caller+0	 at org.quartz.impl.StdSchedulerFactory.instantiate(StdSchedulerFactory.java:1220)
Using default implementation for ThreadExecutor
2020-07-29 20:55:56,283|INFO |restartedMain|Caller+0	 at org.quartz.simpl.SimpleThreadPool.initialize(SimpleThreadPool.java:268)
Job execution threads will use class loader of thread: restartedMain
2020-07-29 20:55:56,293|INFO |restartedMain|Caller+0	 at org.quartz.core.SchedulerSignalerImpl.<init>(SchedulerSignalerImpl.java:61)
Initialized Scheduler Signaller of type: class org.quartz.core.SchedulerSignalerImpl
2020-07-29 20:55:56,293|INFO |restartedMain|Caller+0	 at org.quartz.core.QuartzScheduler.<init>(QuartzScheduler.java:229)
Quartz Scheduler v.2.3.2 created.
2020-07-29 20:55:56,294|INFO |restartedMain|Caller+0	 at org.quartz.simpl.RAMJobStore.initialize(RAMJobStore.java:155)
RAMJobStore initialized.
2020-07-29 20:55:56,294|INFO |restartedMain|Caller+0	 at org.quartz.core.QuartzScheduler.initialize(QuartzScheduler.java:294)
Scheduler meta-data: Quartz Scheduler (v2.3.2) 'quartzScheduler' with instanceId 'NON_CLUSTERED'
  Scheduler class: 'org.quartz.core.QuartzScheduler' - running locally.
  NOT STARTED.
  Currently in standby mode.
  Number of jobs executed: 0
  Using thread pool 'org.quartz.simpl.SimpleThreadPool' - with 4 threads.
  Using job-store 'org.quartz.simpl.RAMJobStore' - which does not support persistence. and is not clustered.

2020-07-29 20:55:56,294|INFO |restartedMain|Caller+0	 at org.quartz.impl.StdSchedulerFactory.instantiate(StdSchedulerFactory.java:1374)
Quartz scheduler 'quartzScheduler' initialized from an externally provided properties instance.
2020-07-29 20:55:56,295|INFO |restartedMain|Caller+0	 at org.quartz.impl.StdSchedulerFactory.instantiate(StdSchedulerFactory.java:1378)
Quartz scheduler version: 2.3.2
2020-07-29 20:55:56,295|INFO |restartedMain|Caller+0	 at org.quartz.core.QuartzScheduler.setJobFactory(QuartzScheduler.java:2293)
JobFactory set to: org.springframework.scheduling.quartz.SpringBeanJobFactory@584c2bf6
2020-07-29 20:55:56,331|INFO |restartedMain|Caller+0	 at org.springframework.boot.devtools.autoconfigure.OptionalLiveReloadServer.startServer(OptionalLiveReloadServer.java:58)
LiveReload server is running on port 35729
2020-07-29 20:55:56,395|INFO |restartedMain|Caller+0	 at org.springframework.scheduling.quartz.SchedulerFactoryBean.startScheduler(SchedulerFactoryBean.java:727)
Starting Quartz Scheduler now
2020-07-29 20:55:56,396|INFO |restartedMain|Caller+0	 at org.quartz.core.QuartzScheduler.start(QuartzScheduler.java:547)
Scheduler quartzScheduler_$_NON_CLUSTERED started.
2020-07-29 20:55:56,403|INFO |restartedMain|Caller+0	 at org.apache.juli.logging.DirectJDKLog.log(DirectJDKLog.java:173)
Starting ProtocolHandler ["http-nio-8086"]
2020-07-29 20:55:56,420|INFO |restartedMain|Caller+0	 at org.springframework.boot.web.embedded.tomcat.TomcatWebServer.start(TomcatWebServer.java:204)
Tomcat started on port(s): 8086 (http) with context path ''
2020-07-29 20:55:56,423|INFO |restartedMain|Caller+0	 at org.springframework.boot.StartupInfoLogger.logStarted(StartupInfoLogger.java:61)
Started ToolApplication in 4.087 seconds (JVM running for 5.653)
2020-07-29 20:56:00,071|INFO |SpringContextShutdownHook|Caller+0	 at org.quartz.core.QuartzScheduler.standby(QuartzScheduler.java:585)
Scheduler quartzScheduler_$_NON_CLUSTERED paused.
2020-07-29 20:56:00,076|INFO |SpringContextShutdownHook|Caller+0	 at org.springframework.scheduling.quartz.SchedulerFactoryBean.destroy(SchedulerFactoryBean.java:845)
Shutting down Quartz Scheduler
2020-07-29 20:56:00,076|INFO |SpringContextShutdownHook|Caller+0	 at org.quartz.core.QuartzScheduler.shutdown(QuartzScheduler.java:666)
Scheduler quartzScheduler_$_NON_CLUSTERED shutting down.
2020-07-29 20:56:00,076|INFO |SpringContextShutdownHook|Caller+0	 at org.quartz.core.QuartzScheduler.standby(QuartzScheduler.java:585)
Scheduler quartzScheduler_$_NON_CLUSTERED paused.
2020-07-29 20:56:00,076|INFO |SpringContextShutdownHook|Caller+0	 at org.quartz.core.QuartzScheduler.shutdown(QuartzScheduler.java:740)
Scheduler quartzScheduler_$_NON_CLUSTERED shutdown complete.
2020-07-29 20:56:00,094|INFO |SpringContextShutdownHook|Caller+0	 at org.springframework.scheduling.concurrent.ExecutorConfigurationSupport.shutdown(ExecutorConfigurationSupport.java:208)
Shutting down ExecutorService 'applicationTaskExecutor'
2020-07-29 20:56:00,094|INFO |SpringContextShutdownHook|Caller+0	 at org.springframework.cache.ehcache.EhCacheManagerFactoryBean.destroy(EhCacheManagerFactoryBean.java:192)
Shutting down EhCache CacheManager
2020-07-29 20:56:00,097|INFO |SpringContextShutdownHook|Caller+0	 at com.alibaba.druid.pool.DruidDataSource.close(DruidDataSource.java:1823)
{dataSource-1} closed
2020-07-29 20:57:30,534|INFO |restartedMain|Caller+0	 at org.springframework.boot.StartupInfoLogger.logStarting(StartupInfoLogger.java:55)
Starting ToolApplication on DESKTOP-3EKU3ND with PID 9632 (F:\code\Z01\server\z01\tool\target\classes started by 13265 in F:\code\Z01\server\z01)
2020-07-29 20:57:30,538|INFO |restartedMain|Caller+0	 at org.springframework.boot.SpringApplication.logStartupProfileInfo(SpringApplication.java:655)
The following profiles are active: common
2020-07-29 20:57:30,580|INFO |restartedMain|Caller+0	 at org.springframework.boot.logging.DeferredLog.logTo(DeferredLog.java:225)
Devtools property defaults active! Set 'spring.devtools.add-properties' to 'false' to disable
2020-07-29 20:57:30,580|INFO |restartedMain|Caller+0	 at org.springframework.boot.logging.DeferredLog.logTo(DeferredLog.java:225)
For additional web related logging consider setting the 'logging.level.web' property to 'DEBUG'
2020-07-29 20:57:31,161|INFO |restartedMain|Caller+0	 at org.springframework.data.repository.config.RepositoryConfigurationDelegate.multipleStoresDetected(RepositoryConfigurationDelegate.java:249)
Multiple Spring Data modules found, entering strict repository configuration mode!
2020-07-29 20:57:31,163|INFO |restartedMain|Caller+0	 at org.springframework.data.repository.config.RepositoryConfigurationDelegate.registerRepositoriesIn(RepositoryConfigurationDelegate.java:127)
Bootstrapping Spring Data Redis repositories in DEFAULT mode.
2020-07-29 20:57:31,188|INFO |restartedMain|Caller+0	 at org.springframework.data.repository.config.RepositoryConfigurationDelegate.registerRepositoriesIn(RepositoryConfigurationDelegate.java:187)
Finished Spring Data repository scanning in 11ms. Found 0 Redis repository interfaces.
2020-07-29 20:57:31,297|WARN |restartedMain|Caller+0	 at org.mybatis.logging.Logger.warn(Logger.java:44)
No MyBatis mapper was found in '[com.zemel.*.mapping]' package. Please check your configuration.
2020-07-29 20:57:31,469|INFO |restartedMain|Caller+0	 at org.springframework.context.support.PostProcessorRegistrationDelegate$BeanPostProcessorChecker.postProcessAfterInitialization(PostProcessorRegistrationDelegate.java:330)
Bean 'org.springframework.transaction.annotation.ProxyTransactionManagementConfiguration' of type [org.springframework.transaction.annotation.ProxyTransactionManagementConfiguration] is not eligible for getting processed by all BeanPostProcessors (for example: not eligible for auto-proxying)
2020-07-29 20:57:31,750|INFO |restartedMain|Caller+0	 at org.springframework.boot.web.embedded.tomcat.TomcatWebServer.initialize(TomcatWebServer.java:92)
Tomcat initialized with port(s): 8086 (http)
2020-07-29 20:57:31,758|INFO |restartedMain|Caller+0	 at org.apache.juli.logging.DirectJDKLog.log(DirectJDKLog.java:173)
Initializing ProtocolHandler ["http-nio-8086"]
2020-07-29 20:57:31,759|INFO |restartedMain|Caller+0	 at org.apache.juli.logging.DirectJDKLog.log(DirectJDKLog.java:173)
Starting service [Tomcat]
2020-07-29 20:57:31,759|INFO |restartedMain|Caller+0	 at org.apache.juli.logging.DirectJDKLog.log(DirectJDKLog.java:173)
Starting Servlet engine: [Apache Tomcat/9.0.29]
2020-07-29 20:57:31,838|INFO |restartedMain|Caller+0	 at org.apache.juli.logging.DirectJDKLog.log(DirectJDKLog.java:173)
Initializing Spring embedded WebApplicationContext
2020-07-29 20:57:31,838|INFO |restartedMain|Caller+0	 at org.springframework.boot.web.servlet.context.ServletWebServerApplicationContext.prepareWebApplicationContext(ServletWebServerApplicationContext.java:284)
Root WebApplicationContext: initialization completed in 1257 ms
2020-07-29 20:57:31,920|INFO |restartedMain|Caller+0	 at com.alibaba.druid.spring.boot.autoconfigure.DruidDataSourceAutoConfigure.dataSource(DruidDataSourceAutoConfigure.java:56)
Init DruidDataSource
2020-07-29 20:57:32,027|INFO |restartedMain|Caller+0	 at com.alibaba.druid.pool.DruidDataSource.init(DruidDataSource.java:928)
{dataSource-1} inited
2020-07-29 20:57:32,036|ERROR|restartedMain|Caller+0	 at com.zemel.tool.generate.Dbgenerate.start(Dbgenerate.java:33)
===========autoCreateClass  start==============
2020-07-29 20:57:32,037|ERROR|restartedMain|Caller+0	 at com.zemel.tool.generate.Dbgenerate.generate(Dbgenerate.java:47)
web1 generate start
2020-07-29 20:57:32,139|ERROR|restartedMain|Caller+0	 at com.zemel.tool.generate.Dbgenerate.lambda$generateDb$0(Dbgenerate.java:62)
F:\code\Z01\server\z01/web1/src/main/java/com/zemel/web1/entiy/PlayerDiyInfo.java
2020-07-29 20:57:32,140|ERROR|restartedMain|Caller+0	 at com.zemel.tool.generate.Dbgenerate.lambda$generateDb$0(Dbgenerate.java:62)
F:\code\Z01\server\z01/web1/src/main/java/com/zemel/web1/entiy/ProjectInfo.java
2020-07-29 20:57:32,140|ERROR|restartedMain|Caller+0	 at com.zemel.tool.generate.Dbgenerate.lambda$generateDb$0(Dbgenerate.java:62)
F:\code\Z01\server\z01/web1/src/main/java/com/zemel/web1/entiy/ResourceInfo.java
2020-07-29 20:57:32,140|ERROR|restartedMain|Caller+0	 at com.zemel.tool.generate.Dbgenerate.generate(Dbgenerate.java:49)
web1 generate end
2020-07-29 20:57:32,141|ERROR|restartedMain|Caller+0	 at com.zemel.tool.generate.Dbgenerate.start(Dbgenerate.java:39)
===========autoCreateClass  end==============
2020-07-29 20:57:32,151|INFO |restartedMain|Caller+0	 at org.springframework.cache.ehcache.EhCacheManagerFactoryBean.afterPropertiesSet(EhCacheManagerFactoryBean.java:134)
Initializing EhCache CacheManager
2020-07-29 20:57:32,352|INFO |restartedMain|Caller+0	 at org.springframework.scheduling.concurrent.ExecutorConfigurationSupport.initialize(ExecutorConfigurationSupport.java:171)
Initializing ExecutorService 'applicationTaskExecutor'
2020-07-29 20:57:32,405|INFO |restartedMain|Caller+0	 at org.springframework.boot.autoconfigure.web.servlet.WelcomePageHandlerMapping.<init>(WelcomePageHandlerMapping.java:54)
Adding welcome page: class path resource [static/index.html]
2020-07-29 20:57:32,963|INFO |restartedMain|Caller+0	 at org.quartz.impl.StdSchedulerFactory.instantiate(StdSchedulerFactory.java:1220)
Using default implementation for ThreadExecutor
2020-07-29 20:57:32,964|INFO |restartedMain|Caller+0	 at org.quartz.simpl.SimpleThreadPool.initialize(SimpleThreadPool.java:268)
Job execution threads will use class loader of thread: restartedMain
2020-07-29 20:57:32,971|INFO |restartedMain|Caller+0	 at org.quartz.core.SchedulerSignalerImpl.<init>(SchedulerSignalerImpl.java:61)
Initialized Scheduler Signaller of type: class org.quartz.core.SchedulerSignalerImpl
2020-07-29 20:57:32,972|INFO |restartedMain|Caller+0	 at org.quartz.core.QuartzScheduler.<init>(QuartzScheduler.java:229)
Quartz Scheduler v.2.3.2 created.
2020-07-29 20:57:32,972|INFO |restartedMain|Caller+0	 at org.quartz.simpl.RAMJobStore.initialize(RAMJobStore.java:155)
RAMJobStore initialized.
2020-07-29 20:57:32,973|INFO |restartedMain|Caller+0	 at org.quartz.core.QuartzScheduler.initialize(QuartzScheduler.java:294)
Scheduler meta-data: Quartz Scheduler (v2.3.2) 'quartzScheduler' with instanceId 'NON_CLUSTERED'
  Scheduler class: 'org.quartz.core.QuartzScheduler' - running locally.
  NOT STARTED.
  Currently in standby mode.
  Number of jobs executed: 0
  Using thread pool 'org.quartz.simpl.SimpleThreadPool' - with 4 threads.
  Using job-store 'org.quartz.simpl.RAMJobStore' - which does not support persistence. and is not clustered.

2020-07-29 20:57:32,973|INFO |restartedMain|Caller+0	 at org.quartz.impl.StdSchedulerFactory.instantiate(StdSchedulerFactory.java:1374)
Quartz scheduler 'quartzScheduler' initialized from an externally provided properties instance.
2020-07-29 20:57:32,973|INFO |restartedMain|Caller+0	 at org.quartz.impl.StdSchedulerFactory.instantiate(StdSchedulerFactory.java:1378)
Quartz scheduler version: 2.3.2
2020-07-29 20:57:32,973|INFO |restartedMain|Caller+0	 at org.quartz.core.QuartzScheduler.setJobFactory(QuartzScheduler.java:2293)
JobFactory set to: org.springframework.scheduling.quartz.SpringBeanJobFactory@3b7d7d35
2020-07-29 20:57:33,006|INFO |restartedMain|Caller+0	 at org.springframework.boot.devtools.autoconfigure.OptionalLiveReloadServer.startServer(OptionalLiveReloadServer.java:58)
LiveReload server is running on port 35729
2020-07-29 20:57:33,069|INFO |restartedMain|Caller+0	 at org.springframework.scheduling.quartz.SchedulerFactoryBean.startScheduler(SchedulerFactoryBean.java:727)
Starting Quartz Scheduler now
2020-07-29 20:57:33,069|INFO |restartedMain|Caller+0	 at org.quartz.core.QuartzScheduler.start(QuartzScheduler.java:547)
Scheduler quartzScheduler_$_NON_CLUSTERED started.
2020-07-29 20:57:33,075|INFO |restartedMain|Caller+0	 at org.apache.juli.logging.DirectJDKLog.log(DirectJDKLog.java:173)
Starting ProtocolHandler ["http-nio-8086"]
2020-07-29 20:57:33,093|INFO |restartedMain|Caller+0	 at org.springframework.boot.web.embedded.tomcat.TomcatWebServer.start(TomcatWebServer.java:204)
Tomcat started on port(s): 8086 (http) with context path ''
2020-07-29 20:57:33,095|INFO |restartedMain|Caller+0	 at org.springframework.boot.StartupInfoLogger.logStarted(StartupInfoLogger.java:61)
Started ToolApplication in 3.144 seconds (JVM running for 3.822)
2020-07-29 21:02:12,357|INFO |SpringContextShutdownHook|Caller+0	 at org.quartz.core.QuartzScheduler.standby(QuartzScheduler.java:585)
Scheduler quartzScheduler_$_NON_CLUSTERED paused.
2020-07-29 21:02:12,361|INFO |SpringContextShutdownHook|Caller+0	 at org.springframework.scheduling.quartz.SchedulerFactoryBean.destroy(SchedulerFactoryBean.java:845)
Shutting down Quartz Scheduler
2020-07-29 21:02:12,361|INFO |SpringContextShutdownHook|Caller+0	 at org.quartz.core.QuartzScheduler.shutdown(QuartzScheduler.java:666)
Scheduler quartzScheduler_$_NON_CLUSTERED shutting down.
2020-07-29 21:02:12,361|INFO |SpringContextShutdownHook|Caller+0	 at org.quartz.core.QuartzScheduler.standby(QuartzScheduler.java:585)
Scheduler quartzScheduler_$_NON_CLUSTERED paused.
2020-07-29 21:02:12,361|INFO |SpringContextShutdownHook|Caller+0	 at org.quartz.core.QuartzScheduler.shutdown(QuartzScheduler.java:740)
Scheduler quartzScheduler_$_NON_CLUSTERED shutdown complete.
2020-07-29 21:02:12,377|INFO |SpringContextShutdownHook|Caller+0	 at org.springframework.scheduling.concurrent.ExecutorConfigurationSupport.shutdown(ExecutorConfigurationSupport.java:208)
Shutting down ExecutorService 'applicationTaskExecutor'
2020-07-29 21:02:12,377|INFO |SpringContextShutdownHook|Caller+0	 at org.springframework.cache.ehcache.EhCacheManagerFactoryBean.destroy(EhCacheManagerFactoryBean.java:192)
Shutting down EhCache CacheManager
2020-07-29 21:02:12,379|INFO |SpringContextShutdownHook|Caller+0	 at com.alibaba.druid.pool.DruidDataSource.close(DruidDataSource.java:1823)
{dataSource-1} closed
