2020-06-27 13:31:40,270|INFO |restartedMain|Caller+0	 at org.springframework.boot.StartupInfoLogger.logStarting(StartupInfoLogger.java:55)
Starting ToolApplication on DESKTOP-3EKU3ND with PID 14740 (F:\code\Z01\server\z01\tool\target\classes started by 13265 in F:\code\Z01\server\z01)
2020-06-27 13:31:40,273|INFO |restartedMain|Caller+0	 at org.springframework.boot.SpringApplication.logStartupProfileInfo(SpringApplication.java:655)
The following profiles are active: common
2020-06-27 13:31:40,323|INFO |restartedMain|Caller+0	 at org.springframework.boot.logging.DeferredLog.logTo(DeferredLog.java:225)
Devtools property defaults active! Set 'spring.devtools.add-properties' to 'false' to disable
2020-06-27 13:31:40,324|INFO |restartedMain|Caller+0	 at org.springframework.boot.logging.DeferredLog.logTo(DeferredLog.java:225)
For additional web related logging consider setting the 'logging.level.web' property to 'DEBUG'
2020-06-27 13:31:41,238|INFO |restartedMain|Caller+0	 at org.springframework.data.repository.config.RepositoryConfigurationDelegate.multipleStoresDetected(RepositoryConfigurationDelegate.java:249)
Multiple Spring Data modules found, entering strict repository configuration mode!
2020-06-27 13:31:41,241|INFO |restartedMain|Caller+0	 at org.springframework.data.repository.config.RepositoryConfigurationDelegate.registerRepositoriesIn(RepositoryConfigurationDelegate.java:127)
Bootstrapping Spring Data Redis repositories in DEFAULT mode.
2020-06-27 13:31:41,276|INFO |restartedMain|Caller+0	 at org.springframework.data.repository.config.RepositoryConfigurationDelegate.registerRepositoriesIn(RepositoryConfigurationDelegate.java:187)
Finished Spring Data repository scanning in 16ms. Found 0 Redis repository interfaces.
2020-06-27 13:31:41,432|WARN |restartedMain|Caller+0	 at org.mybatis.logging.Logger.warn(Logger.java:44)
No MyBatis mapper was found in '[com.zemel.*.mapping]' package. Please check your configuration.
2020-06-27 13:31:41,663|INFO |restartedMain|Caller+0	 at org.springframework.context.support.PostProcessorRegistrationDelegate$BeanPostProcessorChecker.postProcessAfterInitialization(PostProcessorRegistrationDelegate.java:330)
Bean 'org.springframework.transaction.annotation.ProxyTransactionManagementConfiguration' of type [org.springframework.transaction.annotation.ProxyTransactionManagementConfiguration] is not eligible for getting processed by all BeanPostProcessors (for example: not eligible for auto-proxying)
2020-06-27 13:31:42,161|INFO |restartedMain|Caller+0	 at org.springframework.boot.StartupInfoLogger.logStarting(StartupInfoLogger.java:55)
Starting ToolApplication on DESKTOP-3EKU3ND with PID 15692 (F:\code\Z01\server\z01\tool\target\classes started by 13265 in F:\code\Z01\server\z01)
2020-06-27 13:31:42,165|INFO |restartedMain|Caller+0	 at org.springframework.boot.SpringApplication.logStartupProfileInfo(SpringApplication.java:655)
The following profiles are active: common
2020-06-27 13:31:42,192|INFO |restartedMain|Caller+0	 at org.springframework.boot.web.embedded.tomcat.TomcatWebServer.initialize(TomcatWebServer.java:92)
Tomcat initialized with port(s): 8086 (http)
2020-06-27 13:31:42,204|INFO |restartedMain|Caller+0	 at org.apache.juli.logging.DirectJDKLog.log(DirectJDKLog.java:173)
Initializing ProtocolHandler ["http-nio-8086"]
2020-06-27 13:31:42,205|INFO |restartedMain|Caller+0	 at org.apache.juli.logging.DirectJDKLog.log(DirectJDKLog.java:173)
Starting service [Tomcat]
2020-06-27 13:31:42,205|INFO |restartedMain|Caller+0	 at org.apache.juli.logging.DirectJDKLog.log(DirectJDKLog.java:173)
Starting Servlet engine: [Apache Tomcat/9.0.29]
2020-06-27 13:31:42,211|INFO |restartedMain|Caller+0	 at org.springframework.boot.logging.DeferredLog.logTo(DeferredLog.java:225)
Devtools property defaults active! Set 'spring.devtools.add-properties' to 'false' to disable
2020-06-27 13:31:42,211|INFO |restartedMain|Caller+0	 at org.springframework.boot.logging.DeferredLog.logTo(DeferredLog.java:225)
For additional web related logging consider setting the 'logging.level.web' property to 'DEBUG'
2020-06-27 13:31:42,321|INFO |restartedMain|Caller+0	 at org.apache.juli.logging.DirectJDKLog.log(DirectJDKLog.java:173)
Initializing Spring embedded WebApplicationContext
2020-06-27 13:31:42,321|INFO |restartedMain|Caller+0	 at org.springframework.boot.web.servlet.context.ServletWebServerApplicationContext.prepareWebApplicationContext(ServletWebServerApplicationContext.java:284)
Root WebApplicationContext: initialization completed in 1997 ms
2020-06-27 13:31:42,487|INFO |restartedMain|Caller+0	 at com.alibaba.druid.spring.boot.autoconfigure.DruidDataSourceAutoConfigure.dataSource(DruidDataSourceAutoConfigure.java:56)
Init DruidDataSource
2020-06-27 13:31:42,670|INFO |restartedMain|Caller+0	 at com.alibaba.druid.pool.DruidDataSource.init(DruidDataSource.java:928)
{dataSource-1} inited
2020-06-27 13:31:42,695|ERROR|restartedMain|Caller+0	 at com.zemel.tool.generate.Dbgenerate.start(Dbgenerate.java:32)
===========autoCreateClass  start==============
2020-06-27 13:31:42,848|ERROR|restartedMain|Caller+0	 at com.zemel.tool.generate.AbstractDbConnectionHelp.getTableInfos(AbstractDbConnectionHelp.java:44)
core_player   tableName 
2020-06-27 13:31:42,866|ERROR|restartedMain|Caller+0	 at com.zemel.tool.generate.AbstractDbConnectionHelp.getTableInfos(AbstractDbConnectionHelp.java:44)
core_room   tableName 
2020-06-27 13:31:42,870|ERROR|restartedMain|Caller+0	 at com.zemel.tool.generate.AbstractDbConnectionHelp.getTableInfos(AbstractDbConnectionHelp.java:44)
core_server_cluster   tableName 
2020-06-27 13:31:42,873|ERROR|restartedMain|Caller+0	 at com.zemel.tool.generate.AbstractDbConnectionHelp.getTableInfos(AbstractDbConnectionHelp.java:44)
mall_admin_user   tableName 
2020-06-27 13:31:42,876|ERROR|restartedMain|Caller+0	 at com.zemel.tool.generate.AbstractDbConnectionHelp.getTableInfos(AbstractDbConnectionHelp.java:44)
mall_commodity   tableName 
2020-06-27 13:31:42,879|ERROR|restartedMain|Caller+0	 at com.zemel.tool.generate.AbstractDbConnectionHelp.getTableInfos(AbstractDbConnectionHelp.java:44)
mall_mall_after_sale   tableName 
2020-06-27 13:31:42,884|ERROR|restartedMain|Caller+0	 at com.zemel.tool.generate.AbstractDbConnectionHelp.getTableInfos(AbstractDbConnectionHelp.java:44)
mall_mall_config   tableName 
2020-06-27 13:31:42,889|ERROR|restartedMain|Caller+0	 at com.zemel.tool.generate.AbstractDbConnectionHelp.getTableInfos(AbstractDbConnectionHelp.java:44)
mall_mall_label   tableName 
2020-06-27 13:31:42,892|ERROR|restartedMain|Caller+0	 at com.zemel.tool.generate.AbstractDbConnectionHelp.getTableInfos(AbstractDbConnectionHelp.java:44)
mall_mall_user   tableName 
2020-06-27 13:31:42,897|ERROR|restartedMain|Caller+0	 at com.zemel.tool.generate.AbstractDbConnectionHelp.getTableInfos(AbstractDbConnectionHelp.java:44)
mall_product_order   tableName 
2020-06-27 13:31:42,904|ERROR|restartedMain|Caller+0	 at com.zemel.tool.generate.Dbgenerate.generateCode(Dbgenerate.java:58)
generate table PlayerInfo success
2020-06-27 13:31:42,904|INFO |restartedMain|Caller+0	 at org.springframework.data.repository.config.RepositoryConfigurationDelegate.multipleStoresDetected(RepositoryConfigurationDelegate.java:249)
Multiple Spring Data modules found, entering strict repository configuration mode!
2020-06-27 13:31:42,905|ERROR|restartedMain|Caller+0	 at com.zemel.tool.generate.Dbgenerate.generateCode(Dbgenerate.java:58)
generate table RoomInfo success
2020-06-27 13:31:42,906|ERROR|restartedMain|Caller+0	 at com.zemel.tool.generate.Dbgenerate.generateCode(Dbgenerate.java:58)
generate table ServerClusterInfo success
2020-06-27 13:31:42,906|ERROR|restartedMain|Caller+0	 at com.zemel.tool.generate.Dbgenerate.generateCode(Dbgenerate.java:58)
generate table AdminUserInfo success
2020-06-27 13:31:42,907|ERROR|restartedMain|Caller+0	 at com.zemel.tool.generate.Dbgenerate.generateCode(Dbgenerate.java:58)
generate table CommodityInfo success
2020-06-27 13:31:42,906|INFO |restartedMain|Caller+0	 at org.springframework.data.repository.config.RepositoryConfigurationDelegate.registerRepositoriesIn(RepositoryConfigurationDelegate.java:127)
Bootstrapping Spring Data Redis repositories in DEFAULT mode.
2020-06-27 13:31:42,908|ERROR|restartedMain|Caller+0	 at com.zemel.tool.generate.Dbgenerate.generateCode(Dbgenerate.java:58)
generate table MallAfterSaleInfo success
2020-06-27 13:31:42,909|ERROR|restartedMain|Caller+0	 at com.zemel.tool.generate.Dbgenerate.generateCode(Dbgenerate.java:58)
generate table MallConfigInfo success
2020-06-27 13:31:42,909|ERROR|restartedMain|Caller+0	 at com.zemel.tool.generate.Dbgenerate.generateCode(Dbgenerate.java:58)
generate table MallLabelInfo success
2020-06-27 13:31:42,910|ERROR|restartedMain|Caller+0	 at com.zemel.tool.generate.Dbgenerate.generateCode(Dbgenerate.java:58)
generate table MallUserInfo success
2020-06-27 13:31:42,910|ERROR|restartedMain|Caller+0	 at com.zemel.tool.generate.Dbgenerate.generateCode(Dbgenerate.java:58)
generate table ProductOrderInfo success
2020-06-27 13:31:42,910|ERROR|restartedMain|Caller+0	 at com.zemel.tool.generate.Dbgenerate.start(Dbgenerate.java:49)
===========autoCreateClass  end==============
2020-06-27 13:31:42,919|WARN |restartedMain|Caller+0	 at org.springframework.context.support.AbstractApplicationContext.refresh(AbstractApplicationContext.java:558)
Exception encountered during context initialization - cancelling refresh attempt: org.springframework.beans.factory.BeanCreationException: Error creating bean with name 'serverConfig': Injection of autowired dependencies failed; nested exception is java.lang.IllegalArgumentException: Could not resolve placeholder 'server.host' in value "${server.host}"
2020-06-27 13:31:42,936|INFO |restartedMain|Caller+0	 at org.springframework.data.repository.config.RepositoryConfigurationDelegate.registerRepositoriesIn(RepositoryConfigurationDelegate.java:187)
Finished Spring Data repository scanning in 15ms. Found 0 Redis repository interfaces.
2020-06-27 13:31:42,951|INFO |restartedMain|Caller+0	 at com.alibaba.druid.pool.DruidDataSource.close(DruidDataSource.java:1823)
{dataSource-1} closed
2020-06-27 13:31:42,954|INFO |restartedMain|Caller+0	 at org.apache.juli.logging.DirectJDKLog.log(DirectJDKLog.java:173)
Stopping service [Tomcat]
2020-06-27 13:31:42,966|INFO |restartedMain|Caller+0	 at org.springframework.boot.autoconfigure.logging.ConditionEvaluationReportLoggingListener.logMessage(ConditionEvaluationReportLoggingListener.java:136)


Error starting ApplicationContext. To display the conditions report re-run your application with 'debug' enabled.
2020-06-27 13:31:42,979|ERROR|restartedMain|Caller+0	 at org.springframework.boot.SpringApplication.reportFailure(SpringApplication.java:826)
Application run failed
org.springframework.beans.factory.BeanCreationException: Error creating bean with name 'serverConfig': Injection of autowired dependencies failed; nested exception is java.lang.IllegalArgumentException: Could not resolve placeholder 'server.host' in value "${server.host}"
	at org.springframework.beans.factory.annotation.AutowiredAnnotationBeanPostProcessor.postProcessProperties(AutowiredAnnotationBeanPostProcessor.java:405)
	at org.springframework.beans.factory.support.AbstractAutowireCapableBeanFactory.populateBean(AbstractAutowireCapableBeanFactory.java:1422)
	at org.springframework.beans.factory.support.AbstractAutowireCapableBeanFactory.doCreateBean(AbstractAutowireCapableBeanFactory.java:594)
	at org.springframework.beans.factory.support.AbstractAutowireCapableBeanFactory.createBean(AbstractAutowireCapableBeanFactory.java:517)
	at org.springframework.beans.factory.support.AbstractBeanFactory.lambda$doGetBean$0(AbstractBeanFactory.java:323)
	at org.springframework.beans.factory.support.DefaultSingletonBeanRegistry.getSingleton(DefaultSingletonBeanRegistry.java:222)
	at org.springframework.beans.factory.support.AbstractBeanFactory.doGetBean(AbstractBeanFactory.java:321)
	at org.springframework.beans.factory.support.AbstractBeanFactory.getBean(AbstractBeanFactory.java:202)
	at org.springframework.beans.factory.support.DefaultListableBeanFactory.preInstantiateSingletons(DefaultListableBeanFactory.java:879)
	at org.springframework.context.support.AbstractApplicationContext.finishBeanFactoryInitialization(AbstractApplicationContext.java:878)
	at org.springframework.context.support.AbstractApplicationContext.refresh(AbstractApplicationContext.java:550)
	at org.springframework.boot.web.servlet.context.ServletWebServerApplicationContext.refresh(ServletWebServerApplicationContext.java:141)
	at org.springframework.boot.SpringApplication.refresh(SpringApplication.java:747)
	at org.springframework.boot.SpringApplication.refreshContext(SpringApplication.java:397)
	at org.springframework.boot.SpringApplication.run(SpringApplication.java:315)
	at org.springframework.boot.SpringApplication.run(SpringApplication.java:1226)
	at org.springframework.boot.SpringApplication.run(SpringApplication.java:1215)
	at com.zemel.tool.ToolApplication.main(ToolApplication.java:16)
	at sun.reflect.NativeMethodAccessorImpl.invoke0(Native Method)
	at sun.reflect.NativeMethodAccessorImpl.invoke(NativeMethodAccessorImpl.java:62)
	at sun.reflect.DelegatingMethodAccessorImpl.invoke(DelegatingMethodAccessorImpl.java:43)
	at java.lang.reflect.Method.invoke(Method.java:498)
	at org.springframework.boot.devtools.restart.RestartLauncher.run(RestartLauncher.java:49)
Caused by: java.lang.IllegalArgumentException: Could not resolve placeholder 'server.host' in value "${server.host}"
	at org.springframework.util.PropertyPlaceholderHelper.parseStringValue(PropertyPlaceholderHelper.java:178)
	at org.springframework.util.PropertyPlaceholderHelper.replacePlaceholders(PropertyPlaceholderHelper.java:124)
	at org.springframework.core.env.AbstractPropertyResolver.doResolvePlaceholders(AbstractPropertyResolver.java:236)
	at org.springframework.core.env.AbstractPropertyResolver.resolveRequiredPlaceholders(AbstractPropertyResolver.java:210)
	at org.springframework.context.support.PropertySourcesPlaceholderConfigurer.lambda$processProperties$0(PropertySourcesPlaceholderConfigurer.java:175)
	at org.springframework.beans.factory.support.AbstractBeanFactory.resolveEmbeddedValue(AbstractBeanFactory.java:908)
	at org.springframework.beans.factory.support.DefaultListableBeanFactory.doResolveDependency(DefaultListableBeanFactory.java:1228)
	at org.springframework.beans.factory.support.DefaultListableBeanFactory.resolveDependency(DefaultListableBeanFactory.java:1207)
	at org.springframework.beans.factory.annotation.AutowiredAnnotationBeanPostProcessor$AutowiredFieldElement.inject(AutowiredAnnotationBeanPostProcessor.java:640)
	at org.springframework.beans.factory.annotation.InjectionMetadata.inject(InjectionMetadata.java:116)
	at org.springframework.beans.factory.annotation.AutowiredAnnotationBeanPostProcessor.postProcessProperties(AutowiredAnnotationBeanPostProcessor.java:399)
	... 22 common frames omitted
2020-06-27 13:31:43,070|WARN |restartedMain|Caller+0	 at org.mybatis.logging.Logger.warn(Logger.java:44)
No MyBatis mapper was found in '[com.zemel.*.mapping]' package. Please check your configuration.
2020-06-27 13:31:43,267|INFO |restartedMain|Caller+0	 at org.springframework.context.support.PostProcessorRegistrationDelegate$BeanPostProcessorChecker.postProcessAfterInitialization(PostProcessorRegistrationDelegate.java:330)
Bean 'org.springframework.transaction.annotation.ProxyTransactionManagementConfiguration' of type [org.springframework.transaction.annotation.ProxyTransactionManagementConfiguration] is not eligible for getting processed by all BeanPostProcessors (for example: not eligible for auto-proxying)
2020-06-27 13:31:43,531|INFO |restartedMain|Caller+0	 at org.springframework.boot.web.embedded.tomcat.TomcatWebServer.initialize(TomcatWebServer.java:92)
Tomcat initialized with port(s): 8086 (http)
2020-06-27 13:31:43,577|INFO |restartedMain|Caller+0	 at org.apache.juli.logging.DirectJDKLog.log(DirectJDKLog.java:173)
Initializing ProtocolHandler ["http-nio-8086"]
2020-06-27 13:31:43,578|INFO |restartedMain|Caller+0	 at org.apache.juli.logging.DirectJDKLog.log(DirectJDKLog.java:173)
Starting service [Tomcat]
2020-06-27 13:31:43,578|INFO |restartedMain|Caller+0	 at org.apache.juli.logging.DirectJDKLog.log(DirectJDKLog.java:173)
Starting Servlet engine: [Apache Tomcat/9.0.29]
2020-06-27 13:31:43,662|INFO |restartedMain|Caller+0	 at org.apache.juli.logging.DirectJDKLog.log(DirectJDKLog.java:173)
Initializing Spring embedded WebApplicationContext
2020-06-27 13:31:43,662|INFO |restartedMain|Caller+0	 at org.springframework.boot.web.servlet.context.ServletWebServerApplicationContext.prepareWebApplicationContext(ServletWebServerApplicationContext.java:284)
Root WebApplicationContext: initialization completed in 1451 ms
2020-06-27 13:31:43,743|INFO |restartedMain|Caller+0	 at com.alibaba.druid.spring.boot.autoconfigure.DruidDataSourceAutoConfigure.dataSource(DruidDataSourceAutoConfigure.java:56)
Init DruidDataSource
2020-06-27 13:31:43,849|INFO |restartedMain|Caller+0	 at com.alibaba.druid.pool.DruidDataSource.init(DruidDataSource.java:928)
{dataSource-1} inited
2020-06-27 13:31:43,856|ERROR|restartedMain|Caller+0	 at com.zemel.tool.generate.Dbgenerate.start(Dbgenerate.java:32)
===========autoCreateClass  start==============
2020-06-27 13:31:43,949|ERROR|restartedMain|Caller+0	 at com.zemel.tool.generate.AbstractDbConnectionHelp.getTableInfos(AbstractDbConnectionHelp.java:44)
core_player   tableName 
2020-06-27 13:31:43,961|ERROR|restartedMain|Caller+0	 at com.zemel.tool.generate.AbstractDbConnectionHelp.getTableInfos(AbstractDbConnectionHelp.java:44)
core_room   tableName 
2020-06-27 13:31:43,964|ERROR|restartedMain|Caller+0	 at com.zemel.tool.generate.AbstractDbConnectionHelp.getTableInfos(AbstractDbConnectionHelp.java:44)
core_server_cluster   tableName 
2020-06-27 13:31:43,967|ERROR|restartedMain|Caller+0	 at com.zemel.tool.generate.AbstractDbConnectionHelp.getTableInfos(AbstractDbConnectionHelp.java:44)
mall_admin_user   tableName 
2020-06-27 13:31:43,969|ERROR|restartedMain|Caller+0	 at com.zemel.tool.generate.AbstractDbConnectionHelp.getTableInfos(AbstractDbConnectionHelp.java:44)
mall_commodity   tableName 
2020-06-27 13:31:43,972|ERROR|restartedMain|Caller+0	 at com.zemel.tool.generate.AbstractDbConnectionHelp.getTableInfos(AbstractDbConnectionHelp.java:44)
mall_mall_after_sale   tableName 
2020-06-27 13:31:43,974|ERROR|restartedMain|Caller+0	 at com.zemel.tool.generate.AbstractDbConnectionHelp.getTableInfos(AbstractDbConnectionHelp.java:44)
mall_mall_config   tableName 
2020-06-27 13:31:43,976|ERROR|restartedMain|Caller+0	 at com.zemel.tool.generate.AbstractDbConnectionHelp.getTableInfos(AbstractDbConnectionHelp.java:44)
mall_mall_label   tableName 
2020-06-27 13:31:43,979|ERROR|restartedMain|Caller+0	 at com.zemel.tool.generate.AbstractDbConnectionHelp.getTableInfos(AbstractDbConnectionHelp.java:44)
mall_mall_user   tableName 
2020-06-27 13:31:43,981|ERROR|restartedMain|Caller+0	 at com.zemel.tool.generate.AbstractDbConnectionHelp.getTableInfos(AbstractDbConnectionHelp.java:44)
mall_product_order   tableName 
2020-06-27 13:31:43,985|ERROR|restartedMain|Caller+0	 at com.zemel.tool.generate.Dbgenerate.generateCode(Dbgenerate.java:58)
generate table PlayerInfo success
2020-06-27 13:31:43,986|ERROR|restartedMain|Caller+0	 at com.zemel.tool.generate.Dbgenerate.generateCode(Dbgenerate.java:58)
generate table RoomInfo success
2020-06-27 13:31:43,986|ERROR|restartedMain|Caller+0	 at com.zemel.tool.generate.Dbgenerate.generateCode(Dbgenerate.java:58)
generate table ServerClusterInfo success
2020-06-27 13:31:43,986|ERROR|restartedMain|Caller+0	 at com.zemel.tool.generate.Dbgenerate.generateCode(Dbgenerate.java:58)
generate table AdminUserInfo success
2020-06-27 13:31:43,987|ERROR|restartedMain|Caller+0	 at com.zemel.tool.generate.Dbgenerate.generateCode(Dbgenerate.java:58)
generate table CommodityInfo success
2020-06-27 13:31:43,987|ERROR|restartedMain|Caller+0	 at com.zemel.tool.generate.Dbgenerate.generateCode(Dbgenerate.java:58)
generate table MallAfterSaleInfo success
2020-06-27 13:31:43,987|ERROR|restartedMain|Caller+0	 at com.zemel.tool.generate.Dbgenerate.generateCode(Dbgenerate.java:58)
generate table MallConfigInfo success
2020-06-27 13:31:43,988|ERROR|restartedMain|Caller+0	 at com.zemel.tool.generate.Dbgenerate.generateCode(Dbgenerate.java:58)
generate table MallLabelInfo success
2020-06-27 13:31:43,988|ERROR|restartedMain|Caller+0	 at com.zemel.tool.generate.Dbgenerate.generateCode(Dbgenerate.java:58)
generate table MallUserInfo success
2020-06-27 13:31:43,989|ERROR|restartedMain|Caller+0	 at com.zemel.tool.generate.Dbgenerate.generateCode(Dbgenerate.java:58)
generate table ProductOrderInfo success
2020-06-27 13:31:43,989|ERROR|restartedMain|Caller+0	 at com.zemel.tool.generate.Dbgenerate.start(Dbgenerate.java:49)
===========autoCreateClass  end==============
2020-06-27 13:31:43,994|WARN |restartedMain|Caller+0	 at org.springframework.context.support.AbstractApplicationContext.refresh(AbstractApplicationContext.java:558)
Exception encountered during context initialization - cancelling refresh attempt: org.springframework.beans.factory.BeanCreationException: Error creating bean with name 'serverConfig': Injection of autowired dependencies failed; nested exception is java.lang.IllegalArgumentException: Could not resolve placeholder 'server.host' in value "${server.host}"
2020-06-27 13:31:43,997|INFO |restartedMain|Caller+0	 at com.alibaba.druid.pool.DruidDataSource.close(DruidDataSource.java:1823)
{dataSource-1} closed
2020-06-27 13:31:44,000|INFO |restartedMain|Caller+0	 at org.apache.juli.logging.DirectJDKLog.log(DirectJDKLog.java:173)
Stopping service [Tomcat]
2020-06-27 13:31:44,008|INFO |restartedMain|Caller+0	 at org.springframework.boot.autoconfigure.logging.ConditionEvaluationReportLoggingListener.logMessage(ConditionEvaluationReportLoggingListener.java:136)


Error starting ApplicationContext. To display the conditions report re-run your application with 'debug' enabled.
2020-06-27 13:31:44,017|ERROR|restartedMain|Caller+0	 at org.springframework.boot.SpringApplication.reportFailure(SpringApplication.java:826)
Application run failed
org.springframework.beans.factory.BeanCreationException: Error creating bean with name 'serverConfig': Injection of autowired dependencies failed; nested exception is java.lang.IllegalArgumentException: Could not resolve placeholder 'server.host' in value "${server.host}"
	at org.springframework.beans.factory.annotation.AutowiredAnnotationBeanPostProcessor.postProcessProperties(AutowiredAnnotationBeanPostProcessor.java:405)
	at org.springframework.beans.factory.support.AbstractAutowireCapableBeanFactory.populateBean(AbstractAutowireCapableBeanFactory.java:1422)
	at org.springframework.beans.factory.support.AbstractAutowireCapableBeanFactory.doCreateBean(AbstractAutowireCapableBeanFactory.java:594)
	at org.springframework.beans.factory.support.AbstractAutowireCapableBeanFactory.createBean(AbstractAutowireCapableBeanFactory.java:517)
	at org.springframework.beans.factory.support.AbstractBeanFactory.lambda$doGetBean$0(AbstractBeanFactory.java:323)
	at org.springframework.beans.factory.support.DefaultSingletonBeanRegistry.getSingleton(DefaultSingletonBeanRegistry.java:222)
	at org.springframework.beans.factory.support.AbstractBeanFactory.doGetBean(AbstractBeanFactory.java:321)
	at org.springframework.beans.factory.support.AbstractBeanFactory.getBean(AbstractBeanFactory.java:202)
	at org.springframework.beans.factory.support.DefaultListableBeanFactory.preInstantiateSingletons(DefaultListableBeanFactory.java:879)
	at org.springframework.context.support.AbstractApplicationContext.finishBeanFactoryInitialization(AbstractApplicationContext.java:878)
	at org.springframework.context.support.AbstractApplicationContext.refresh(AbstractApplicationContext.java:550)
	at org.springframework.boot.web.servlet.context.ServletWebServerApplicationContext.refresh(ServletWebServerApplicationContext.java:141)
	at org.springframework.boot.SpringApplication.refresh(SpringApplication.java:747)
	at org.springframework.boot.SpringApplication.refreshContext(SpringApplication.java:397)
	at org.springframework.boot.SpringApplication.run(SpringApplication.java:315)
	at org.springframework.boot.SpringApplication.run(SpringApplication.java:1226)
	at org.springframework.boot.SpringApplication.run(SpringApplication.java:1215)
	at com.zemel.tool.ToolApplication.main(ToolApplication.java:16)
	at sun.reflect.NativeMethodAccessorImpl.invoke0(Native Method)
	at sun.reflect.NativeMethodAccessorImpl.invoke(NativeMethodAccessorImpl.java:62)
	at sun.reflect.DelegatingMethodAccessorImpl.invoke(DelegatingMethodAccessorImpl.java:43)
	at java.lang.reflect.Method.invoke(Method.java:498)
	at org.springframework.boot.devtools.restart.RestartLauncher.run(RestartLauncher.java:49)
Caused by: java.lang.IllegalArgumentException: Could not resolve placeholder 'server.host' in value "${server.host}"
	at org.springframework.util.PropertyPlaceholderHelper.parseStringValue(PropertyPlaceholderHelper.java:178)
	at org.springframework.util.PropertyPlaceholderHelper.replacePlaceholders(PropertyPlaceholderHelper.java:124)
	at org.springframework.core.env.AbstractPropertyResolver.doResolvePlaceholders(AbstractPropertyResolver.java:236)
	at org.springframework.core.env.AbstractPropertyResolver.resolveRequiredPlaceholders(AbstractPropertyResolver.java:210)
	at org.springframework.context.support.PropertySourcesPlaceholderConfigurer.lambda$processProperties$0(PropertySourcesPlaceholderConfigurer.java:175)
	at org.springframework.beans.factory.support.AbstractBeanFactory.resolveEmbeddedValue(AbstractBeanFactory.java:908)
	at org.springframework.beans.factory.support.DefaultListableBeanFactory.doResolveDependency(DefaultListableBeanFactory.java:1228)
	at org.springframework.beans.factory.support.DefaultListableBeanFactory.resolveDependency(DefaultListableBeanFactory.java:1207)
	at org.springframework.beans.factory.annotation.AutowiredAnnotationBeanPostProcessor$AutowiredFieldElement.inject(AutowiredAnnotationBeanPostProcessor.java:640)
	at org.springframework.beans.factory.annotation.InjectionMetadata.inject(InjectionMetadata.java:116)
	at org.springframework.beans.factory.annotation.AutowiredAnnotationBeanPostProcessor.postProcessProperties(AutowiredAnnotationBeanPostProcessor.java:399)
	... 22 common frames omitted
2020-06-27 13:32:41,414|INFO |restartedMain|Caller+0	 at org.springframework.boot.StartupInfoLogger.logStarting(StartupInfoLogger.java:55)
Starting ToolApplication on DESKTOP-3EKU3ND with PID 17900 (F:\code\Z01\server\z01\tool\target\classes started by 13265 in F:\code\Z01\server\z01)
2020-06-27 13:32:41,418|INFO |restartedMain|Caller+0	 at org.springframework.boot.SpringApplication.logStartupProfileInfo(SpringApplication.java:655)
The following profiles are active: common
2020-06-27 13:32:41,462|INFO |restartedMain|Caller+0	 at org.springframework.boot.logging.DeferredLog.logTo(DeferredLog.java:225)
Devtools property defaults active! Set 'spring.devtools.add-properties' to 'false' to disable
2020-06-27 13:32:41,463|INFO |restartedMain|Caller+0	 at org.springframework.boot.logging.DeferredLog.logTo(DeferredLog.java:225)
For additional web related logging consider setting the 'logging.level.web' property to 'DEBUG'
2020-06-27 13:32:42,084|INFO |restartedMain|Caller+0	 at org.springframework.data.repository.config.RepositoryConfigurationDelegate.multipleStoresDetected(RepositoryConfigurationDelegate.java:249)
Multiple Spring Data modules found, entering strict repository configuration mode!
2020-06-27 13:32:42,086|INFO |restartedMain|Caller+0	 at org.springframework.data.repository.config.RepositoryConfigurationDelegate.registerRepositoriesIn(RepositoryConfigurationDelegate.java:127)
Bootstrapping Spring Data Redis repositories in DEFAULT mode.
2020-06-27 13:32:42,109|INFO |restartedMain|Caller+0	 at org.springframework.data.repository.config.RepositoryConfigurationDelegate.registerRepositoriesIn(RepositoryConfigurationDelegate.java:187)
Finished Spring Data repository scanning in 11ms. Found 0 Redis repository interfaces.
2020-06-27 13:32:42,232|WARN |restartedMain|Caller+0	 at org.mybatis.logging.Logger.warn(Logger.java:44)
No MyBatis mapper was found in '[com.zemel.*.mapping]' package. Please check your configuration.
2020-06-27 13:32:42,396|INFO |restartedMain|Caller+0	 at org.springframework.context.support.PostProcessorRegistrationDelegate$BeanPostProcessorChecker.postProcessAfterInitialization(PostProcessorRegistrationDelegate.java:330)
Bean 'org.springframework.transaction.annotation.ProxyTransactionManagementConfiguration' of type [org.springframework.transaction.annotation.ProxyTransactionManagementConfiguration] is not eligible for getting processed by all BeanPostProcessors (for example: not eligible for auto-proxying)
2020-06-27 13:32:42,681|INFO |restartedMain|Caller+0	 at org.springframework.boot.web.embedded.tomcat.TomcatWebServer.initialize(TomcatWebServer.java:92)
Tomcat initialized with port(s): 8086 (http)
2020-06-27 13:32:42,720|INFO |restartedMain|Caller+0	 at org.apache.juli.logging.DirectJDKLog.log(DirectJDKLog.java:173)
Initializing ProtocolHandler ["http-nio-8086"]
2020-06-27 13:32:42,721|INFO |restartedMain|Caller+0	 at org.apache.juli.logging.DirectJDKLog.log(DirectJDKLog.java:173)
Starting service [Tomcat]
2020-06-27 13:32:42,721|INFO |restartedMain|Caller+0	 at org.apache.juli.logging.DirectJDKLog.log(DirectJDKLog.java:173)
Starting Servlet engine: [Apache Tomcat/9.0.29]
2020-06-27 13:32:42,790|INFO |restartedMain|Caller+0	 at org.apache.juli.logging.DirectJDKLog.log(DirectJDKLog.java:173)
Initializing Spring embedded WebApplicationContext
2020-06-27 13:32:42,791|INFO |restartedMain|Caller+0	 at org.springframework.boot.web.servlet.context.ServletWebServerApplicationContext.prepareWebApplicationContext(ServletWebServerApplicationContext.java:284)
Root WebApplicationContext: initialization completed in 1328 ms
2020-06-27 13:32:42,862|INFO |restartedMain|Caller+0	 at com.alibaba.druid.spring.boot.autoconfigure.DruidDataSourceAutoConfigure.dataSource(DruidDataSourceAutoConfigure.java:56)
Init DruidDataSource
2020-06-27 13:32:42,965|INFO |restartedMain|Caller+0	 at com.alibaba.druid.pool.DruidDataSource.init(DruidDataSource.java:928)
{dataSource-1} inited
2020-06-27 13:32:42,974|ERROR|restartedMain|Caller+0	 at com.zemel.tool.generate.Dbgenerate.start(Dbgenerate.java:32)
===========autoCreateClass  start==============
2020-06-27 13:32:43,067|ERROR|restartedMain|Caller+0	 at com.zemel.tool.generate.AbstractDbConnectionHelp.getTableInfos(AbstractDbConnectionHelp.java:44)
core_player   tableName 
2020-06-27 13:32:43,079|ERROR|restartedMain|Caller+0	 at com.zemel.tool.generate.AbstractDbConnectionHelp.getTableInfos(AbstractDbConnectionHelp.java:44)
core_room   tableName 
2020-06-27 13:32:43,081|ERROR|restartedMain|Caller+0	 at com.zemel.tool.generate.AbstractDbConnectionHelp.getTableInfos(AbstractDbConnectionHelp.java:44)
core_server_cluster   tableName 
2020-06-27 13:32:43,084|ERROR|restartedMain|Caller+0	 at com.zemel.tool.generate.AbstractDbConnectionHelp.getTableInfos(AbstractDbConnectionHelp.java:44)
mall_admin_user   tableName 
2020-06-27 13:32:43,086|ERROR|restartedMain|Caller+0	 at com.zemel.tool.generate.AbstractDbConnectionHelp.getTableInfos(AbstractDbConnectionHelp.java:44)
mall_commodity   tableName 
2020-06-27 13:32:43,089|ERROR|restartedMain|Caller+0	 at com.zemel.tool.generate.AbstractDbConnectionHelp.getTableInfos(AbstractDbConnectionHelp.java:44)
mall_mall_after_sale   tableName 
2020-06-27 13:32:43,091|ERROR|restartedMain|Caller+0	 at com.zemel.tool.generate.AbstractDbConnectionHelp.getTableInfos(AbstractDbConnectionHelp.java:44)
mall_mall_config   tableName 
2020-06-27 13:32:43,094|ERROR|restartedMain|Caller+0	 at com.zemel.tool.generate.AbstractDbConnectionHelp.getTableInfos(AbstractDbConnectionHelp.java:44)
mall_mall_label   tableName 
2020-06-27 13:32:43,096|ERROR|restartedMain|Caller+0	 at com.zemel.tool.generate.AbstractDbConnectionHelp.getTableInfos(AbstractDbConnectionHelp.java:44)
mall_mall_user   tableName 
2020-06-27 13:32:43,098|ERROR|restartedMain|Caller+0	 at com.zemel.tool.generate.AbstractDbConnectionHelp.getTableInfos(AbstractDbConnectionHelp.java:44)
mall_product_order   tableName 
2020-06-27 13:32:43,103|ERROR|restartedMain|Caller+0	 at com.zemel.tool.generate.Dbgenerate.generateCode(Dbgenerate.java:58)
generate table PlayerInfo success
2020-06-27 13:32:43,103|ERROR|restartedMain|Caller+0	 at com.zemel.tool.generate.Dbgenerate.generateCode(Dbgenerate.java:58)
generate table RoomInfo success
2020-06-27 13:32:43,103|ERROR|restartedMain|Caller+0	 at com.zemel.tool.generate.Dbgenerate.generateCode(Dbgenerate.java:58)
generate table ServerClusterInfo success
2020-06-27 13:32:43,104|ERROR|restartedMain|Caller+0	 at com.zemel.tool.generate.Dbgenerate.generateCode(Dbgenerate.java:58)
generate table AdminUserInfo success
2020-06-27 13:32:43,104|ERROR|restartedMain|Caller+0	 at com.zemel.tool.generate.Dbgenerate.generateCode(Dbgenerate.java:58)
generate table CommodityInfo success
2020-06-27 13:32:43,104|ERROR|restartedMain|Caller+0	 at com.zemel.tool.generate.Dbgenerate.generateCode(Dbgenerate.java:58)
generate table MallAfterSaleInfo success
2020-06-27 13:32:43,105|ERROR|restartedMain|Caller+0	 at com.zemel.tool.generate.Dbgenerate.generateCode(Dbgenerate.java:58)
generate table MallConfigInfo success
2020-06-27 13:32:43,105|ERROR|restartedMain|Caller+0	 at com.zemel.tool.generate.Dbgenerate.generateCode(Dbgenerate.java:58)
generate table MallLabelInfo success
2020-06-27 13:32:43,105|ERROR|restartedMain|Caller+0	 at com.zemel.tool.generate.Dbgenerate.generateCode(Dbgenerate.java:58)
generate table MallUserInfo success
2020-06-27 13:32:43,106|ERROR|restartedMain|Caller+0	 at com.zemel.tool.generate.Dbgenerate.generateCode(Dbgenerate.java:58)
generate table ProductOrderInfo success
2020-06-27 13:32:43,106|ERROR|restartedMain|Caller+0	 at com.zemel.tool.generate.Dbgenerate.start(Dbgenerate.java:49)
===========autoCreateClass  end==============
2020-06-27 13:32:43,148|INFO |restartedMain|Caller+0	 at org.springframework.cache.ehcache.EhCacheManagerFactoryBean.afterPropertiesSet(EhCacheManagerFactoryBean.java:134)
Initializing EhCache CacheManager
2020-06-27 13:32:43,330|INFO |restartedMain|Caller+0	 at org.springframework.scheduling.concurrent.ExecutorConfigurationSupport.initialize(ExecutorConfigurationSupport.java:171)
Initializing ExecutorService 'applicationTaskExecutor'
2020-06-27 13:32:43,394|INFO |restartedMain|Caller+0	 at org.springframework.boot.autoconfigure.web.servlet.WelcomePageHandlerMapping.<init>(WelcomePageHandlerMapping.java:54)
Adding welcome page: class path resource [static/index.html]
2020-06-27 13:32:43,983|INFO |restartedMain|Caller+0	 at org.quartz.impl.StdSchedulerFactory.instantiate(StdSchedulerFactory.java:1220)
Using default implementation for ThreadExecutor
2020-06-27 13:32:43,985|INFO |restartedMain|Caller+0	 at org.quartz.simpl.SimpleThreadPool.initialize(SimpleThreadPool.java:268)
Job execution threads will use class loader of thread: restartedMain
2020-06-27 13:32:43,992|INFO |restartedMain|Caller+0	 at org.quartz.core.SchedulerSignalerImpl.<init>(SchedulerSignalerImpl.java:61)
Initialized Scheduler Signaller of type: class org.quartz.core.SchedulerSignalerImpl
2020-06-27 13:32:43,992|INFO |restartedMain|Caller+0	 at org.quartz.core.QuartzScheduler.<init>(QuartzScheduler.java:229)
Quartz Scheduler v.2.3.2 created.
2020-06-27 13:32:43,993|INFO |restartedMain|Caller+0	 at org.quartz.simpl.RAMJobStore.initialize(RAMJobStore.java:155)
RAMJobStore initialized.
2020-06-27 13:32:43,994|INFO |restartedMain|Caller+0	 at org.quartz.core.QuartzScheduler.initialize(QuartzScheduler.java:294)
Scheduler meta-data: Quartz Scheduler (v2.3.2) 'quartzScheduler' with instanceId 'NON_CLUSTERED'
  Scheduler class: 'org.quartz.core.QuartzScheduler' - running locally.
  NOT STARTED.
  Currently in standby mode.
  Number of jobs executed: 0
  Using thread pool 'org.quartz.simpl.SimpleThreadPool' - with 4 threads.
  Using job-store 'org.quartz.simpl.RAMJobStore' - which does not support persistence. and is not clustered.

2020-06-27 13:32:43,994|INFO |restartedMain|Caller+0	 at org.quartz.impl.StdSchedulerFactory.instantiate(StdSchedulerFactory.java:1374)
Quartz scheduler 'quartzScheduler' initialized from an externally provided properties instance.
2020-06-27 13:32:43,994|INFO |restartedMain|Caller+0	 at org.quartz.impl.StdSchedulerFactory.instantiate(StdSchedulerFactory.java:1378)
Quartz scheduler version: 2.3.2
2020-06-27 13:32:43,994|INFO |restartedMain|Caller+0	 at org.quartz.core.QuartzScheduler.setJobFactory(QuartzScheduler.java:2293)
JobFactory set to: org.springframework.scheduling.quartz.SpringBeanJobFactory@6fafe128
2020-06-27 13:32:44,029|INFO |restartedMain|Caller+0	 at org.springframework.boot.devtools.autoconfigure.OptionalLiveReloadServer.startServer(OptionalLiveReloadServer.java:58)
LiveReload server is running on port 35729
2020-06-27 13:32:44,093|INFO |restartedMain|Caller+0	 at org.springframework.scheduling.quartz.SchedulerFactoryBean.startScheduler(SchedulerFactoryBean.java:727)
Starting Quartz Scheduler now
2020-06-27 13:32:44,093|INFO |restartedMain|Caller+0	 at org.quartz.core.QuartzScheduler.start(QuartzScheduler.java:547)
Scheduler quartzScheduler_$_NON_CLUSTERED started.
2020-06-27 13:32:44,099|INFO |restartedMain|Caller+0	 at org.apache.juli.logging.DirectJDKLog.log(DirectJDKLog.java:173)
Starting ProtocolHandler ["http-nio-8086"]
2020-06-27 13:32:44,117|INFO |restartedMain|Caller+0	 at org.springframework.boot.web.embedded.tomcat.TomcatWebServer.start(TomcatWebServer.java:204)
Tomcat started on port(s): 8086 (http) with context path ''
2020-06-27 13:32:44,119|INFO |restartedMain|Caller+0	 at org.springframework.boot.StartupInfoLogger.logStarted(StartupInfoLogger.java:61)
Started ToolApplication in 3.223 seconds (JVM running for 3.838)
2020-06-27 13:32:48,884|INFO |SpringContextShutdownHook|Caller+0	 at org.quartz.core.QuartzScheduler.standby(QuartzScheduler.java:585)
Scheduler quartzScheduler_$_NON_CLUSTERED paused.
2020-06-27 13:32:48,886|INFO |SpringContextShutdownHook|Caller+0	 at org.springframework.scheduling.quartz.SchedulerFactoryBean.destroy(SchedulerFactoryBean.java:845)
Shutting down Quartz Scheduler
2020-06-27 13:32:48,887|INFO |SpringContextShutdownHook|Caller+0	 at org.quartz.core.QuartzScheduler.shutdown(QuartzScheduler.java:666)
Scheduler quartzScheduler_$_NON_CLUSTERED shutting down.
2020-06-27 13:32:48,887|INFO |SpringContextShutdownHook|Caller+0	 at org.quartz.core.QuartzScheduler.standby(QuartzScheduler.java:585)
Scheduler quartzScheduler_$_NON_CLUSTERED paused.
2020-06-27 13:32:48,887|INFO |SpringContextShutdownHook|Caller+0	 at org.quartz.core.QuartzScheduler.shutdown(QuartzScheduler.java:740)
Scheduler quartzScheduler_$_NON_CLUSTERED shutdown complete.
2020-06-27 13:32:48,904|INFO |SpringContextShutdownHook|Caller+0	 at org.springframework.scheduling.concurrent.ExecutorConfigurationSupport.shutdown(ExecutorConfigurationSupport.java:208)
Shutting down ExecutorService 'applicationTaskExecutor'
2020-06-27 13:32:48,904|INFO |SpringContextShutdownHook|Caller+0	 at org.springframework.cache.ehcache.EhCacheManagerFactoryBean.destroy(EhCacheManagerFactoryBean.java:192)
Shutting down EhCache CacheManager
2020-06-27 13:32:48,908|INFO |SpringContextShutdownHook|Caller+0	 at com.alibaba.druid.pool.DruidDataSource.close(DruidDataSource.java:1823)
{dataSource-1} closed
