2020-04-06 15:34:24,215|INFO |restartedMain|Caller+0	 at org.springframework.boot.StartupInfoLogger.logStarting(StartupInfoLogger.java:55)
Starting ToolApplication on DESKTOP-3EKU3ND with PID 1308 (F:\code\Z01\server\z01\tool\target\classes started by 13265 in F:\code\Z01\server\z01)
2020-04-06 15:34:24,218|INFO |restartedMain|Caller+0	 at org.springframework.boot.SpringApplication.logStartupProfileInfo(SpringApplication.java:655)
The following profiles are active: common
2020-04-06 15:34:24,268|INFO |restartedMain|Caller+0	 at org.springframework.boot.logging.DeferredLog.logTo(DeferredLog.java:225)
Devtools property defaults active! Set 'spring.devtools.add-properties' to 'false' to disable
2020-04-06 15:34:24,269|INFO |restartedMain|Caller+0	 at org.springframework.boot.logging.DeferredLog.logTo(DeferredLog.java:225)
For additional web related logging consider setting the 'logging.level.web' property to 'DEBUG'
2020-04-06 15:34:24,857|INFO |restartedMain|Caller+0	 at org.springframework.data.repository.config.RepositoryConfigurationDelegate.multipleStoresDetected(RepositoryConfigurationDelegate.java:249)
Multiple Spring Data modules found, entering strict repository configuration mode!
2020-04-06 15:34:24,859|INFO |restartedMain|Caller+0	 at org.springframework.data.repository.config.RepositoryConfigurationDelegate.registerRepositoriesIn(RepositoryConfigurationDelegate.java:127)
Bootstrapping Spring Data Redis repositories in DEFAULT mode.
2020-04-06 15:34:24,883|INFO |restartedMain|Caller+0	 at org.springframework.data.repository.config.RepositoryConfigurationDelegate.registerRepositoriesIn(RepositoryConfigurationDelegate.java:187)
Finished Spring Data repository scanning in 11ms. Found 0 Redis repository interfaces.
2020-04-06 15:34:25,001|WARN |restartedMain|Caller+0	 at org.mybatis.logging.Logger.warn(Logger.java:44)
No MyBatis mapper was found in '[com.zemel.*.mapping]' package. Please check your configuration.
2020-04-06 15:34:25,151|INFO |restartedMain|Caller+0	 at org.springframework.context.support.PostProcessorRegistrationDelegate$BeanPostProcessorChecker.postProcessAfterInitialization(PostProcessorRegistrationDelegate.java:330)
Bean 'org.springframework.transaction.annotation.ProxyTransactionManagementConfiguration' of type [org.springframework.transaction.annotation.ProxyTransactionManagementConfiguration] is not eligible for getting processed by all BeanPostProcessors (for example: not eligible for auto-proxying)
2020-04-06 15:34:25,400|INFO |restartedMain|Caller+0	 at org.springframework.boot.web.embedded.tomcat.TomcatWebServer.initialize(TomcatWebServer.java:92)
Tomcat initialized with port(s): 8086 (http)
2020-04-06 15:34:25,408|INFO |restartedMain|Caller+0	 at org.apache.juli.logging.DirectJDKLog.log(DirectJDKLog.java:173)
Initializing ProtocolHandler ["http-nio-8086"]
2020-04-06 15:34:25,408|INFO |restartedMain|Caller+0	 at org.apache.juli.logging.DirectJDKLog.log(DirectJDKLog.java:173)
Starting service [Tomcat]
2020-04-06 15:34:25,408|INFO |restartedMain|Caller+0	 at org.apache.juli.logging.DirectJDKLog.log(DirectJDKLog.java:173)
Starting Servlet engine: [Apache Tomcat/9.0.29]
2020-04-06 15:34:25,493|INFO |restartedMain|Caller+0	 at org.apache.juli.logging.DirectJDKLog.log(DirectJDKLog.java:173)
Initializing Spring embedded WebApplicationContext
2020-04-06 15:34:25,493|INFO |restartedMain|Caller+0	 at org.springframework.boot.web.servlet.context.ServletWebServerApplicationContext.prepareWebApplicationContext(ServletWebServerApplicationContext.java:284)
Root WebApplicationContext: initialization completed in 1224 ms
2020-04-06 15:34:25,634|INFO |restartedMain|Caller+0	 at com.alibaba.druid.spring.boot.autoconfigure.DruidDataSourceAutoConfigure.dataSource(DruidDataSourceAutoConfigure.java:56)
Init DruidDataSource
2020-04-06 15:34:25,747|INFO |restartedMain|Caller+0	 at com.alibaba.druid.pool.DruidDataSource.init(DruidDataSource.java:928)
{dataSource-1} inited
2020-04-06 15:34:25,755|ERROR|restartedMain|Caller+0	 at com.zemel.tool.generate.Dbgenerate.start(Dbgenerate.java:32)
===========autoCreateClass  start==============
2020-04-06 15:34:25,879|ERROR|restartedMain|Caller+0	 at com.zemel.tool.generate.AbstractDbConnectionHelp.getTableInfos(AbstractDbConnectionHelp.java:44)
core_player   tableName 
2020-04-06 15:34:25,892|ERROR|restartedMain|Caller+0	 at com.zemel.tool.generate.AbstractDbConnectionHelp.getTableInfos(AbstractDbConnectionHelp.java:44)
core_room   tableName 
2020-04-06 15:34:25,894|ERROR|restartedMain|Caller+0	 at com.zemel.tool.generate.AbstractDbConnectionHelp.getTableInfos(AbstractDbConnectionHelp.java:44)
core_server_cluster   tableName 
2020-04-06 15:34:25,897|ERROR|restartedMain|Caller+0	 at com.zemel.tool.generate.AbstractDbConnectionHelp.getTableInfos(AbstractDbConnectionHelp.java:44)
mall_admin_user   tableName 
2020-04-06 15:34:25,900|ERROR|restartedMain|Caller+0	 at com.zemel.tool.generate.AbstractDbConnectionHelp.getTableInfos(AbstractDbConnectionHelp.java:44)
mall_commodity   tableName 
2020-04-06 15:34:25,902|ERROR|restartedMain|Caller+0	 at com.zemel.tool.generate.AbstractDbConnectionHelp.getTableInfos(AbstractDbConnectionHelp.java:44)
mall_mall_label   tableName 
2020-04-06 15:34:25,904|ERROR|restartedMain|Caller+0	 at com.zemel.tool.generate.AbstractDbConnectionHelp.getTableInfos(AbstractDbConnectionHelp.java:44)
mall_mall_user   tableName 
2020-04-06 15:34:25,907|ERROR|restartedMain|Caller+0	 at com.zemel.tool.generate.AbstractDbConnectionHelp.getTableInfos(AbstractDbConnectionHelp.java:44)
mall_product_order   tableName 
2020-04-06 15:34:25,912|ERROR|restartedMain|Caller+0	 at com.zemel.tool.generate.Dbgenerate.generateCode(Dbgenerate.java:58)
generate table PlayerInfo success
2020-04-06 15:34:25,913|ERROR|restartedMain|Caller+0	 at com.zemel.tool.generate.Dbgenerate.generateCode(Dbgenerate.java:58)
generate table RoomInfo success
2020-04-06 15:34:25,914|ERROR|restartedMain|Caller+0	 at com.zemel.tool.generate.Dbgenerate.generateCode(Dbgenerate.java:58)
generate table ServerClusterInfo success
2020-04-06 15:34:25,914|ERROR|restartedMain|Caller+0	 at com.zemel.tool.generate.Dbgenerate.generateCode(Dbgenerate.java:58)
generate table AdminUserInfo success
2020-04-06 15:34:25,915|ERROR|restartedMain|Caller+0	 at com.zemel.tool.generate.Dbgenerate.generateCode(Dbgenerate.java:58)
generate table CommodityInfo success
2020-04-06 15:34:25,915|ERROR|restartedMain|Caller+0	 at com.zemel.tool.generate.Dbgenerate.generateCode(Dbgenerate.java:58)
generate table MallLabelInfo success
2020-04-06 15:34:25,916|ERROR|restartedMain|Caller+0	 at com.zemel.tool.generate.Dbgenerate.generateCode(Dbgenerate.java:58)
generate table MallUserInfo success
2020-04-06 15:34:25,916|ERROR|restartedMain|Caller+0	 at com.zemel.tool.generate.Dbgenerate.generateCode(Dbgenerate.java:58)
generate table ProductOrderInfo success
2020-04-06 15:34:25,916|ERROR|restartedMain|Caller+0	 at com.zemel.tool.generate.Dbgenerate.start(Dbgenerate.java:49)
===========autoCreateClass  end==============
2020-04-06 15:34:25,920|WARN |restartedMain|Caller+0	 at org.springframework.context.support.AbstractApplicationContext.refresh(AbstractApplicationContext.java:558)
Exception encountered during context initialization - cancelling refresh attempt: org.springframework.beans.factory.BeanCreationException: Error creating bean with name 'serverConfig': Injection of autowired dependencies failed; nested exception is java.lang.IllegalArgumentException: Could not resolve placeholder 'server.dev' in value "${server.dev}"
2020-04-06 15:34:25,923|INFO |restartedMain|Caller+0	 at com.alibaba.druid.pool.DruidDataSource.close(DruidDataSource.java:1823)
{dataSource-1} closed
2020-04-06 15:34:25,926|INFO |restartedMain|Caller+0	 at org.apache.juli.logging.DirectJDKLog.log(DirectJDKLog.java:173)
Stopping service [Tomcat]
2020-04-06 15:34:25,935|INFO |restartedMain|Caller+0	 at org.springframework.boot.autoconfigure.logging.ConditionEvaluationReportLoggingListener.logMessage(ConditionEvaluationReportLoggingListener.java:136)


Error starting ApplicationContext. To display the conditions report re-run your application with 'debug' enabled.
2020-04-06 15:34:25,945|ERROR|restartedMain|Caller+0	 at org.springframework.boot.SpringApplication.reportFailure(SpringApplication.java:826)
Application run failed
org.springframework.beans.factory.BeanCreationException: Error creating bean with name 'serverConfig': Injection of autowired dependencies failed; nested exception is java.lang.IllegalArgumentException: Could not resolve placeholder 'server.dev' in value "${server.dev}"
	at org.springframework.beans.factory.annotation.AutowiredAnnotationBeanPostProcessor.postProcessProperties(AutowiredAnnotationBeanPostProcessor.java:405)
	at org.springframework.beans.factory.support.AbstractAutowireCapableBeanFactory.populateBean(AbstractAutowireCapableBeanFactory.java:1422)
	at org.springframework.beans.factory.support.AbstractAutowireCapableBeanFactory.doCreateBean(AbstractAutowireCapableBeanFactory.java:594)
	at org.springframework.beans.factory.support.AbstractAutowireCapableBeanFactory.createBean(AbstractAutowireCapableBeanFactory.java:517)
	at org.springframework.beans.factory.support.AbstractBeanFactory.lambda$doGetBean$0(AbstractBeanFactory.java:323)
	at org.springframework.beans.factory.support.DefaultSingletonBeanRegistry.getSingleton(DefaultSingletonBeanRegistry.java:222)
	at org.springframework.beans.factory.support.AbstractBeanFactory.doGetBean(AbstractBeanFactory.java:321)
	at org.springframework.beans.factory.support.AbstractBeanFactory.getBean(AbstractBeanFactory.java:202)
	at org.springframework.beans.factory.support.DefaultListableBeanFactory.preInstantiateSingletons(DefaultListableBeanFactory.java:879)
	at org.springframework.context.support.AbstractApplicationContext.finishBeanFactoryInitialization(AbstractApplicationContext.java:878)
	at org.springframework.context.support.AbstractApplicationContext.refresh(AbstractApplicationContext.java:550)
	at org.springframework.boot.web.servlet.context.ServletWebServerApplicationContext.refresh(ServletWebServerApplicationContext.java:141)
	at org.springframework.boot.SpringApplication.refresh(SpringApplication.java:747)
	at org.springframework.boot.SpringApplication.refreshContext(SpringApplication.java:397)
	at org.springframework.boot.SpringApplication.run(SpringApplication.java:315)
	at org.springframework.boot.SpringApplication.run(SpringApplication.java:1226)
	at org.springframework.boot.SpringApplication.run(SpringApplication.java:1215)
	at com.zemel.tool.ToolApplication.main(ToolApplication.java:16)
	at sun.reflect.NativeMethodAccessorImpl.invoke0(Native Method)
	at sun.reflect.NativeMethodAccessorImpl.invoke(NativeMethodAccessorImpl.java:62)
	at sun.reflect.DelegatingMethodAccessorImpl.invoke(DelegatingMethodAccessorImpl.java:43)
	at java.lang.reflect.Method.invoke(Method.java:498)
	at org.springframework.boot.devtools.restart.RestartLauncher.run(RestartLauncher.java:49)
Caused by: java.lang.IllegalArgumentException: Could not resolve placeholder 'server.dev' in value "${server.dev}"
	at org.springframework.util.PropertyPlaceholderHelper.parseStringValue(PropertyPlaceholderHelper.java:178)
	at org.springframework.util.PropertyPlaceholderHelper.replacePlaceholders(PropertyPlaceholderHelper.java:124)
	at org.springframework.core.env.AbstractPropertyResolver.doResolvePlaceholders(AbstractPropertyResolver.java:236)
	at org.springframework.core.env.AbstractPropertyResolver.resolveRequiredPlaceholders(AbstractPropertyResolver.java:210)
	at org.springframework.context.support.PropertySourcesPlaceholderConfigurer.lambda$processProperties$0(PropertySourcesPlaceholderConfigurer.java:175)
	at org.springframework.beans.factory.support.AbstractBeanFactory.resolveEmbeddedValue(AbstractBeanFactory.java:908)
	at org.springframework.beans.factory.support.DefaultListableBeanFactory.doResolveDependency(DefaultListableBeanFactory.java:1228)
	at org.springframework.beans.factory.support.DefaultListableBeanFactory.resolveDependency(DefaultListableBeanFactory.java:1207)
	at org.springframework.beans.factory.annotation.AutowiredAnnotationBeanPostProcessor$AutowiredFieldElement.inject(AutowiredAnnotationBeanPostProcessor.java:640)
	at org.springframework.beans.factory.annotation.InjectionMetadata.inject(InjectionMetadata.java:116)
	at org.springframework.beans.factory.annotation.AutowiredAnnotationBeanPostProcessor.postProcessProperties(AutowiredAnnotationBeanPostProcessor.java:399)
	... 22 common frames omitted
2020-04-06 15:35:03,351|INFO |restartedMain|Caller+0	 at org.springframework.boot.StartupInfoLogger.logStarting(StartupInfoLogger.java:55)
Starting ToolApplication on DESKTOP-3EKU3ND with PID 14940 (F:\code\Z01\server\z01\tool\target\classes started by 13265 in F:\code\Z01\server\z01)
2020-04-06 15:35:03,354|INFO |restartedMain|Caller+0	 at org.springframework.boot.SpringApplication.logStartupProfileInfo(SpringApplication.java:655)
The following profiles are active: common
2020-04-06 15:35:03,403|INFO |restartedMain|Caller+0	 at org.springframework.boot.logging.DeferredLog.logTo(DeferredLog.java:225)
Devtools property defaults active! Set 'spring.devtools.add-properties' to 'false' to disable
2020-04-06 15:35:03,404|INFO |restartedMain|Caller+0	 at org.springframework.boot.logging.DeferredLog.logTo(DeferredLog.java:225)
For additional web related logging consider setting the 'logging.level.web' property to 'DEBUG'
2020-04-06 15:35:03,964|INFO |restartedMain|Caller+0	 at org.springframework.data.repository.config.RepositoryConfigurationDelegate.multipleStoresDetected(RepositoryConfigurationDelegate.java:249)
Multiple Spring Data modules found, entering strict repository configuration mode!
2020-04-06 15:35:03,965|INFO |restartedMain|Caller+0	 at org.springframework.data.repository.config.RepositoryConfigurationDelegate.registerRepositoriesIn(RepositoryConfigurationDelegate.java:127)
Bootstrapping Spring Data Redis repositories in DEFAULT mode.
2020-04-06 15:35:03,988|INFO |restartedMain|Caller+0	 at org.springframework.data.repository.config.RepositoryConfigurationDelegate.registerRepositoriesIn(RepositoryConfigurationDelegate.java:187)
Finished Spring Data repository scanning in 11ms. Found 0 Redis repository interfaces.
2020-04-06 15:35:04,102|WARN |restartedMain|Caller+0	 at org.mybatis.logging.Logger.warn(Logger.java:44)
No MyBatis mapper was found in '[com.zemel.*.mapping]' package. Please check your configuration.
2020-04-06 15:35:04,262|INFO |restartedMain|Caller+0	 at org.springframework.context.support.PostProcessorRegistrationDelegate$BeanPostProcessorChecker.postProcessAfterInitialization(PostProcessorRegistrationDelegate.java:330)
Bean 'org.springframework.transaction.annotation.ProxyTransactionManagementConfiguration' of type [org.springframework.transaction.annotation.ProxyTransactionManagementConfiguration] is not eligible for getting processed by all BeanPostProcessors (for example: not eligible for auto-proxying)
2020-04-06 15:35:04,510|INFO |restartedMain|Caller+0	 at org.springframework.boot.web.embedded.tomcat.TomcatWebServer.initialize(TomcatWebServer.java:92)
Tomcat initialized with port(s): 8086 (http)
2020-04-06 15:35:04,518|INFO |restartedMain|Caller+0	 at org.apache.juli.logging.DirectJDKLog.log(DirectJDKLog.java:173)
Initializing ProtocolHandler ["http-nio-8086"]
2020-04-06 15:35:04,519|INFO |restartedMain|Caller+0	 at org.apache.juli.logging.DirectJDKLog.log(DirectJDKLog.java:173)
Starting service [Tomcat]
2020-04-06 15:35:04,519|INFO |restartedMain|Caller+0	 at org.apache.juli.logging.DirectJDKLog.log(DirectJDKLog.java:173)
Starting Servlet engine: [Apache Tomcat/9.0.29]
2020-04-06 15:35:04,650|INFO |restartedMain|Caller+0	 at org.apache.juli.logging.DirectJDKLog.log(DirectJDKLog.java:173)
Initializing Spring embedded WebApplicationContext
2020-04-06 15:35:04,650|INFO |restartedMain|Caller+0	 at org.springframework.boot.web.servlet.context.ServletWebServerApplicationContext.prepareWebApplicationContext(ServletWebServerApplicationContext.java:284)
Root WebApplicationContext: initialization completed in 1246 ms
2020-04-06 15:35:04,730|INFO |restartedMain|Caller+0	 at com.alibaba.druid.spring.boot.autoconfigure.DruidDataSourceAutoConfigure.dataSource(DruidDataSourceAutoConfigure.java:56)
Init DruidDataSource
2020-04-06 15:35:04,842|INFO |restartedMain|Caller+0	 at com.alibaba.druid.pool.DruidDataSource.init(DruidDataSource.java:928)
{dataSource-1} inited
2020-04-06 15:35:04,850|ERROR|restartedMain|Caller+0	 at com.zemel.tool.generate.Dbgenerate.start(Dbgenerate.java:32)
===========autoCreateClass  start==============
2020-04-06 15:35:04,948|ERROR|restartedMain|Caller+0	 at com.zemel.tool.generate.AbstractDbConnectionHelp.getTableInfos(AbstractDbConnectionHelp.java:44)
core_player   tableName 
2020-04-06 15:35:04,960|ERROR|restartedMain|Caller+0	 at com.zemel.tool.generate.AbstractDbConnectionHelp.getTableInfos(AbstractDbConnectionHelp.java:44)
core_room   tableName 
2020-04-06 15:35:04,963|ERROR|restartedMain|Caller+0	 at com.zemel.tool.generate.AbstractDbConnectionHelp.getTableInfos(AbstractDbConnectionHelp.java:44)
core_server_cluster   tableName 
2020-04-06 15:35:04,966|ERROR|restartedMain|Caller+0	 at com.zemel.tool.generate.AbstractDbConnectionHelp.getTableInfos(AbstractDbConnectionHelp.java:44)
mall_admin_user   tableName 
2020-04-06 15:35:04,968|ERROR|restartedMain|Caller+0	 at com.zemel.tool.generate.AbstractDbConnectionHelp.getTableInfos(AbstractDbConnectionHelp.java:44)
mall_commodity   tableName 
2020-04-06 15:35:04,970|ERROR|restartedMain|Caller+0	 at com.zemel.tool.generate.AbstractDbConnectionHelp.getTableInfos(AbstractDbConnectionHelp.java:44)
mall_mall_label   tableName 
2020-04-06 15:35:04,973|ERROR|restartedMain|Caller+0	 at com.zemel.tool.generate.AbstractDbConnectionHelp.getTableInfos(AbstractDbConnectionHelp.java:44)
mall_mall_user   tableName 
2020-04-06 15:35:04,976|ERROR|restartedMain|Caller+0	 at com.zemel.tool.generate.AbstractDbConnectionHelp.getTableInfos(AbstractDbConnectionHelp.java:44)
mall_product_order   tableName 
2020-04-06 15:35:04,981|ERROR|restartedMain|Caller+0	 at com.zemel.tool.generate.Dbgenerate.generateCode(Dbgenerate.java:58)
generate table PlayerInfo success
2020-04-06 15:35:04,982|ERROR|restartedMain|Caller+0	 at com.zemel.tool.generate.Dbgenerate.generateCode(Dbgenerate.java:58)
generate table RoomInfo success
2020-04-06 15:35:04,982|ERROR|restartedMain|Caller+0	 at com.zemel.tool.generate.Dbgenerate.generateCode(Dbgenerate.java:58)
generate table ServerClusterInfo success
2020-04-06 15:35:04,982|ERROR|restartedMain|Caller+0	 at com.zemel.tool.generate.Dbgenerate.generateCode(Dbgenerate.java:58)
generate table AdminUserInfo success
2020-04-06 15:35:04,983|ERROR|restartedMain|Caller+0	 at com.zemel.tool.generate.Dbgenerate.generateCode(Dbgenerate.java:58)
generate table CommodityInfo success
2020-04-06 15:35:04,983|ERROR|restartedMain|Caller+0	 at com.zemel.tool.generate.Dbgenerate.generateCode(Dbgenerate.java:58)
generate table MallLabelInfo success
2020-04-06 15:35:04,983|ERROR|restartedMain|Caller+0	 at com.zemel.tool.generate.Dbgenerate.generateCode(Dbgenerate.java:58)
generate table MallUserInfo success
2020-04-06 15:35:04,984|ERROR|restartedMain|Caller+0	 at com.zemel.tool.generate.Dbgenerate.generateCode(Dbgenerate.java:58)
generate table ProductOrderInfo success
2020-04-06 15:35:04,984|ERROR|restartedMain|Caller+0	 at com.zemel.tool.generate.Dbgenerate.start(Dbgenerate.java:49)
===========autoCreateClass  end==============
2020-04-06 15:35:04,990|WARN |restartedMain|Caller+0	 at org.springframework.context.support.AbstractApplicationContext.refresh(AbstractApplicationContext.java:558)
Exception encountered during context initialization - cancelling refresh attempt: org.springframework.beans.factory.UnsatisfiedDependencyException: Error creating bean with name 'serverConfig': Unsatisfied dependency expressed through field 'dev'; nested exception is org.springframework.beans.TypeMismatchException: Failed to convert value of type 'java.lang.String' to required type 'boolean'; nested exception is java.lang.IllegalArgumentException: Invalid boolean value [dev]
2020-04-06 15:35:04,992|INFO |restartedMain|Caller+0	 at com.alibaba.druid.pool.DruidDataSource.close(DruidDataSource.java:1823)
{dataSource-1} closed
2020-04-06 15:35:04,995|INFO |restartedMain|Caller+0	 at org.apache.juli.logging.DirectJDKLog.log(DirectJDKLog.java:173)
Stopping service [Tomcat]
2020-04-06 15:35:05,004|INFO |restartedMain|Caller+0	 at org.springframework.boot.autoconfigure.logging.ConditionEvaluationReportLoggingListener.logMessage(ConditionEvaluationReportLoggingListener.java:136)


Error starting ApplicationContext. To display the conditions report re-run your application with 'debug' enabled.
2020-04-06 15:35:05,013|ERROR|restartedMain|Caller+0	 at org.springframework.boot.SpringApplication.reportFailure(SpringApplication.java:826)
Application run failed
org.springframework.beans.factory.UnsatisfiedDependencyException: Error creating bean with name 'serverConfig': Unsatisfied dependency expressed through field 'dev'; nested exception is org.springframework.beans.TypeMismatchException: Failed to convert value of type 'java.lang.String' to required type 'boolean'; nested exception is java.lang.IllegalArgumentException: Invalid boolean value [dev]
	at org.springframework.beans.factory.annotation.AutowiredAnnotationBeanPostProcessor$AutowiredFieldElement.inject(AutowiredAnnotationBeanPostProcessor.java:643)
	at org.springframework.beans.factory.annotation.InjectionMetadata.inject(InjectionMetadata.java:116)
	at org.springframework.beans.factory.annotation.AutowiredAnnotationBeanPostProcessor.postProcessProperties(AutowiredAnnotationBeanPostProcessor.java:399)
	at org.springframework.beans.factory.support.AbstractAutowireCapableBeanFactory.populateBean(AbstractAutowireCapableBeanFactory.java:1422)
	at org.springframework.beans.factory.support.AbstractAutowireCapableBeanFactory.doCreateBean(AbstractAutowireCapableBeanFactory.java:594)
	at org.springframework.beans.factory.support.AbstractAutowireCapableBeanFactory.createBean(AbstractAutowireCapableBeanFactory.java:517)
	at org.springframework.beans.factory.support.AbstractBeanFactory.lambda$doGetBean$0(AbstractBeanFactory.java:323)
	at org.springframework.beans.factory.support.DefaultSingletonBeanRegistry.getSingleton(DefaultSingletonBeanRegistry.java:222)
	at org.springframework.beans.factory.support.AbstractBeanFactory.doGetBean(AbstractBeanFactory.java:321)
	at org.springframework.beans.factory.support.AbstractBeanFactory.getBean(AbstractBeanFactory.java:202)
	at org.springframework.beans.factory.support.DefaultListableBeanFactory.preInstantiateSingletons(DefaultListableBeanFactory.java:879)
	at org.springframework.context.support.AbstractApplicationContext.finishBeanFactoryInitialization(AbstractApplicationContext.java:878)
	at org.springframework.context.support.AbstractApplicationContext.refresh(AbstractApplicationContext.java:550)
	at org.springframework.boot.web.servlet.context.ServletWebServerApplicationContext.refresh(ServletWebServerApplicationContext.java:141)
	at org.springframework.boot.SpringApplication.refresh(SpringApplication.java:747)
	at org.springframework.boot.SpringApplication.refreshContext(SpringApplication.java:397)
	at org.springframework.boot.SpringApplication.run(SpringApplication.java:315)
	at org.springframework.boot.SpringApplication.run(SpringApplication.java:1226)
	at org.springframework.boot.SpringApplication.run(SpringApplication.java:1215)
	at com.zemel.tool.ToolApplication.main(ToolApplication.java:16)
	at sun.reflect.NativeMethodAccessorImpl.invoke0(Native Method)
	at sun.reflect.NativeMethodAccessorImpl.invoke(NativeMethodAccessorImpl.java:62)
	at sun.reflect.DelegatingMethodAccessorImpl.invoke(DelegatingMethodAccessorImpl.java:43)
	at java.lang.reflect.Method.invoke(Method.java:498)
	at org.springframework.boot.devtools.restart.RestartLauncher.run(RestartLauncher.java:49)
Caused by: org.springframework.beans.TypeMismatchException: Failed to convert value of type 'java.lang.String' to required type 'boolean'; nested exception is java.lang.IllegalArgumentException: Invalid boolean value [dev]
	at org.springframework.beans.TypeConverterSupport.convertIfNecessary(TypeConverterSupport.java:79)
	at org.springframework.beans.factory.support.DefaultListableBeanFactory.doResolveDependency(DefaultListableBeanFactory.java:1235)
	at org.springframework.beans.factory.support.DefaultListableBeanFactory.resolveDependency(DefaultListableBeanFactory.java:1207)
	at org.springframework.beans.factory.annotation.AutowiredAnnotationBeanPostProcessor$AutowiredFieldElement.inject(AutowiredAnnotationBeanPostProcessor.java:640)
	... 24 common frames omitted
Caused by: java.lang.IllegalArgumentException: Invalid boolean value [dev]
	at org.springframework.beans.propertyeditors.CustomBooleanEditor.setAsText(CustomBooleanEditor.java:154)
	at org.springframework.beans.TypeConverterDelegate.doConvertTextValue(TypeConverterDelegate.java:429)
	at org.springframework.beans.TypeConverterDelegate.doConvertValue(TypeConverterDelegate.java:402)
	at org.springframework.beans.TypeConverterDelegate.convertIfNecessary(TypeConverterDelegate.java:155)
	at org.springframework.beans.TypeConverterSupport.convertIfNecessary(TypeConverterSupport.java:73)
	... 27 common frames omitted
2020-04-06 15:35:29,408|INFO |restartedMain|Caller+0	 at org.springframework.boot.StartupInfoLogger.logStarting(StartupInfoLogger.java:55)
Starting ToolApplication on DESKTOP-3EKU3ND with PID 14540 (F:\code\Z01\server\z01\tool\target\classes started by 13265 in F:\code\Z01\server\z01)
2020-04-06 15:35:29,411|INFO |restartedMain|Caller+0	 at org.springframework.boot.SpringApplication.logStartupProfileInfo(SpringApplication.java:655)
The following profiles are active: common
2020-04-06 15:35:29,463|INFO |restartedMain|Caller+0	 at org.springframework.boot.logging.DeferredLog.logTo(DeferredLog.java:225)
Devtools property defaults active! Set 'spring.devtools.add-properties' to 'false' to disable
2020-04-06 15:35:29,463|INFO |restartedMain|Caller+0	 at org.springframework.boot.logging.DeferredLog.logTo(DeferredLog.java:225)
For additional web related logging consider setting the 'logging.level.web' property to 'DEBUG'
2020-04-06 15:35:30,030|INFO |restartedMain|Caller+0	 at org.springframework.data.repository.config.RepositoryConfigurationDelegate.multipleStoresDetected(RepositoryConfigurationDelegate.java:249)
Multiple Spring Data modules found, entering strict repository configuration mode!
2020-04-06 15:35:30,032|INFO |restartedMain|Caller+0	 at org.springframework.data.repository.config.RepositoryConfigurationDelegate.registerRepositoriesIn(RepositoryConfigurationDelegate.java:127)
Bootstrapping Spring Data Redis repositories in DEFAULT mode.
2020-04-06 15:35:30,055|INFO |restartedMain|Caller+0	 at org.springframework.data.repository.config.RepositoryConfigurationDelegate.registerRepositoriesIn(RepositoryConfigurationDelegate.java:187)
Finished Spring Data repository scanning in 11ms. Found 0 Redis repository interfaces.
2020-04-06 15:35:30,167|WARN |restartedMain|Caller+0	 at org.mybatis.logging.Logger.warn(Logger.java:44)
No MyBatis mapper was found in '[com.zemel.*.mapping]' package. Please check your configuration.
2020-04-06 15:35:30,328|INFO |restartedMain|Caller+0	 at org.springframework.context.support.PostProcessorRegistrationDelegate$BeanPostProcessorChecker.postProcessAfterInitialization(PostProcessorRegistrationDelegate.java:330)
Bean 'org.springframework.transaction.annotation.ProxyTransactionManagementConfiguration' of type [org.springframework.transaction.annotation.ProxyTransactionManagementConfiguration] is not eligible for getting processed by all BeanPostProcessors (for example: not eligible for auto-proxying)
2020-04-06 15:35:30,575|INFO |restartedMain|Caller+0	 at org.springframework.boot.web.embedded.tomcat.TomcatWebServer.initialize(TomcatWebServer.java:92)
Tomcat initialized with port(s): 8086 (http)
2020-04-06 15:35:30,582|INFO |restartedMain|Caller+0	 at org.apache.juli.logging.DirectJDKLog.log(DirectJDKLog.java:173)
Initializing ProtocolHandler ["http-nio-8086"]
2020-04-06 15:35:30,583|INFO |restartedMain|Caller+0	 at org.apache.juli.logging.DirectJDKLog.log(DirectJDKLog.java:173)
Starting service [Tomcat]
2020-04-06 15:35:30,583|INFO |restartedMain|Caller+0	 at org.apache.juli.logging.DirectJDKLog.log(DirectJDKLog.java:173)
Starting Servlet engine: [Apache Tomcat/9.0.29]
2020-04-06 15:35:30,708|INFO |restartedMain|Caller+0	 at org.apache.juli.logging.DirectJDKLog.log(DirectJDKLog.java:173)
Initializing Spring embedded WebApplicationContext
2020-04-06 15:35:30,708|INFO |restartedMain|Caller+0	 at org.springframework.boot.web.servlet.context.ServletWebServerApplicationContext.prepareWebApplicationContext(ServletWebServerApplicationContext.java:284)
Root WebApplicationContext: initialization completed in 1245 ms
2020-04-06 15:35:30,786|INFO |restartedMain|Caller+0	 at com.alibaba.druid.spring.boot.autoconfigure.DruidDataSourceAutoConfigure.dataSource(DruidDataSourceAutoConfigure.java:56)
Init DruidDataSource
2020-04-06 15:35:30,896|INFO |restartedMain|Caller+0	 at com.alibaba.druid.pool.DruidDataSource.init(DruidDataSource.java:928)
{dataSource-1} inited
2020-04-06 15:35:30,904|ERROR|restartedMain|Caller+0	 at com.zemel.tool.generate.Dbgenerate.start(Dbgenerate.java:32)
===========autoCreateClass  start==============
2020-04-06 15:35:31,004|ERROR|restartedMain|Caller+0	 at com.zemel.tool.generate.AbstractDbConnectionHelp.getTableInfos(AbstractDbConnectionHelp.java:44)
core_player   tableName 
2020-04-06 15:35:31,017|ERROR|restartedMain|Caller+0	 at com.zemel.tool.generate.AbstractDbConnectionHelp.getTableInfos(AbstractDbConnectionHelp.java:44)
core_room   tableName 
2020-04-06 15:35:31,020|ERROR|restartedMain|Caller+0	 at com.zemel.tool.generate.AbstractDbConnectionHelp.getTableInfos(AbstractDbConnectionHelp.java:44)
core_server_cluster   tableName 
2020-04-06 15:35:31,022|ERROR|restartedMain|Caller+0	 at com.zemel.tool.generate.AbstractDbConnectionHelp.getTableInfos(AbstractDbConnectionHelp.java:44)
mall_admin_user   tableName 
2020-04-06 15:35:31,024|ERROR|restartedMain|Caller+0	 at com.zemel.tool.generate.AbstractDbConnectionHelp.getTableInfos(AbstractDbConnectionHelp.java:44)
mall_commodity   tableName 
2020-04-06 15:35:31,027|ERROR|restartedMain|Caller+0	 at com.zemel.tool.generate.AbstractDbConnectionHelp.getTableInfos(AbstractDbConnectionHelp.java:44)
mall_mall_label   tableName 
2020-04-06 15:35:31,029|ERROR|restartedMain|Caller+0	 at com.zemel.tool.generate.AbstractDbConnectionHelp.getTableInfos(AbstractDbConnectionHelp.java:44)
mall_mall_user   tableName 
2020-04-06 15:35:31,032|ERROR|restartedMain|Caller+0	 at com.zemel.tool.generate.AbstractDbConnectionHelp.getTableInfos(AbstractDbConnectionHelp.java:44)
mall_product_order   tableName 
2020-04-06 15:35:31,037|ERROR|restartedMain|Caller+0	 at com.zemel.tool.generate.Dbgenerate.generateCode(Dbgenerate.java:58)
generate table PlayerInfo success
2020-04-06 15:35:31,037|ERROR|restartedMain|Caller+0	 at com.zemel.tool.generate.Dbgenerate.generateCode(Dbgenerate.java:58)
generate table RoomInfo success
2020-04-06 15:35:31,038|ERROR|restartedMain|Caller+0	 at com.zemel.tool.generate.Dbgenerate.generateCode(Dbgenerate.java:58)
generate table ServerClusterInfo success
2020-04-06 15:35:31,038|ERROR|restartedMain|Caller+0	 at com.zemel.tool.generate.Dbgenerate.generateCode(Dbgenerate.java:58)
generate table AdminUserInfo success
2020-04-06 15:35:31,038|ERROR|restartedMain|Caller+0	 at com.zemel.tool.generate.Dbgenerate.generateCode(Dbgenerate.java:58)
generate table CommodityInfo success
2020-04-06 15:35:31,039|ERROR|restartedMain|Caller+0	 at com.zemel.tool.generate.Dbgenerate.generateCode(Dbgenerate.java:58)
generate table MallLabelInfo success
2020-04-06 15:35:31,039|ERROR|restartedMain|Caller+0	 at com.zemel.tool.generate.Dbgenerate.generateCode(Dbgenerate.java:58)
generate table MallUserInfo success
2020-04-06 15:35:31,039|ERROR|restartedMain|Caller+0	 at com.zemel.tool.generate.Dbgenerate.generateCode(Dbgenerate.java:58)
generate table ProductOrderInfo success
2020-04-06 15:35:31,040|ERROR|restartedMain|Caller+0	 at com.zemel.tool.generate.Dbgenerate.start(Dbgenerate.java:49)
===========autoCreateClass  end==============
2020-04-06 15:35:31,186|INFO |restartedMain|Caller+0	 at org.springframework.scheduling.concurrent.ExecutorConfigurationSupport.initialize(ExecutorConfigurationSupport.java:171)
Initializing ExecutorService 'applicationTaskExecutor'
2020-04-06 15:35:31,239|INFO |restartedMain|Caller+0	 at org.springframework.boot.autoconfigure.web.servlet.WelcomePageHandlerMapping.<init>(WelcomePageHandlerMapping.java:54)
Adding welcome page: class path resource [static/index.html]
2020-04-06 15:35:31,879|INFO |restartedMain|Caller+0	 at org.quartz.impl.StdSchedulerFactory.instantiate(StdSchedulerFactory.java:1220)
Using default implementation for ThreadExecutor
2020-04-06 15:35:31,881|INFO |restartedMain|Caller+0	 at org.quartz.simpl.SimpleThreadPool.initialize(SimpleThreadPool.java:268)
Job execution threads will use class loader of thread: restartedMain
2020-04-06 15:35:31,888|INFO |restartedMain|Caller+0	 at org.quartz.core.SchedulerSignalerImpl.<init>(SchedulerSignalerImpl.java:61)
Initialized Scheduler Signaller of type: class org.quartz.core.SchedulerSignalerImpl
2020-04-06 15:35:31,889|INFO |restartedMain|Caller+0	 at org.quartz.core.QuartzScheduler.<init>(QuartzScheduler.java:229)
Quartz Scheduler v.2.3.2 created.
2020-04-06 15:35:31,889|INFO |restartedMain|Caller+0	 at org.quartz.simpl.RAMJobStore.initialize(RAMJobStore.java:155)
RAMJobStore initialized.
2020-04-06 15:35:31,890|INFO |restartedMain|Caller+0	 at org.quartz.core.QuartzScheduler.initialize(QuartzScheduler.java:294)
Scheduler meta-data: Quartz Scheduler (v2.3.2) 'quartzScheduler' with instanceId 'NON_CLUSTERED'
  Scheduler class: 'org.quartz.core.QuartzScheduler' - running locally.
  NOT STARTED.
  Currently in standby mode.
  Number of jobs executed: 0
  Using thread pool 'org.quartz.simpl.SimpleThreadPool' - with 4 threads.
  Using job-store 'org.quartz.simpl.RAMJobStore' - which does not support persistence. and is not clustered.

2020-04-06 15:35:31,890|INFO |restartedMain|Caller+0	 at org.quartz.impl.StdSchedulerFactory.instantiate(StdSchedulerFactory.java:1374)
Quartz scheduler 'quartzScheduler' initialized from an externally provided properties instance.
2020-04-06 15:35:31,890|INFO |restartedMain|Caller+0	 at org.quartz.impl.StdSchedulerFactory.instantiate(StdSchedulerFactory.java:1378)
Quartz scheduler version: 2.3.2
2020-04-06 15:35:31,890|INFO |restartedMain|Caller+0	 at org.quartz.core.QuartzScheduler.setJobFactory(QuartzScheduler.java:2293)
JobFactory set to: org.springframework.scheduling.quartz.SpringBeanJobFactory@3855551e
2020-04-06 15:35:31,924|WARN |restartedMain|Caller+0	 at org.springframework.boot.devtools.autoconfigure.OptionalLiveReloadServer.startServer(OptionalLiveReloadServer.java:61)
Unable to start LiveReload server
2020-04-06 15:35:31,987|INFO |restartedMain|Caller+0	 at org.springframework.scheduling.quartz.SchedulerFactoryBean.startScheduler(SchedulerFactoryBean.java:727)
Starting Quartz Scheduler now
2020-04-06 15:35:31,987|INFO |restartedMain|Caller+0	 at org.quartz.core.QuartzScheduler.start(QuartzScheduler.java:547)
Scheduler quartzScheduler_$_NON_CLUSTERED started.
2020-04-06 15:35:31,993|INFO |restartedMain|Caller+0	 at org.apache.juli.logging.DirectJDKLog.log(DirectJDKLog.java:173)
Starting ProtocolHandler ["http-nio-8086"]
2020-04-06 15:35:32,012|INFO |restartedMain|Caller+0	 at org.springframework.boot.web.embedded.tomcat.TomcatWebServer.start(TomcatWebServer.java:204)
Tomcat started on port(s): 8086 (http) with context path ''
2020-04-06 15:35:32,015|INFO |restartedMain|Caller+0	 at org.springframework.boot.StartupInfoLogger.logStarted(StartupInfoLogger.java:61)
Started ToolApplication in 3.249 seconds (JVM running for 4.074)
2020-04-06 15:53:28,574|INFO |SpringContextShutdownHook|Caller+0	 at org.quartz.core.QuartzScheduler.standby(QuartzScheduler.java:585)
Scheduler quartzScheduler_$_NON_CLUSTERED paused.
2020-04-06 15:53:28,578|INFO |SpringContextShutdownHook|Caller+0	 at org.springframework.scheduling.quartz.SchedulerFactoryBean.destroy(SchedulerFactoryBean.java:845)
Shutting down Quartz Scheduler
2020-04-06 15:53:28,578|INFO |SpringContextShutdownHook|Caller+0	 at org.quartz.core.QuartzScheduler.shutdown(QuartzScheduler.java:666)
Scheduler quartzScheduler_$_NON_CLUSTERED shutting down.
2020-04-06 15:53:28,578|INFO |SpringContextShutdownHook|Caller+0	 at org.quartz.core.QuartzScheduler.standby(QuartzScheduler.java:585)
Scheduler quartzScheduler_$_NON_CLUSTERED paused.
2020-04-06 15:53:28,578|INFO |SpringContextShutdownHook|Caller+0	 at org.quartz.core.QuartzScheduler.shutdown(QuartzScheduler.java:740)
Scheduler quartzScheduler_$_NON_CLUSTERED shutdown complete.
2020-04-06 15:53:28,596|INFO |SpringContextShutdownHook|Caller+0	 at org.springframework.scheduling.concurrent.ExecutorConfigurationSupport.shutdown(ExecutorConfigurationSupport.java:208)
Shutting down ExecutorService 'applicationTaskExecutor'
2020-04-06 15:53:28,599|INFO |SpringContextShutdownHook|Caller+0	 at com.alibaba.druid.pool.DruidDataSource.close(DruidDataSource.java:1823)
{dataSource-1} closed
