2020-03-29 14:16:24,199|INFO |restartedMain|Caller+0	 at org.springframework.boot.StartupInfoLogger.logStarting(StartupInfoLogger.java:55)
Starting ToolApplication on DESKTOP-3EKU3ND with PID 16576 (F:\code\Z01\server\z01\tool\target\classes started by 13265 in F:\code\Z01\server\z01)
2020-03-29 14:16:24,202|INFO |restartedMain|Caller+0	 at org.springframework.boot.SpringApplication.logStartupProfileInfo(SpringApplication.java:655)
The following profiles are active: common
2020-03-29 14:16:24,246|INFO |restartedMain|Caller+0	 at org.springframework.boot.logging.DeferredLog.logTo(DeferredLog.java:225)
Devtools property defaults active! Set 'spring.devtools.add-properties' to 'false' to disable
2020-03-29 14:16:24,246|INFO |restartedMain|Caller+0	 at org.springframework.boot.logging.DeferredLog.logTo(DeferredLog.java:225)
For additional web related logging consider setting the 'logging.level.web' property to 'DEBUG'
2020-03-29 14:16:24,855|INFO |restartedMain|Caller+0	 at org.springframework.data.repository.config.RepositoryConfigurationDelegate.multipleStoresDetected(RepositoryConfigurationDelegate.java:249)
Multiple Spring Data modules found, entering strict repository configuration mode!
2020-03-29 14:16:24,857|INFO |restartedMain|Caller+0	 at org.springframework.data.repository.config.RepositoryConfigurationDelegate.registerRepositoriesIn(RepositoryConfigurationDelegate.java:127)
Bootstrapping Spring Data Redis repositories in DEFAULT mode.
2020-03-29 14:16:24,881|INFO |restartedMain|Caller+0	 at org.springframework.data.repository.config.RepositoryConfigurationDelegate.registerRepositoriesIn(RepositoryConfigurationDelegate.java:187)
Finished Spring Data repository scanning in 12ms. Found 0 Redis repository interfaces.
2020-03-29 14:16:25,001|WARN |restartedMain|Caller+0	 at org.mybatis.logging.Logger.warn(Logger.java:44)
No MyBatis mapper was found in '[com.zemel.*.mapping]' package. Please check your configuration.
2020-03-29 14:16:25,271|INFO |restartedMain|Caller+0	 at org.springframework.context.support.PostProcessorRegistrationDelegate$BeanPostProcessorChecker.postProcessAfterInitialization(PostProcessorRegistrationDelegate.java:330)
Bean 'org.springframework.transaction.annotation.ProxyTransactionManagementConfiguration' of type [org.springframework.transaction.annotation.ProxyTransactionManagementConfiguration] is not eligible for getting processed by all BeanPostProcessors (for example: not eligible for auto-proxying)
2020-03-29 14:16:25,618|INFO |restartedMain|Caller+0	 at org.springframework.boot.web.embedded.tomcat.TomcatWebServer.initialize(TomcatWebServer.java:92)
Tomcat initialized with port(s): 8086 (http)
2020-03-29 14:16:25,628|INFO |restartedMain|Caller+0	 at org.apache.juli.logging.DirectJDKLog.log(DirectJDKLog.java:173)
Initializing ProtocolHandler ["http-nio-8086"]
2020-03-29 14:16:25,629|INFO |restartedMain|Caller+0	 at org.apache.juli.logging.DirectJDKLog.log(DirectJDKLog.java:173)
Starting service [Tomcat]
2020-03-29 14:16:25,629|INFO |restartedMain|Caller+0	 at org.apache.juli.logging.DirectJDKLog.log(DirectJDKLog.java:173)
Starting Servlet engine: [Apache Tomcat/9.0.29]
2020-03-29 14:16:25,799|INFO |restartedMain|Caller+0	 at org.apache.juli.logging.DirectJDKLog.log(DirectJDKLog.java:173)
Initializing Spring embedded WebApplicationContext
2020-03-29 14:16:25,799|INFO |restartedMain|Caller+0	 at org.springframework.boot.web.servlet.context.ServletWebServerApplicationContext.prepareWebApplicationContext(ServletWebServerApplicationContext.java:284)
Root WebApplicationContext: initialization completed in 1553 ms
2020-03-29 14:16:25,888|INFO |restartedMain|Caller+0	 at com.alibaba.druid.spring.boot.autoconfigure.DruidDataSourceAutoConfigure.dataSource(DruidDataSourceAutoConfigure.java:56)
Init DruidDataSource
2020-03-29 14:16:26,005|INFO |restartedMain|Caller+0	 at com.alibaba.druid.pool.DruidDataSource.init(DruidDataSource.java:928)
{dataSource-1} inited
2020-03-29 14:16:26,013|ERROR|restartedMain|Caller+0	 at com.zemel.tool.generate.Dbgenerate.start(Dbgenerate.java:32)
===========autoCreateClass  start==============
2020-03-29 14:16:26,145|ERROR|restartedMain|Caller+0	 at com.zemel.tool.generate.AbstractDbConnectionHelp.getTableInfos(AbstractDbConnectionHelp.java:44)
core_player   tableName 
2020-03-29 14:16:26,159|ERROR|restartedMain|Caller+0	 at com.zemel.tool.generate.AbstractDbConnectionHelp.getTableInfos(AbstractDbConnectionHelp.java:44)
core_room   tableName 
2020-03-29 14:16:26,163|ERROR|restartedMain|Caller+0	 at com.zemel.tool.generate.AbstractDbConnectionHelp.getTableInfos(AbstractDbConnectionHelp.java:44)
core_server_cluster   tableName 
2020-03-29 14:16:26,166|ERROR|restartedMain|Caller+0	 at com.zemel.tool.generate.AbstractDbConnectionHelp.getTableInfos(AbstractDbConnectionHelp.java:44)
mall_admin_user   tableName 
2020-03-29 14:16:26,169|ERROR|restartedMain|Caller+0	 at com.zemel.tool.generate.AbstractDbConnectionHelp.getTableInfos(AbstractDbConnectionHelp.java:44)
mall_commodity   tableName 
2020-03-29 14:16:26,172|ERROR|restartedMain|Caller+0	 at com.zemel.tool.generate.AbstractDbConnectionHelp.getTableInfos(AbstractDbConnectionHelp.java:44)
mall_mall_user   tableName 
2020-03-29 14:16:26,175|ERROR|restartedMain|Caller+0	 at com.zemel.tool.generate.AbstractDbConnectionHelp.getTableInfos(AbstractDbConnectionHelp.java:44)
mall_product_order   tableName 
2020-03-29 14:16:26,182|ERROR|restartedMain|Caller+0	 at com.zemel.tool.generate.Dbgenerate.generateCode(Dbgenerate.java:58)
generate table PlayerInfo success
2020-03-29 14:16:26,184|ERROR|restartedMain|Caller+0	 at com.zemel.tool.generate.Dbgenerate.generateCode(Dbgenerate.java:58)
generate table RoomInfo success
2020-03-29 14:16:26,186|ERROR|restartedMain|Caller+0	 at com.zemel.tool.generate.Dbgenerate.generateCode(Dbgenerate.java:58)
generate table ServerClusterInfo success
2020-03-29 14:16:26,188|ERROR|restartedMain|Caller+0	 at com.zemel.tool.generate.Dbgenerate.generateCode(Dbgenerate.java:58)
generate table AdminUserInfo success
2020-03-29 14:16:26,190|ERROR|restartedMain|Caller+0	 at com.zemel.tool.generate.Dbgenerate.generateCode(Dbgenerate.java:58)
generate table CommodityInfo success
2020-03-29 14:16:26,191|ERROR|restartedMain|Caller+0	 at com.zemel.tool.generate.Dbgenerate.generateCode(Dbgenerate.java:58)
generate table MallUserInfo success
2020-03-29 14:16:26,194|ERROR|restartedMain|Caller+0	 at com.zemel.tool.generate.Dbgenerate.generateCode(Dbgenerate.java:58)
generate table ProductOrderInfo success
2020-03-29 14:16:26,194|ERROR|restartedMain|Caller+0	 at com.zemel.tool.generate.Dbgenerate.start(Dbgenerate.java:49)
===========autoCreateClass  end==============
2020-03-29 14:16:26,367|INFO |restartedMain|Caller+0	 at org.springframework.scheduling.concurrent.ExecutorConfigurationSupport.initialize(ExecutorConfigurationSupport.java:171)
Initializing ExecutorService 'applicationTaskExecutor'
2020-03-29 14:16:26,425|INFO |restartedMain|Caller+0	 at org.springframework.boot.autoconfigure.web.servlet.WelcomePageHandlerMapping.<init>(WelcomePageHandlerMapping.java:54)
Adding welcome page: class path resource [static/index.html]
2020-03-29 14:16:27,059|INFO |restartedMain|Caller+0	 at org.quartz.impl.StdSchedulerFactory.instantiate(StdSchedulerFactory.java:1220)
Using default implementation for ThreadExecutor
2020-03-29 14:16:27,061|INFO |restartedMain|Caller+0	 at org.quartz.simpl.SimpleThreadPool.initialize(SimpleThreadPool.java:268)
Job execution threads will use class loader of thread: restartedMain
2020-03-29 14:16:27,070|INFO |restartedMain|Caller+0	 at org.quartz.core.SchedulerSignalerImpl.<init>(SchedulerSignalerImpl.java:61)
Initialized Scheduler Signaller of type: class org.quartz.core.SchedulerSignalerImpl
2020-03-29 14:16:27,070|INFO |restartedMain|Caller+0	 at org.quartz.core.QuartzScheduler.<init>(QuartzScheduler.java:229)
Quartz Scheduler v.2.3.2 created.
2020-03-29 14:16:27,071|INFO |restartedMain|Caller+0	 at org.quartz.simpl.RAMJobStore.initialize(RAMJobStore.java:155)
RAMJobStore initialized.
2020-03-29 14:16:27,072|INFO |restartedMain|Caller+0	 at org.quartz.core.QuartzScheduler.initialize(QuartzScheduler.java:294)
Scheduler meta-data: Quartz Scheduler (v2.3.2) 'quartzScheduler' with instanceId 'NON_CLUSTERED'
  Scheduler class: 'org.quartz.core.QuartzScheduler' - running locally.
  NOT STARTED.
  Currently in standby mode.
  Number of jobs executed: 0
  Using thread pool 'org.quartz.simpl.SimpleThreadPool' - with 4 threads.
  Using job-store 'org.quartz.simpl.RAMJobStore' - which does not support persistence. and is not clustered.

2020-03-29 14:16:27,072|INFO |restartedMain|Caller+0	 at org.quartz.impl.StdSchedulerFactory.instantiate(StdSchedulerFactory.java:1374)
Quartz scheduler 'quartzScheduler' initialized from an externally provided properties instance.
2020-03-29 14:16:27,072|INFO |restartedMain|Caller+0	 at org.quartz.impl.StdSchedulerFactory.instantiate(StdSchedulerFactory.java:1378)
Quartz scheduler version: 2.3.2
2020-03-29 14:16:27,072|INFO |restartedMain|Caller+0	 at org.quartz.core.QuartzScheduler.setJobFactory(QuartzScheduler.java:2293)
JobFactory set to: org.springframework.scheduling.quartz.SpringBeanJobFactory@1fce9055
2020-03-29 14:16:27,118|WARN |restartedMain|Caller+0	 at org.springframework.boot.devtools.autoconfigure.OptionalLiveReloadServer.startServer(OptionalLiveReloadServer.java:61)
Unable to start LiveReload server
2020-03-29 14:16:27,198|INFO |restartedMain|Caller+0	 at org.springframework.scheduling.quartz.SchedulerFactoryBean.startScheduler(SchedulerFactoryBean.java:727)
Starting Quartz Scheduler now
2020-03-29 14:16:27,199|INFO |restartedMain|Caller+0	 at org.quartz.core.QuartzScheduler.start(QuartzScheduler.java:547)
Scheduler quartzScheduler_$_NON_CLUSTERED started.
2020-03-29 14:16:27,214|INFO |restartedMain|Caller+0	 at org.apache.juli.logging.DirectJDKLog.log(DirectJDKLog.java:173)
Starting ProtocolHandler ["http-nio-8086"]
2020-03-29 14:16:27,238|INFO |restartedMain|Caller+0	 at org.springframework.boot.web.embedded.tomcat.TomcatWebServer.start(TomcatWebServer.java:204)
Tomcat started on port(s): 8086 (http) with context path ''
2020-03-29 14:16:27,242|INFO |restartedMain|Caller+0	 at org.springframework.boot.StartupInfoLogger.logStarted(StartupInfoLogger.java:61)
Started ToolApplication in 3.616 seconds (JVM running for 4.452)
2020-03-29 14:18:16,445|INFO |SpringContextShutdownHook|Caller+0	 at org.quartz.core.QuartzScheduler.standby(QuartzScheduler.java:585)
Scheduler quartzScheduler_$_NON_CLUSTERED paused.
2020-03-29 14:18:16,449|INFO |SpringContextShutdownHook|Caller+0	 at org.springframework.scheduling.quartz.SchedulerFactoryBean.destroy(SchedulerFactoryBean.java:845)
Shutting down Quartz Scheduler
2020-03-29 14:18:16,450|INFO |SpringContextShutdownHook|Caller+0	 at org.quartz.core.QuartzScheduler.shutdown(QuartzScheduler.java:666)
Scheduler quartzScheduler_$_NON_CLUSTERED shutting down.
2020-03-29 14:18:16,450|INFO |SpringContextShutdownHook|Caller+0	 at org.quartz.core.QuartzScheduler.standby(QuartzScheduler.java:585)
Scheduler quartzScheduler_$_NON_CLUSTERED paused.
2020-03-29 14:18:16,450|INFO |SpringContextShutdownHook|Caller+0	 at org.quartz.core.QuartzScheduler.shutdown(QuartzScheduler.java:740)
Scheduler quartzScheduler_$_NON_CLUSTERED shutdown complete.
2020-03-29 14:18:16,470|INFO |SpringContextShutdownHook|Caller+0	 at org.springframework.scheduling.concurrent.ExecutorConfigurationSupport.shutdown(ExecutorConfigurationSupport.java:208)
Shutting down ExecutorService 'applicationTaskExecutor'
2020-03-29 14:18:16,473|INFO |SpringContextShutdownHook|Caller+0	 at com.alibaba.druid.pool.DruidDataSource.close(DruidDataSource.java:1823)
{dataSource-1} closed
2020-03-29 14:18:21,852|INFO |restartedMain|Caller+0	 at org.springframework.boot.StartupInfoLogger.logStarting(StartupInfoLogger.java:55)
Starting ToolApplication on DESKTOP-3EKU3ND with PID 18596 (F:\code\Z01\server\z01\tool\target\classes started by 13265 in F:\code\Z01\server\z01)
2020-03-29 14:18:21,855|INFO |restartedMain|Caller+0	 at org.springframework.boot.SpringApplication.logStartupProfileInfo(SpringApplication.java:655)
The following profiles are active: common
2020-03-29 14:18:21,900|INFO |restartedMain|Caller+0	 at org.springframework.boot.logging.DeferredLog.logTo(DeferredLog.java:225)
Devtools property defaults active! Set 'spring.devtools.add-properties' to 'false' to disable
2020-03-29 14:18:21,900|INFO |restartedMain|Caller+0	 at org.springframework.boot.logging.DeferredLog.logTo(DeferredLog.java:225)
For additional web related logging consider setting the 'logging.level.web' property to 'DEBUG'
2020-03-29 14:18:22,560|INFO |restartedMain|Caller+0	 at org.springframework.data.repository.config.RepositoryConfigurationDelegate.multipleStoresDetected(RepositoryConfigurationDelegate.java:249)
Multiple Spring Data modules found, entering strict repository configuration mode!
2020-03-29 14:18:22,562|INFO |restartedMain|Caller+0	 at org.springframework.data.repository.config.RepositoryConfigurationDelegate.registerRepositoriesIn(RepositoryConfigurationDelegate.java:127)
Bootstrapping Spring Data Redis repositories in DEFAULT mode.
2020-03-29 14:18:22,596|INFO |restartedMain|Caller+0	 at org.springframework.data.repository.config.RepositoryConfigurationDelegate.registerRepositoriesIn(RepositoryConfigurationDelegate.java:187)
Finished Spring Data repository scanning in 13ms. Found 0 Redis repository interfaces.
2020-03-29 14:18:22,746|WARN |restartedMain|Caller+0	 at org.mybatis.logging.Logger.warn(Logger.java:44)
No MyBatis mapper was found in '[com.zemel.*.mapping]' package. Please check your configuration.
2020-03-29 14:18:22,902|INFO |restartedMain|Caller+0	 at org.springframework.context.support.PostProcessorRegistrationDelegate$BeanPostProcessorChecker.postProcessAfterInitialization(PostProcessorRegistrationDelegate.java:330)
Bean 'org.springframework.transaction.annotation.ProxyTransactionManagementConfiguration' of type [org.springframework.transaction.annotation.ProxyTransactionManagementConfiguration] is not eligible for getting processed by all BeanPostProcessors (for example: not eligible for auto-proxying)
2020-03-29 14:18:23,190|INFO |restartedMain|Caller+0	 at org.springframework.boot.web.embedded.tomcat.TomcatWebServer.initialize(TomcatWebServer.java:92)
Tomcat initialized with port(s): 8086 (http)
2020-03-29 14:18:23,198|INFO |restartedMain|Caller+0	 at org.apache.juli.logging.DirectJDKLog.log(DirectJDKLog.java:173)
Initializing ProtocolHandler ["http-nio-8086"]
2020-03-29 14:18:23,199|INFO |restartedMain|Caller+0	 at org.apache.juli.logging.DirectJDKLog.log(DirectJDKLog.java:173)
Starting service [Tomcat]
2020-03-29 14:18:23,199|INFO |restartedMain|Caller+0	 at org.apache.juli.logging.DirectJDKLog.log(DirectJDKLog.java:173)
Starting Servlet engine: [Apache Tomcat/9.0.29]
2020-03-29 14:18:23,358|INFO |restartedMain|Caller+0	 at org.apache.juli.logging.DirectJDKLog.log(DirectJDKLog.java:173)
Initializing Spring embedded WebApplicationContext
2020-03-29 14:18:23,358|INFO |restartedMain|Caller+0	 at org.springframework.boot.web.servlet.context.ServletWebServerApplicationContext.prepareWebApplicationContext(ServletWebServerApplicationContext.java:284)
Root WebApplicationContext: initialization completed in 1458 ms
2020-03-29 14:18:23,442|INFO |restartedMain|Caller+0	 at com.alibaba.druid.spring.boot.autoconfigure.DruidDataSourceAutoConfigure.dataSource(DruidDataSourceAutoConfigure.java:56)
Init DruidDataSource
2020-03-29 14:18:23,555|INFO |restartedMain|Caller+0	 at com.alibaba.druid.pool.DruidDataSource.init(DruidDataSource.java:928)
{dataSource-1} inited
2020-03-29 14:18:23,562|ERROR|restartedMain|Caller+0	 at com.zemel.tool.generate.Dbgenerate.start(Dbgenerate.java:32)
===========autoCreateClass  start==============
2020-03-29 14:18:23,670|ERROR|restartedMain|Caller+0	 at com.zemel.tool.generate.AbstractDbConnectionHelp.getTableInfos(AbstractDbConnectionHelp.java:44)
core_player   tableName 
2020-03-29 14:18:23,684|ERROR|restartedMain|Caller+0	 at com.zemel.tool.generate.AbstractDbConnectionHelp.getTableInfos(AbstractDbConnectionHelp.java:44)
core_room   tableName 
2020-03-29 14:18:23,687|ERROR|restartedMain|Caller+0	 at com.zemel.tool.generate.AbstractDbConnectionHelp.getTableInfos(AbstractDbConnectionHelp.java:44)
core_server_cluster   tableName 
2020-03-29 14:18:23,690|ERROR|restartedMain|Caller+0	 at com.zemel.tool.generate.AbstractDbConnectionHelp.getTableInfos(AbstractDbConnectionHelp.java:44)
mall_admin_user   tableName 
2020-03-29 14:18:23,693|ERROR|restartedMain|Caller+0	 at com.zemel.tool.generate.AbstractDbConnectionHelp.getTableInfos(AbstractDbConnectionHelp.java:44)
mall_commodity   tableName 
2020-03-29 14:18:23,695|ERROR|restartedMain|Caller+0	 at com.zemel.tool.generate.AbstractDbConnectionHelp.getTableInfos(AbstractDbConnectionHelp.java:44)
mall_mall_user   tableName 
2020-03-29 14:18:23,698|ERROR|restartedMain|Caller+0	 at com.zemel.tool.generate.AbstractDbConnectionHelp.getTableInfos(AbstractDbConnectionHelp.java:44)
mall_product_order   tableName 
2020-03-29 14:18:23,704|ERROR|restartedMain|Caller+0	 at com.zemel.tool.generate.Dbgenerate.generateCode(Dbgenerate.java:58)
generate table PlayerInfo success
2020-03-29 14:18:23,705|ERROR|restartedMain|Caller+0	 at com.zemel.tool.generate.Dbgenerate.generateCode(Dbgenerate.java:58)
generate table RoomInfo success
2020-03-29 14:18:23,705|ERROR|restartedMain|Caller+0	 at com.zemel.tool.generate.Dbgenerate.generateCode(Dbgenerate.java:58)
generate table ServerClusterInfo success
2020-03-29 14:18:23,706|ERROR|restartedMain|Caller+0	 at com.zemel.tool.generate.Dbgenerate.generateCode(Dbgenerate.java:58)
generate table AdminUserInfo success
2020-03-29 14:18:23,707|ERROR|restartedMain|Caller+0	 at com.zemel.tool.generate.Dbgenerate.generateCode(Dbgenerate.java:58)
generate table CommodityInfo success
2020-03-29 14:18:23,708|ERROR|restartedMain|Caller+0	 at com.zemel.tool.generate.Dbgenerate.generateCode(Dbgenerate.java:58)
generate table MallUserInfo success
2020-03-29 14:18:23,709|ERROR|restartedMain|Caller+0	 at com.zemel.tool.generate.Dbgenerate.generateCode(Dbgenerate.java:58)
generate table ProductOrderInfo success
2020-03-29 14:18:23,710|ERROR|restartedMain|Caller+0	 at com.zemel.tool.generate.Dbgenerate.start(Dbgenerate.java:49)
===========autoCreateClass  end==============
2020-03-29 14:18:23,857|INFO |restartedMain|Caller+0	 at org.springframework.scheduling.concurrent.ExecutorConfigurationSupport.initialize(ExecutorConfigurationSupport.java:171)
Initializing ExecutorService 'applicationTaskExecutor'
2020-03-29 14:18:23,911|INFO |restartedMain|Caller+0	 at org.springframework.boot.autoconfigure.web.servlet.WelcomePageHandlerMapping.<init>(WelcomePageHandlerMapping.java:54)
Adding welcome page: class path resource [static/index.html]
2020-03-29 14:18:24,529|INFO |restartedMain|Caller+0	 at org.quartz.impl.StdSchedulerFactory.instantiate(StdSchedulerFactory.java:1220)
Using default implementation for ThreadExecutor
2020-03-29 14:18:24,531|INFO |restartedMain|Caller+0	 at org.quartz.simpl.SimpleThreadPool.initialize(SimpleThreadPool.java:268)
Job execution threads will use class loader of thread: restartedMain
2020-03-29 14:18:24,540|INFO |restartedMain|Caller+0	 at org.quartz.core.SchedulerSignalerImpl.<init>(SchedulerSignalerImpl.java:61)
Initialized Scheduler Signaller of type: class org.quartz.core.SchedulerSignalerImpl
2020-03-29 14:18:24,540|INFO |restartedMain|Caller+0	 at org.quartz.core.QuartzScheduler.<init>(QuartzScheduler.java:229)
Quartz Scheduler v.2.3.2 created.
2020-03-29 14:18:24,541|INFO |restartedMain|Caller+0	 at org.quartz.simpl.RAMJobStore.initialize(RAMJobStore.java:155)
RAMJobStore initialized.
2020-03-29 14:18:24,542|INFO |restartedMain|Caller+0	 at org.quartz.core.QuartzScheduler.initialize(QuartzScheduler.java:294)
Scheduler meta-data: Quartz Scheduler (v2.3.2) 'quartzScheduler' with instanceId 'NON_CLUSTERED'
  Scheduler class: 'org.quartz.core.QuartzScheduler' - running locally.
  NOT STARTED.
  Currently in standby mode.
  Number of jobs executed: 0
  Using thread pool 'org.quartz.simpl.SimpleThreadPool' - with 4 threads.
  Using job-store 'org.quartz.simpl.RAMJobStore' - which does not support persistence. and is not clustered.

2020-03-29 14:18:24,542|INFO |restartedMain|Caller+0	 at org.quartz.impl.StdSchedulerFactory.instantiate(StdSchedulerFactory.java:1374)
Quartz scheduler 'quartzScheduler' initialized from an externally provided properties instance.
2020-03-29 14:18:24,542|INFO |restartedMain|Caller+0	 at org.quartz.impl.StdSchedulerFactory.instantiate(StdSchedulerFactory.java:1378)
Quartz scheduler version: 2.3.2
2020-03-29 14:18:24,542|INFO |restartedMain|Caller+0	 at org.quartz.core.QuartzScheduler.setJobFactory(QuartzScheduler.java:2293)
JobFactory set to: org.springframework.scheduling.quartz.SpringBeanJobFactory@cdc7df6
2020-03-29 14:18:24,593|WARN |restartedMain|Caller+0	 at org.springframework.boot.devtools.autoconfigure.OptionalLiveReloadServer.startServer(OptionalLiveReloadServer.java:61)
Unable to start LiveReload server
2020-03-29 14:18:24,662|INFO |restartedMain|Caller+0	 at org.springframework.scheduling.quartz.SchedulerFactoryBean.startScheduler(SchedulerFactoryBean.java:727)
Starting Quartz Scheduler now
2020-03-29 14:18:24,662|INFO |restartedMain|Caller+0	 at org.quartz.core.QuartzScheduler.start(QuartzScheduler.java:547)
Scheduler quartzScheduler_$_NON_CLUSTERED started.
2020-03-29 14:18:24,669|INFO |restartedMain|Caller+0	 at org.apache.juli.logging.DirectJDKLog.log(DirectJDKLog.java:173)
Starting ProtocolHandler ["http-nio-8086"]
2020-03-29 14:18:24,692|INFO |restartedMain|Caller+0	 at org.springframework.boot.web.embedded.tomcat.TomcatWebServer.start(TomcatWebServer.java:204)
Tomcat started on port(s): 8086 (http) with context path ''
2020-03-29 14:18:24,695|INFO |restartedMain|Caller+0	 at org.springframework.boot.StartupInfoLogger.logStarted(StartupInfoLogger.java:61)
Started ToolApplication in 3.478 seconds (JVM running for 4.432)
2020-03-29 14:41:56,360|INFO |SpringContextShutdownHook|Caller+0	 at org.quartz.core.QuartzScheduler.standby(QuartzScheduler.java:585)
Scheduler quartzScheduler_$_NON_CLUSTERED paused.
2020-03-29 14:41:56,363|INFO |SpringContextShutdownHook|Caller+0	 at org.springframework.scheduling.quartz.SchedulerFactoryBean.destroy(SchedulerFactoryBean.java:845)
Shutting down Quartz Scheduler
2020-03-29 14:41:56,364|INFO |SpringContextShutdownHook|Caller+0	 at org.quartz.core.QuartzScheduler.shutdown(QuartzScheduler.java:666)
Scheduler quartzScheduler_$_NON_CLUSTERED shutting down.
2020-03-29 14:41:56,364|INFO |SpringContextShutdownHook|Caller+0	 at org.quartz.core.QuartzScheduler.standby(QuartzScheduler.java:585)
Scheduler quartzScheduler_$_NON_CLUSTERED paused.
2020-03-29 14:41:56,364|INFO |SpringContextShutdownHook|Caller+0	 at org.quartz.core.QuartzScheduler.shutdown(QuartzScheduler.java:740)
Scheduler quartzScheduler_$_NON_CLUSTERED shutdown complete.
2020-03-29 14:41:56,382|INFO |SpringContextShutdownHook|Caller+0	 at org.springframework.scheduling.concurrent.ExecutorConfigurationSupport.shutdown(ExecutorConfigurationSupport.java:208)
Shutting down ExecutorService 'applicationTaskExecutor'
2020-03-29 14:41:56,385|INFO |SpringContextShutdownHook|Caller+0	 at com.alibaba.druid.pool.DruidDataSource.close(DruidDataSource.java:1823)
{dataSource-1} closed
2020-03-29 14:42:01,971|INFO |restartedMain|Caller+0	 at org.springframework.boot.StartupInfoLogger.logStarting(StartupInfoLogger.java:55)
Starting ToolApplication on DESKTOP-3EKU3ND with PID 2388 (F:\code\Z01\server\z01\tool\target\classes started by 13265 in F:\code\Z01\server\z01)
2020-03-29 14:42:01,975|INFO |restartedMain|Caller+0	 at org.springframework.boot.SpringApplication.logStartupProfileInfo(SpringApplication.java:655)
The following profiles are active: common
2020-03-29 14:42:02,021|INFO |restartedMain|Caller+0	 at org.springframework.boot.logging.DeferredLog.logTo(DeferredLog.java:225)
Devtools property defaults active! Set 'spring.devtools.add-properties' to 'false' to disable
2020-03-29 14:42:02,021|INFO |restartedMain|Caller+0	 at org.springframework.boot.logging.DeferredLog.logTo(DeferredLog.java:225)
For additional web related logging consider setting the 'logging.level.web' property to 'DEBUG'
2020-03-29 14:42:02,712|INFO |restartedMain|Caller+0	 at org.springframework.data.repository.config.RepositoryConfigurationDelegate.multipleStoresDetected(RepositoryConfigurationDelegate.java:249)
Multiple Spring Data modules found, entering strict repository configuration mode!
2020-03-29 14:42:02,715|INFO |restartedMain|Caller+0	 at org.springframework.data.repository.config.RepositoryConfigurationDelegate.registerRepositoriesIn(RepositoryConfigurationDelegate.java:127)
Bootstrapping Spring Data Redis repositories in DEFAULT mode.
2020-03-29 14:42:02,741|INFO |restartedMain|Caller+0	 at org.springframework.data.repository.config.RepositoryConfigurationDelegate.registerRepositoriesIn(RepositoryConfigurationDelegate.java:187)
Finished Spring Data repository scanning in 13ms. Found 0 Redis repository interfaces.
2020-03-29 14:42:02,880|WARN |restartedMain|Caller+0	 at org.mybatis.logging.Logger.warn(Logger.java:44)
No MyBatis mapper was found in '[com.zemel.*.mapping]' package. Please check your configuration.
2020-03-29 14:42:03,058|INFO |restartedMain|Caller+0	 at org.springframework.context.support.PostProcessorRegistrationDelegate$BeanPostProcessorChecker.postProcessAfterInitialization(PostProcessorRegistrationDelegate.java:330)
Bean 'org.springframework.transaction.annotation.ProxyTransactionManagementConfiguration' of type [org.springframework.transaction.annotation.ProxyTransactionManagementConfiguration] is not eligible for getting processed by all BeanPostProcessors (for example: not eligible for auto-proxying)
2020-03-29 14:42:03,347|INFO |restartedMain|Caller+0	 at org.springframework.boot.web.embedded.tomcat.TomcatWebServer.initialize(TomcatWebServer.java:92)
Tomcat initialized with port(s): 8086 (http)
2020-03-29 14:42:03,356|INFO |restartedMain|Caller+0	 at org.apache.juli.logging.DirectJDKLog.log(DirectJDKLog.java:173)
Initializing ProtocolHandler ["http-nio-8086"]
2020-03-29 14:42:03,356|INFO |restartedMain|Caller+0	 at org.apache.juli.logging.DirectJDKLog.log(DirectJDKLog.java:173)
Starting service [Tomcat]
2020-03-29 14:42:03,357|INFO |restartedMain|Caller+0	 at org.apache.juli.logging.DirectJDKLog.log(DirectJDKLog.java:173)
Starting Servlet engine: [Apache Tomcat/9.0.29]
2020-03-29 14:42:03,521|INFO |restartedMain|Caller+0	 at org.apache.juli.logging.DirectJDKLog.log(DirectJDKLog.java:173)
Initializing Spring embedded WebApplicationContext
2020-03-29 14:42:03,521|INFO |restartedMain|Caller+0	 at org.springframework.boot.web.servlet.context.ServletWebServerApplicationContext.prepareWebApplicationContext(ServletWebServerApplicationContext.java:284)
Root WebApplicationContext: initialization completed in 1500 ms
2020-03-29 14:42:03,604|INFO |restartedMain|Caller+0	 at com.alibaba.druid.spring.boot.autoconfigure.DruidDataSourceAutoConfigure.dataSource(DruidDataSourceAutoConfigure.java:56)
Init DruidDataSource
2020-03-29 14:42:03,716|INFO |restartedMain|Caller+0	 at com.alibaba.druid.pool.DruidDataSource.init(DruidDataSource.java:928)
{dataSource-1} inited
2020-03-29 14:42:03,724|ERROR|restartedMain|Caller+0	 at com.zemel.tool.generate.Dbgenerate.start(Dbgenerate.java:32)
===========autoCreateClass  start==============
2020-03-29 14:42:03,828|ERROR|restartedMain|Caller+0	 at com.zemel.tool.generate.AbstractDbConnectionHelp.getTableInfos(AbstractDbConnectionHelp.java:44)
core_player   tableName 
2020-03-29 14:42:03,841|ERROR|restartedMain|Caller+0	 at com.zemel.tool.generate.AbstractDbConnectionHelp.getTableInfos(AbstractDbConnectionHelp.java:44)
core_room   tableName 
2020-03-29 14:42:03,844|ERROR|restartedMain|Caller+0	 at com.zemel.tool.generate.AbstractDbConnectionHelp.getTableInfos(AbstractDbConnectionHelp.java:44)
core_server_cluster   tableName 
2020-03-29 14:42:03,848|ERROR|restartedMain|Caller+0	 at com.zemel.tool.generate.AbstractDbConnectionHelp.getTableInfos(AbstractDbConnectionHelp.java:44)
mall_admin_user   tableName 
2020-03-29 14:42:03,850|ERROR|restartedMain|Caller+0	 at com.zemel.tool.generate.AbstractDbConnectionHelp.getTableInfos(AbstractDbConnectionHelp.java:44)
mall_commodity   tableName 
2020-03-29 14:42:03,853|ERROR|restartedMain|Caller+0	 at com.zemel.tool.generate.AbstractDbConnectionHelp.getTableInfos(AbstractDbConnectionHelp.java:44)
mall_mall_user   tableName 
2020-03-29 14:42:03,856|ERROR|restartedMain|Caller+0	 at com.zemel.tool.generate.AbstractDbConnectionHelp.getTableInfos(AbstractDbConnectionHelp.java:44)
mall_product_order   tableName 
2020-03-29 14:42:03,862|ERROR|restartedMain|Caller+0	 at com.zemel.tool.generate.Dbgenerate.generateCode(Dbgenerate.java:58)
generate table PlayerInfo success
2020-03-29 14:42:03,862|ERROR|restartedMain|Caller+0	 at com.zemel.tool.generate.Dbgenerate.generateCode(Dbgenerate.java:58)
generate table RoomInfo success
2020-03-29 14:42:03,863|ERROR|restartedMain|Caller+0	 at com.zemel.tool.generate.Dbgenerate.generateCode(Dbgenerate.java:58)
generate table ServerClusterInfo success
2020-03-29 14:42:03,864|ERROR|restartedMain|Caller+0	 at com.zemel.tool.generate.Dbgenerate.generateCode(Dbgenerate.java:58)
generate table AdminUserInfo success
2020-03-29 14:42:03,864|ERROR|restartedMain|Caller+0	 at com.zemel.tool.generate.Dbgenerate.generateCode(Dbgenerate.java:58)
generate table CommodityInfo success
2020-03-29 14:42:03,865|ERROR|restartedMain|Caller+0	 at com.zemel.tool.generate.Dbgenerate.generateCode(Dbgenerate.java:58)
generate table MallUserInfo success
2020-03-29 14:42:03,865|ERROR|restartedMain|Caller+0	 at com.zemel.tool.generate.Dbgenerate.generateCode(Dbgenerate.java:58)
generate table ProductOrderInfo success
2020-03-29 14:42:03,866|ERROR|restartedMain|Caller+0	 at com.zemel.tool.generate.Dbgenerate.start(Dbgenerate.java:49)
===========autoCreateClass  end==============
2020-03-29 14:42:04,007|INFO |restartedMain|Caller+0	 at org.springframework.scheduling.concurrent.ExecutorConfigurationSupport.initialize(ExecutorConfigurationSupport.java:171)
Initializing ExecutorService 'applicationTaskExecutor'
2020-03-29 14:42:04,060|INFO |restartedMain|Caller+0	 at org.springframework.boot.autoconfigure.web.servlet.WelcomePageHandlerMapping.<init>(WelcomePageHandlerMapping.java:54)
Adding welcome page: class path resource [static/index.html]
2020-03-29 14:42:04,689|INFO |restartedMain|Caller+0	 at org.quartz.impl.StdSchedulerFactory.instantiate(StdSchedulerFactory.java:1220)
Using default implementation for ThreadExecutor
2020-03-29 14:42:04,692|INFO |restartedMain|Caller+0	 at org.quartz.simpl.SimpleThreadPool.initialize(SimpleThreadPool.java:268)
Job execution threads will use class loader of thread: restartedMain
2020-03-29 14:42:04,700|INFO |restartedMain|Caller+0	 at org.quartz.core.SchedulerSignalerImpl.<init>(SchedulerSignalerImpl.java:61)
Initialized Scheduler Signaller of type: class org.quartz.core.SchedulerSignalerImpl
2020-03-29 14:42:04,700|INFO |restartedMain|Caller+0	 at org.quartz.core.QuartzScheduler.<init>(QuartzScheduler.java:229)
Quartz Scheduler v.2.3.2 created.
2020-03-29 14:42:04,701|INFO |restartedMain|Caller+0	 at org.quartz.simpl.RAMJobStore.initialize(RAMJobStore.java:155)
RAMJobStore initialized.
2020-03-29 14:42:04,702|INFO |restartedMain|Caller+0	 at org.quartz.core.QuartzScheduler.initialize(QuartzScheduler.java:294)
Scheduler meta-data: Quartz Scheduler (v2.3.2) 'quartzScheduler' with instanceId 'NON_CLUSTERED'
  Scheduler class: 'org.quartz.core.QuartzScheduler' - running locally.
  NOT STARTED.
  Currently in standby mode.
  Number of jobs executed: 0
  Using thread pool 'org.quartz.simpl.SimpleThreadPool' - with 4 threads.
  Using job-store 'org.quartz.simpl.RAMJobStore' - which does not support persistence. and is not clustered.

2020-03-29 14:42:04,702|INFO |restartedMain|Caller+0	 at org.quartz.impl.StdSchedulerFactory.instantiate(StdSchedulerFactory.java:1374)
Quartz scheduler 'quartzScheduler' initialized from an externally provided properties instance.
2020-03-29 14:42:04,702|INFO |restartedMain|Caller+0	 at org.quartz.impl.StdSchedulerFactory.instantiate(StdSchedulerFactory.java:1378)
Quartz scheduler version: 2.3.2
2020-03-29 14:42:04,702|INFO |restartedMain|Caller+0	 at org.quartz.core.QuartzScheduler.setJobFactory(QuartzScheduler.java:2293)
JobFactory set to: org.springframework.scheduling.quartz.SpringBeanJobFactory@64b50b96
2020-03-29 14:42:04,747|WARN |restartedMain|Caller+0	 at org.springframework.boot.devtools.autoconfigure.OptionalLiveReloadServer.startServer(OptionalLiveReloadServer.java:61)
Unable to start LiveReload server
2020-03-29 14:42:04,814|INFO |restartedMain|Caller+0	 at org.springframework.scheduling.quartz.SchedulerFactoryBean.startScheduler(SchedulerFactoryBean.java:727)
Starting Quartz Scheduler now
2020-03-29 14:42:04,814|INFO |restartedMain|Caller+0	 at org.quartz.core.QuartzScheduler.start(QuartzScheduler.java:547)
Scheduler quartzScheduler_$_NON_CLUSTERED started.
2020-03-29 14:42:04,820|INFO |restartedMain|Caller+0	 at org.apache.juli.logging.DirectJDKLog.log(DirectJDKLog.java:173)
Starting ProtocolHandler ["http-nio-8086"]
2020-03-29 14:42:04,841|INFO |restartedMain|Caller+0	 at org.springframework.boot.web.embedded.tomcat.TomcatWebServer.start(TomcatWebServer.java:204)
Tomcat started on port(s): 8086 (http) with context path ''
2020-03-29 14:42:04,844|INFO |restartedMain|Caller+0	 at org.springframework.boot.StartupInfoLogger.logStarted(StartupInfoLogger.java:61)
Started ToolApplication in 3.514 seconds (JVM running for 4.555)
2020-03-29 14:42:39,689|INFO |SpringContextShutdownHook|Caller+0	 at org.quartz.core.QuartzScheduler.standby(QuartzScheduler.java:585)
Scheduler quartzScheduler_$_NON_CLUSTERED paused.
2020-03-29 14:42:39,692|INFO |SpringContextShutdownHook|Caller+0	 at org.springframework.scheduling.quartz.SchedulerFactoryBean.destroy(SchedulerFactoryBean.java:845)
Shutting down Quartz Scheduler
2020-03-29 14:42:39,692|INFO |SpringContextShutdownHook|Caller+0	 at org.quartz.core.QuartzScheduler.shutdown(QuartzScheduler.java:666)
Scheduler quartzScheduler_$_NON_CLUSTERED shutting down.
2020-03-29 14:42:39,692|INFO |SpringContextShutdownHook|Caller+0	 at org.quartz.core.QuartzScheduler.standby(QuartzScheduler.java:585)
Scheduler quartzScheduler_$_NON_CLUSTERED paused.
2020-03-29 14:42:39,692|INFO |SpringContextShutdownHook|Caller+0	 at org.quartz.core.QuartzScheduler.shutdown(QuartzScheduler.java:740)
Scheduler quartzScheduler_$_NON_CLUSTERED shutdown complete.
2020-03-29 14:42:39,712|INFO |SpringContextShutdownHook|Caller+0	 at org.springframework.scheduling.concurrent.ExecutorConfigurationSupport.shutdown(ExecutorConfigurationSupport.java:208)
Shutting down ExecutorService 'applicationTaskExecutor'
2020-03-29 14:42:39,715|INFO |SpringContextShutdownHook|Caller+0	 at com.alibaba.druid.pool.DruidDataSource.close(DruidDataSource.java:1823)
{dataSource-1} closed
2020-03-29 14:42:44,936|INFO |restartedMain|Caller+0	 at org.springframework.boot.StartupInfoLogger.logStarting(StartupInfoLogger.java:55)
Starting ToolApplication on DESKTOP-3EKU3ND with PID 7392 (F:\code\Z01\server\z01\tool\target\classes started by 13265 in F:\code\Z01\server\z01)
2020-03-29 14:42:44,938|INFO |restartedMain|Caller+0	 at org.springframework.boot.SpringApplication.logStartupProfileInfo(SpringApplication.java:655)
The following profiles are active: common
2020-03-29 14:42:44,984|INFO |restartedMain|Caller+0	 at org.springframework.boot.logging.DeferredLog.logTo(DeferredLog.java:225)
Devtools property defaults active! Set 'spring.devtools.add-properties' to 'false' to disable
2020-03-29 14:42:44,984|INFO |restartedMain|Caller+0	 at org.springframework.boot.logging.DeferredLog.logTo(DeferredLog.java:225)
For additional web related logging consider setting the 'logging.level.web' property to 'DEBUG'
2020-03-29 14:42:45,655|INFO |restartedMain|Caller+0	 at org.springframework.data.repository.config.RepositoryConfigurationDelegate.multipleStoresDetected(RepositoryConfigurationDelegate.java:249)
Multiple Spring Data modules found, entering strict repository configuration mode!
2020-03-29 14:42:45,657|INFO |restartedMain|Caller+0	 at org.springframework.data.repository.config.RepositoryConfigurationDelegate.registerRepositoriesIn(RepositoryConfigurationDelegate.java:127)
Bootstrapping Spring Data Redis repositories in DEFAULT mode.
2020-03-29 14:42:45,683|INFO |restartedMain|Caller+0	 at org.springframework.data.repository.config.RepositoryConfigurationDelegate.registerRepositoriesIn(RepositoryConfigurationDelegate.java:187)
Finished Spring Data repository scanning in 13ms. Found 0 Redis repository interfaces.
2020-03-29 14:42:45,812|WARN |restartedMain|Caller+0	 at org.mybatis.logging.Logger.warn(Logger.java:44)
No MyBatis mapper was found in '[com.zemel.*.mapping]' package. Please check your configuration.
2020-03-29 14:42:45,995|INFO |restartedMain|Caller+0	 at org.springframework.context.support.PostProcessorRegistrationDelegate$BeanPostProcessorChecker.postProcessAfterInitialization(PostProcessorRegistrationDelegate.java:330)
Bean 'org.springframework.transaction.annotation.ProxyTransactionManagementConfiguration' of type [org.springframework.transaction.annotation.ProxyTransactionManagementConfiguration] is not eligible for getting processed by all BeanPostProcessors (for example: not eligible for auto-proxying)
2020-03-29 14:42:46,280|INFO |restartedMain|Caller+0	 at org.springframework.boot.web.embedded.tomcat.TomcatWebServer.initialize(TomcatWebServer.java:92)
Tomcat initialized with port(s): 8086 (http)
2020-03-29 14:42:46,288|INFO |restartedMain|Caller+0	 at org.apache.juli.logging.DirectJDKLog.log(DirectJDKLog.java:173)
Initializing ProtocolHandler ["http-nio-8086"]
2020-03-29 14:42:46,289|INFO |restartedMain|Caller+0	 at org.apache.juli.logging.DirectJDKLog.log(DirectJDKLog.java:173)
Starting service [Tomcat]
2020-03-29 14:42:46,289|INFO |restartedMain|Caller+0	 at org.apache.juli.logging.DirectJDKLog.log(DirectJDKLog.java:173)
Starting Servlet engine: [Apache Tomcat/9.0.29]
2020-03-29 14:42:46,443|INFO |restartedMain|Caller+0	 at org.apache.juli.logging.DirectJDKLog.log(DirectJDKLog.java:173)
Initializing Spring embedded WebApplicationContext
2020-03-29 14:42:46,443|INFO |restartedMain|Caller+0	 at org.springframework.boot.web.servlet.context.ServletWebServerApplicationContext.prepareWebApplicationContext(ServletWebServerApplicationContext.java:284)
Root WebApplicationContext: initialization completed in 1458 ms
2020-03-29 14:42:46,528|INFO |restartedMain|Caller+0	 at com.alibaba.druid.spring.boot.autoconfigure.DruidDataSourceAutoConfigure.dataSource(DruidDataSourceAutoConfigure.java:56)
Init DruidDataSource
2020-03-29 14:42:46,644|INFO |restartedMain|Caller+0	 at com.alibaba.druid.pool.DruidDataSource.init(DruidDataSource.java:928)
{dataSource-1} inited
2020-03-29 14:42:46,651|ERROR|restartedMain|Caller+0	 at com.zemel.tool.generate.Dbgenerate.start(Dbgenerate.java:32)
===========autoCreateClass  start==============
2020-03-29 14:42:46,902|ERROR|restartedMain|Caller+0	 at com.zemel.tool.generate.AbstractDbConnectionHelp.getTableInfos(AbstractDbConnectionHelp.java:44)
core_player   tableName 
2020-03-29 14:42:46,916|ERROR|restartedMain|Caller+0	 at com.zemel.tool.generate.AbstractDbConnectionHelp.getTableInfos(AbstractDbConnectionHelp.java:44)
core_room   tableName 
2020-03-29 14:42:46,920|ERROR|restartedMain|Caller+0	 at com.zemel.tool.generate.AbstractDbConnectionHelp.getTableInfos(AbstractDbConnectionHelp.java:44)
core_server_cluster   tableName 
2020-03-29 14:42:46,923|ERROR|restartedMain|Caller+0	 at com.zemel.tool.generate.AbstractDbConnectionHelp.getTableInfos(AbstractDbConnectionHelp.java:44)
mall_admin_user   tableName 
2020-03-29 14:42:46,926|ERROR|restartedMain|Caller+0	 at com.zemel.tool.generate.AbstractDbConnectionHelp.getTableInfos(AbstractDbConnectionHelp.java:44)
mall_commodity   tableName 
2020-03-29 14:42:46,929|ERROR|restartedMain|Caller+0	 at com.zemel.tool.generate.AbstractDbConnectionHelp.getTableInfos(AbstractDbConnectionHelp.java:44)
mall_mall_user   tableName 
2020-03-29 14:42:46,933|ERROR|restartedMain|Caller+0	 at com.zemel.tool.generate.AbstractDbConnectionHelp.getTableInfos(AbstractDbConnectionHelp.java:44)
mall_product_order   tableName 
2020-03-29 14:42:46,939|ERROR|restartedMain|Caller+0	 at com.zemel.tool.generate.Dbgenerate.generateCode(Dbgenerate.java:58)
generate table PlayerInfo success
2020-03-29 14:42:46,940|ERROR|restartedMain|Caller+0	 at com.zemel.tool.generate.Dbgenerate.generateCode(Dbgenerate.java:58)
generate table RoomInfo success
2020-03-29 14:42:46,941|ERROR|restartedMain|Caller+0	 at com.zemel.tool.generate.Dbgenerate.generateCode(Dbgenerate.java:58)
generate table ServerClusterInfo success
2020-03-29 14:42:46,942|ERROR|restartedMain|Caller+0	 at com.zemel.tool.generate.Dbgenerate.generateCode(Dbgenerate.java:58)
generate table AdminUserInfo success
2020-03-29 14:42:46,942|ERROR|restartedMain|Caller+0	 at com.zemel.tool.generate.Dbgenerate.generateCode(Dbgenerate.java:58)
generate table CommodityInfo success
2020-03-29 14:42:46,943|ERROR|restartedMain|Caller+0	 at com.zemel.tool.generate.Dbgenerate.generateCode(Dbgenerate.java:58)
generate table MallUserInfo success
2020-03-29 14:42:46,944|ERROR|restartedMain|Caller+0	 at com.zemel.tool.generate.Dbgenerate.generateCode(Dbgenerate.java:58)
generate table ProductOrderInfo success
2020-03-29 14:42:46,944|ERROR|restartedMain|Caller+0	 at com.zemel.tool.generate.Dbgenerate.start(Dbgenerate.java:49)
===========autoCreateClass  end==============
2020-03-29 14:42:47,089|INFO |restartedMain|Caller+0	 at org.springframework.scheduling.concurrent.ExecutorConfigurationSupport.initialize(ExecutorConfigurationSupport.java:171)
Initializing ExecutorService 'applicationTaskExecutor'
2020-03-29 14:42:47,145|INFO |restartedMain|Caller+0	 at org.springframework.boot.autoconfigure.web.servlet.WelcomePageHandlerMapping.<init>(WelcomePageHandlerMapping.java:54)
Adding welcome page: class path resource [static/index.html]
2020-03-29 14:42:47,762|INFO |restartedMain|Caller+0	 at org.quartz.impl.StdSchedulerFactory.instantiate(StdSchedulerFactory.java:1220)
Using default implementation for ThreadExecutor
2020-03-29 14:42:47,764|INFO |restartedMain|Caller+0	 at org.quartz.simpl.SimpleThreadPool.initialize(SimpleThreadPool.java:268)
Job execution threads will use class loader of thread: restartedMain
2020-03-29 14:42:47,771|INFO |restartedMain|Caller+0	 at org.quartz.core.SchedulerSignalerImpl.<init>(SchedulerSignalerImpl.java:61)
Initialized Scheduler Signaller of type: class org.quartz.core.SchedulerSignalerImpl
2020-03-29 14:42:47,772|INFO |restartedMain|Caller+0	 at org.quartz.core.QuartzScheduler.<init>(QuartzScheduler.java:229)
Quartz Scheduler v.2.3.2 created.
2020-03-29 14:42:47,772|INFO |restartedMain|Caller+0	 at org.quartz.simpl.RAMJobStore.initialize(RAMJobStore.java:155)
RAMJobStore initialized.
2020-03-29 14:42:47,773|INFO |restartedMain|Caller+0	 at org.quartz.core.QuartzScheduler.initialize(QuartzScheduler.java:294)
Scheduler meta-data: Quartz Scheduler (v2.3.2) 'quartzScheduler' with instanceId 'NON_CLUSTERED'
  Scheduler class: 'org.quartz.core.QuartzScheduler' - running locally.
  NOT STARTED.
  Currently in standby mode.
  Number of jobs executed: 0
  Using thread pool 'org.quartz.simpl.SimpleThreadPool' - with 4 threads.
  Using job-store 'org.quartz.simpl.RAMJobStore' - which does not support persistence. and is not clustered.

2020-03-29 14:42:47,773|INFO |restartedMain|Caller+0	 at org.quartz.impl.StdSchedulerFactory.instantiate(StdSchedulerFactory.java:1374)
Quartz scheduler 'quartzScheduler' initialized from an externally provided properties instance.
2020-03-29 14:42:47,773|INFO |restartedMain|Caller+0	 at org.quartz.impl.StdSchedulerFactory.instantiate(StdSchedulerFactory.java:1378)
Quartz scheduler version: 2.3.2
2020-03-29 14:42:47,774|INFO |restartedMain|Caller+0	 at org.quartz.core.QuartzScheduler.setJobFactory(QuartzScheduler.java:2293)
JobFactory set to: org.springframework.scheduling.quartz.SpringBeanJobFactory@62234c28
2020-03-29 14:42:47,818|WARN |restartedMain|Caller+0	 at org.springframework.boot.devtools.autoconfigure.OptionalLiveReloadServer.startServer(OptionalLiveReloadServer.java:61)
Unable to start LiveReload server
2020-03-29 14:42:47,884|INFO |restartedMain|Caller+0	 at org.springframework.scheduling.quartz.SchedulerFactoryBean.startScheduler(SchedulerFactoryBean.java:727)
Starting Quartz Scheduler now
2020-03-29 14:42:47,885|INFO |restartedMain|Caller+0	 at org.quartz.core.QuartzScheduler.start(QuartzScheduler.java:547)
Scheduler quartzScheduler_$_NON_CLUSTERED started.
2020-03-29 14:42:47,891|INFO |restartedMain|Caller+0	 at org.apache.juli.logging.DirectJDKLog.log(DirectJDKLog.java:173)
Starting ProtocolHandler ["http-nio-8086"]
2020-03-29 14:42:47,910|INFO |restartedMain|Caller+0	 at org.springframework.boot.web.embedded.tomcat.TomcatWebServer.start(TomcatWebServer.java:204)
Tomcat started on port(s): 8086 (http) with context path ''
2020-03-29 14:42:47,913|INFO |restartedMain|Caller+0	 at org.springframework.boot.StartupInfoLogger.logStarted(StartupInfoLogger.java:61)
Started ToolApplication in 3.587 seconds (JVM running for 4.561)
2020-03-29 14:43:52,024|INFO |SpringContextShutdownHook|Caller+0	 at org.quartz.core.QuartzScheduler.standby(QuartzScheduler.java:585)
Scheduler quartzScheduler_$_NON_CLUSTERED paused.
2020-03-29 14:43:52,027|INFO |SpringContextShutdownHook|Caller+0	 at org.springframework.scheduling.quartz.SchedulerFactoryBean.destroy(SchedulerFactoryBean.java:845)
Shutting down Quartz Scheduler
2020-03-29 14:43:52,027|INFO |SpringContextShutdownHook|Caller+0	 at org.quartz.core.QuartzScheduler.shutdown(QuartzScheduler.java:666)
Scheduler quartzScheduler_$_NON_CLUSTERED shutting down.
2020-03-29 14:43:52,028|INFO |SpringContextShutdownHook|Caller+0	 at org.quartz.core.QuartzScheduler.standby(QuartzScheduler.java:585)
Scheduler quartzScheduler_$_NON_CLUSTERED paused.
2020-03-29 14:43:52,028|INFO |SpringContextShutdownHook|Caller+0	 at org.quartz.core.QuartzScheduler.shutdown(QuartzScheduler.java:740)
Scheduler quartzScheduler_$_NON_CLUSTERED shutdown complete.
2020-03-29 14:43:52,044|INFO |SpringContextShutdownHook|Caller+0	 at org.springframework.scheduling.concurrent.ExecutorConfigurationSupport.shutdown(ExecutorConfigurationSupport.java:208)
Shutting down ExecutorService 'applicationTaskExecutor'
2020-03-29 14:43:52,047|INFO |SpringContextShutdownHook|Caller+0	 at com.alibaba.druid.pool.DruidDataSource.close(DruidDataSource.java:1823)
{dataSource-1} closed
