2020-08-27 21:34:05,280|INFO |restartedMain|Caller+0	 at com.zemel.framework.ComponentManager.start(ComponentManager.java:75)
启动逻辑组件开始
2020-08-27 21:34:05,281|INFO |restartedMain|Caller+0	 at com.zemel.framework.ComponentManager.start(ComponentManager.java:78)
com.zemel.tool.generate.Dbgenerate 组件启动
2020-08-27 21:34:05,425|INFO |restartedMain|Caller+0	 at com.zemel.framework.ComponentManager.start(ComponentManager.java:82)
Dbgenerate 组件启动成功
2020-08-27 21:34:05,425|INFO |restartedMain|Caller+0	 at com.zemel.framework.ComponentManager.start(ComponentManager.java:78)
com.zemel.framework.component.LogComponent 组件启动
2020-08-27 21:34:05,425|INFO |restartedMain|Caller+0	 at com.zemel.framework.ComponentManager.start(ComponentManager.java:82)
LogComponent 组件启动成功
2020-08-27 21:34:05,425|INFO |restartedMain|Caller+0	 at com.zemel.framework.ComponentManager.start(ComponentManager.java:90)
启动逻辑组件正常结束
2020-08-27 21:34:09,702|INFO |SpringContextShutdownHook|Caller+0	 at com.zemel.framework.ComponentManager.stop(ComponentManager.java:103)
销毁逻辑组件开始
2020-08-27 21:34:09,702|INFO |SpringContextShutdownHook|Caller+0	 at com.zemel.framework.ComponentManager.stop(ComponentManager.java:107)
Dbgenerate 组件销毁成功
2020-08-27 21:34:09,703|INFO |SpringContextShutdownHook|Caller+0	 at com.zemel.framework.ComponentManager.stop(ComponentManager.java:107)
LogComponent 组件销毁成功
2020-08-27 21:34:09,703|INFO |SpringContextShutdownHook|Caller+0	 at com.zemel.framework.ComponentManager.stop(ComponentManager.java:110)
销毁逻辑组件结束
