2020-02-13 11:32:22,469|INFO |main|Caller+0	 at org.springframework.boot.StartupInfoLogger.logStarting(StartupInfoLogger.java:55)
Starting WebserverApplication on DESKTOP-3EKU3ND with PID 7936 (F:\code\java\idea\z01\webserver\target\classes started by 13265 in F:\code\java\idea\z01)
2020-02-13 11:32:22,472|INFO |main|Caller+0	 at org.springframework.boot.SpringApplication.logStartupProfileInfo(SpringApplication.java:655)
The following profiles are active: common
2020-02-13 11:32:24,058|INFO |main|Caller+0	 at org.springframework.boot.web.embedded.tomcat.TomcatWebServer.initialize(TomcatWebServer.java:92)
Tomcat initialized with port(s): 8082 (http)
2020-02-13 11:32:24,067|INFO |main|Caller+0	 at org.apache.juli.logging.DirectJDKLog.log(DirectJDKLog.java:173)
Initializing ProtocolHandler ["http-nio-8082"]
2020-02-13 11:32:24,068|INFO |main|Caller+0	 at org.apache.juli.logging.DirectJDKLog.log(DirectJDKLog.java:173)
Starting service [Tomcat]
2020-02-13 11:32:24,068|INFO |main|Caller+0	 at org.apache.juli.logging.DirectJDKLog.log(DirectJDKLog.java:173)
Starting Servlet engine: [Apache Tomcat/9.0.29]
2020-02-13 11:32:24,145|INFO |main|Caller+0	 at org.apache.juli.logging.DirectJDKLog.log(DirectJDKLog.java:173)
Initializing Spring embedded WebApplicationContext
2020-02-13 11:32:24,145|INFO |main|Caller+0	 at org.springframework.boot.web.servlet.context.ServletWebServerApplicationContext.prepareWebApplicationContext(ServletWebServerApplicationContext.java:284)
Root WebApplicationContext: initialization completed in 1632 ms
2020-02-13 11:32:24,276|INFO |main|Caller+0	 at org.quartz.impl.StdSchedulerFactory.instantiate(StdSchedulerFactory.java:1220)
Using default implementation for ThreadExecutor
2020-02-13 11:32:24,279|INFO |main|Caller+0	 at org.quartz.simpl.SimpleThreadPool.initialize(SimpleThreadPool.java:268)
Job execution threads will use class loader of thread: main
2020-02-13 11:32:24,290|INFO |main|Caller+0	 at org.quartz.core.SchedulerSignalerImpl.<init>(SchedulerSignalerImpl.java:61)
Initialized Scheduler Signaller of type: class org.quartz.core.SchedulerSignalerImpl
2020-02-13 11:32:24,291|INFO |main|Caller+0	 at org.quartz.core.QuartzScheduler.<init>(QuartzScheduler.java:229)
Quartz Scheduler v.2.3.2 created.
2020-02-13 11:32:24,292|INFO |main|Caller+0	 at org.quartz.simpl.RAMJobStore.initialize(RAMJobStore.java:155)
RAMJobStore initialized.
2020-02-13 11:32:24,293|INFO |main|Caller+0	 at org.quartz.core.QuartzScheduler.initialize(QuartzScheduler.java:294)
Scheduler meta-data: Quartz Scheduler (v2.3.2) 'quartzScheduler' with instanceId 'NON_CLUSTERED'
  Scheduler class: 'org.quartz.core.QuartzScheduler' - running locally.
  NOT STARTED.
  Currently in standby mode.
  Number of jobs executed: 0
  Using thread pool 'org.quartz.simpl.SimpleThreadPool' - with 4 threads.
  Using job-store 'org.quartz.simpl.RAMJobStore' - which does not support persistence. and is not clustered.

2020-02-13 11:32:24,293|INFO |main|Caller+0	 at org.quartz.impl.StdSchedulerFactory.instantiate(StdSchedulerFactory.java:1374)
Quartz scheduler 'quartzScheduler' initialized from an externally provided properties instance.
2020-02-13 11:32:24,293|INFO |main|Caller+0	 at org.quartz.impl.StdSchedulerFactory.instantiate(StdSchedulerFactory.java:1378)
Quartz scheduler version: 2.3.2
2020-02-13 11:32:24,294|INFO |main|Caller+0	 at org.quartz.core.QuartzScheduler.setJobFactory(QuartzScheduler.java:2293)
JobFactory set to: org.springframework.scheduling.quartz.SpringBeanJobFactory@2503ec73
2020-02-13 11:32:24,329|INFO |main|Caller+0	 at com.alibaba.druid.spring.boot.autoconfigure.DruidDataSourceAutoConfigure.dataSource(DruidDataSourceAutoConfigure.java:56)
Init DruidDataSource
2020-02-13 11:32:24,459|INFO |main|Caller+0	 at com.alibaba.druid.pool.DruidDataSource.init(DruidDataSource.java:928)
{dataSource-1} inited
2020-02-13 11:32:24,947|ERROR|main|Caller+0	 at com.zemel.framework.component.ISelfDrivenControllerComponent.start(ISelfDrivenControllerComponent.java:48)
init method getA1
2020-02-13 11:32:25,424|ERROR|main|Caller+0	 at com.zemel.framework.socket.netty.net.AbstractNettyAdapter.start(AbstractNettyAdapter.java:38)
netty start5001
2020-02-13 11:32:25,568|INFO |main|Caller+0	 at org.springframework.scheduling.concurrent.ExecutorConfigurationSupport.initialize(ExecutorConfigurationSupport.java:171)
Initializing ExecutorService 'applicationTaskExecutor'
2020-02-13 11:32:25,779|INFO |main|Caller+0	 at org.springframework.scheduling.quartz.SchedulerFactoryBean.startScheduler(SchedulerFactoryBean.java:727)
Starting Quartz Scheduler now
2020-02-13 11:32:25,779|INFO |main|Caller+0	 at org.quartz.core.QuartzScheduler.start(QuartzScheduler.java:547)
Scheduler quartzScheduler_$_NON_CLUSTERED started.
2020-02-13 11:32:25,789|INFO |main|Caller+0	 at org.apache.juli.logging.DirectJDKLog.log(DirectJDKLog.java:173)
Starting ProtocolHandler ["http-nio-8082"]
2020-02-13 11:32:25,812|INFO |main|Caller+0	 at org.springframework.boot.web.embedded.tomcat.TomcatWebServer.start(TomcatWebServer.java:204)
Tomcat started on port(s): 8082 (http) with context path ''
2020-02-13 11:32:25,816|INFO |main|Caller+0	 at org.springframework.boot.StartupInfoLogger.logStarted(StartupInfoLogger.java:61)
Started WebserverApplication in 3.921 seconds (JVM running for 5.208)
2020-02-13 11:32:27,293|ERROR|nioEventLoopGroup-3-1|Caller+0	 at com.zemel.framework.socket.netty.handler.CommonMessageHandler.process(CommonMessageHandler.java:17)
message
2020-02-13 11:32:27,305|ERROR|pool-2-thread-1|Caller+0	 at com.zemel.framework.component.ServerComponent.loginClient(ServerComponent.java:89)
serverID:2   loginSuccess
2020-02-13 11:37:11,146|INFO |http-nio-8082-exec-1|Caller+0	 at org.apache.juli.logging.DirectJDKLog.log(DirectJDKLog.java:173)
Initializing Spring DispatcherServlet 'dispatcherServlet'
2020-02-13 11:37:11,147|INFO |http-nio-8082-exec-1|Caller+0	 at org.springframework.web.servlet.FrameworkServlet.initServletBean(FrameworkServlet.java:525)
Initializing Servlet 'dispatcherServlet'
2020-02-13 11:37:11,151|INFO |http-nio-8082-exec-1|Caller+0	 at org.springframework.web.servlet.FrameworkServlet.initServletBean(FrameworkServlet.java:547)
Completed initialization in 4 ms
2020-02-13 13:37:24,023|ERROR|nioEventLoopGroup-3-2|Caller+0	 at com.zemel.framework.socket.netty.handler.CommonMessageHandler.process(CommonMessageHandler.java:17)
message
2020-02-13 13:37:24,024|ERROR|pool-2-thread-1|Caller+0	 at com.zemel.framework.component.ServerComponent.loginClient(ServerComponent.java:89)
serverID:2   loginSuccess
2020-02-13 14:07:28,806|ERROR|nioEventLoopGroup-3-3|Caller+0	 at com.zemel.framework.socket.netty.handler.CommonMessageHandler.process(CommonMessageHandler.java:17)
message
2020-02-13 14:07:28,807|ERROR|pool-2-thread-1|Caller+0	 at com.zemel.framework.component.ServerComponent.loginClient(ServerComponent.java:89)
serverID:2   loginSuccess
2020-02-13 14:16:16,566|ERROR|nioEventLoopGroup-3-4|Caller+0	 at com.zemel.framework.socket.netty.handler.CommonMessageHandler.process(CommonMessageHandler.java:17)
message
2020-02-13 14:16:16,567|ERROR|pool-2-thread-1|Caller+0	 at com.zemel.framework.component.ServerComponent.loginClient(ServerComponent.java:89)
serverID:2   loginSuccess
2020-02-13 14:40:43,857|ERROR|nioEventLoopGroup-3-5|Caller+0	 at com.zemel.framework.socket.netty.handler.CommonMessageHandler.process(CommonMessageHandler.java:17)
message
2020-02-13 14:40:43,858|ERROR|pool-2-thread-1|Caller+0	 at com.zemel.framework.component.ServerComponent.loginClient(ServerComponent.java:89)
serverID:2   loginSuccess
2020-02-13 15:27:54,793|ERROR|nioEventLoopGroup-3-6|Caller+0	 at com.zemel.framework.socket.netty.handler.CommonMessageHandler.process(CommonMessageHandler.java:17)
message
2020-02-13 15:27:54,794|ERROR|pool-2-thread-1|Caller+0	 at com.zemel.framework.component.ServerComponent.loginClient(ServerComponent.java:89)
serverID:2   loginSuccess
2020-02-13 15:41:47,589|ERROR|nioEventLoopGroup-3-7|Caller+0	 at com.zemel.framework.socket.netty.handler.CommonMessageHandler.process(CommonMessageHandler.java:17)
message
2020-02-13 15:41:47,590|ERROR|pool-2-thread-1|Caller+0	 at com.zemel.framework.component.ServerComponent.loginClient(ServerComponent.java:89)
serverID:2   loginSuccess
2020-02-13 15:53:01,327|ERROR|nioEventLoopGroup-3-8|Caller+0	 at com.zemel.framework.socket.netty.handler.CommonMessageHandler.process(CommonMessageHandler.java:17)
message
2020-02-13 15:53:01,328|ERROR|pool-2-thread-1|Caller+0	 at com.zemel.framework.component.ServerComponent.loginClient(ServerComponent.java:89)
serverID:2   loginSuccess
2020-02-13 19:48:39,924|ERROR|nioEventLoopGroup-3-9|Caller+0	 at com.zemel.framework.socket.netty.handler.CommonMessageHandler.process(CommonMessageHandler.java:17)
message
2020-02-13 19:48:39,926|ERROR|pool-2-thread-1|Caller+0	 at com.zemel.framework.component.ServerComponent.loginClient(ServerComponent.java:89)
serverID:2   loginSuccess
2020-02-13 19:52:23,364|ERROR|nioEventLoopGroup-3-10|Caller+0	 at com.zemel.framework.socket.netty.handler.CommonMessageHandler.process(CommonMessageHandler.java:17)
message
2020-02-13 19:52:23,364|ERROR|pool-2-thread-1|Caller+0	 at com.zemel.framework.component.ServerComponent.loginClient(ServerComponent.java:89)
serverID:2   loginSuccess
2020-02-13 20:07:09,276|ERROR|nioEventLoopGroup-3-11|Caller+0	 at com.zemel.framework.socket.netty.handler.CommonMessageHandler.process(CommonMessageHandler.java:17)
message
2020-02-13 20:07:09,277|ERROR|pool-2-thread-1|Caller+0	 at com.zemel.framework.component.ServerComponent.loginClient(ServerComponent.java:89)
serverID:2   loginSuccess
2020-02-13 20:08:52,874|ERROR|nioEventLoopGroup-3-12|Caller+0	 at com.zemel.framework.socket.netty.handler.CommonMessageHandler.process(CommonMessageHandler.java:17)
message
2020-02-13 20:08:52,874|ERROR|pool-2-thread-1|Caller+0	 at com.zemel.framework.component.ServerComponent.loginClient(ServerComponent.java:89)
serverID:2   loginSuccess
2020-02-13 20:13:04,061|ERROR|nioEventLoopGroup-3-1|Caller+0	 at com.zemel.framework.socket.netty.handler.CommonMessageHandler.process(CommonMessageHandler.java:17)
message
2020-02-13 20:13:04,061|ERROR|pool-2-thread-1|Caller+0	 at com.zemel.framework.component.ServerComponent.loginClient(ServerComponent.java:89)
serverID:2   loginSuccess
2020-02-13 20:31:22,254|ERROR|nioEventLoopGroup-3-2|Caller+0	 at com.zemel.framework.socket.netty.handler.CommonMessageHandler.process(CommonMessageHandler.java:17)
message
2020-02-13 20:31:22,255|ERROR|pool-2-thread-1|Caller+0	 at com.zemel.framework.component.ServerComponent.loginClient(ServerComponent.java:89)
serverID:2   loginSuccess
2020-02-13 20:40:55,972|ERROR|nioEventLoopGroup-3-3|Caller+0	 at com.zemel.framework.socket.netty.handler.CommonMessageHandler.process(CommonMessageHandler.java:17)
message
2020-02-13 20:40:55,973|ERROR|pool-2-thread-1|Caller+0	 at com.zemel.framework.component.ServerComponent.loginClient(ServerComponent.java:89)
serverID:2   loginSuccess
2020-02-13 21:04:15,954|ERROR|nioEventLoopGroup-3-4|Caller+0	 at com.zemel.framework.socket.netty.handler.CommonMessageHandler.process(CommonMessageHandler.java:17)
message
2020-02-13 21:04:15,955|ERROR|pool-2-thread-1|Caller+0	 at com.zemel.framework.component.ServerComponent.loginClient(ServerComponent.java:89)
serverID:2   loginSuccess
2020-02-13 21:29:41,475|INFO |SpringContextShutdownHook|Caller+0	 at org.quartz.core.QuartzScheduler.standby(QuartzScheduler.java:585)
Scheduler quartzScheduler_$_NON_CLUSTERED paused.
2020-02-13 21:29:41,490|INFO |SpringContextShutdownHook|Caller+0	 at org.springframework.scheduling.concurrent.ExecutorConfigurationSupport.shutdown(ExecutorConfigurationSupport.java:208)
Shutting down ExecutorService 'applicationTaskExecutor'
2020-02-13 21:29:41,490|INFO |SpringContextShutdownHook|Caller+0	 at org.quartz.core.QuartzScheduler.shutdown(QuartzScheduler.java:666)
Scheduler quartzScheduler_$_NON_CLUSTERED shutting down.
2020-02-13 21:29:41,490|INFO |SpringContextShutdownHook|Caller+0	 at org.quartz.core.QuartzScheduler.standby(QuartzScheduler.java:585)
Scheduler quartzScheduler_$_NON_CLUSTERED paused.
2020-02-13 21:29:41,490|INFO |SpringContextShutdownHook|Caller+0	 at org.quartz.core.QuartzScheduler.shutdown(QuartzScheduler.java:740)
Scheduler quartzScheduler_$_NON_CLUSTERED shutdown complete.
2020-02-13 21:29:41,490|INFO |SpringContextShutdownHook|Caller+0	 at com.alibaba.druid.pool.DruidDataSource.close(DruidDataSource.java:1823)
{dataSource-1} closed
2020-02-13 21:29:41,490|INFO |SpringContextShutdownHook|Caller+0	 at org.springframework.scheduling.quartz.SchedulerFactoryBean.destroy(SchedulerFactoryBean.java:845)
Shutting down Quartz Scheduler
