2020-03-09 00:00:16,988|INFO |SpringContextShutdownHook|Caller+0	 at com.zemel.framework.ComponentManager.stop(ComponentManager.java:84)
销毁逻辑组件开始
2020-03-09 00:00:16,989|INFO |SpringContextShutdownHook|Caller+0	 at com.zemel.framework.ComponentManager.stop(ComponentManager.java:88)
BridgeClientsComponent 组件销毁成功
2020-03-09 00:00:16,989|INFO |SpringContextShutdownHook|Caller+0	 at com.zemel.framework.ComponentManager.stop(ComponentManager.java:88)
GameComponent 组件销毁成功
2020-03-09 00:00:16,994|INFO |SpringContextShutdownHook|Caller+0	 at com.zemel.framework.ComponentManager.stop(ComponentManager.java:88)
GameServerComponent 组件销毁成功
2020-03-09 00:00:16,995|INFO |SpringContextShutdownHook|Caller+0	 at com.zemel.framework.ComponentManager.stop(ComponentManager.java:88)
PlayerComponent 组件销毁成功
2020-03-09 00:00:16,995|INFO |SpringContextShutdownHook|Caller+0	 at com.zemel.framework.ComponentManager.stop(ComponentManager.java:88)
RoomComponent 组件销毁成功
2020-03-09 00:00:16,995|INFO |SpringContextShutdownHook|Caller+0	 at com.zemel.framework.ComponentManager.stop(ComponentManager.java:88)
SelfDrivenControllerComponent 组件销毁成功
2020-03-09 00:00:16,995|INFO |SpringContextShutdownHook|Caller+0	 at com.zemel.framework.ComponentManager.stop(ComponentManager.java:88)
TimerComponent 组件销毁成功
2020-03-09 00:00:16,996|INFO |SpringContextShutdownHook|Caller+0	 at com.zemel.framework.ComponentManager.stop(ComponentManager.java:88)
WebsocketClientConnectComponent 组件销毁成功
2020-03-09 00:00:16,996|INFO |SpringContextShutdownHook|Caller+0	 at com.zemel.framework.ComponentManager.stop(ComponentManager.java:91)
启动逻辑组件结束
