2020-03-08 14:39:46,460|INFO |restartedMain|Caller+0	 at com.zemel.framework.ComponentManager.start(ComponentManager.java:58)
启动逻辑组件开始
2020-03-08 14:39:46,461|INFO |restartedMain|Caller+0	 at com.zemel.framework.ComponentManager.start(ComponentManager.java:61)
com.zemel.gameserver.logic.component.BridgeClientsComponent 组件启动
2020-03-08 14:39:49,295|INFO |restartedMain|Caller+0	 at com.zemel.framework.ComponentManager.start(ComponentManager.java:65)
BridgeClientsComponent 组件启动成功
2020-03-08 14:39:49,295|INFO |restartedMain|Caller+0	 at com.zemel.framework.ComponentManager.start(ComponentManager.java:61)
com.zemel.gameserver.logic.component.GameComponent 组件启动
2020-03-08 14:39:49,299|INFO |restartedMain|Caller+0	 at com.zemel.framework.ComponentManager.start(ComponentManager.java:65)
GameComponent 组件启动成功
2020-03-08 14:39:49,299|INFO |restartedMain|Caller+0	 at com.zemel.framework.ComponentManager.start(ComponentManager.java:61)
com.zemel.gameserver.logic.component.GameServerComponent 组件启动
2020-03-08 14:39:49,319|INFO |restartedMain|Caller+0	 at com.zemel.framework.ComponentManager.start(ComponentManager.java:65)
GameServerComponent 组件启动成功
2020-03-08 14:39:49,320|INFO |restartedMain|Caller+0	 at com.zemel.framework.ComponentManager.start(ComponentManager.java:61)
com.zemel.gameserver.logic.component.PlayerComponent 组件启动
2020-03-08 14:39:49,320|INFO |restartedMain|Caller+0	 at com.zemel.framework.ComponentManager.start(ComponentManager.java:65)
PlayerComponent 组件启动成功
2020-03-08 14:39:49,320|INFO |restartedMain|Caller+0	 at com.zemel.framework.ComponentManager.start(ComponentManager.java:61)
com.zemel.gameserver.logic.component.RoomComponent 组件启动
2020-03-08 14:39:49,320|INFO |restartedMain|Caller+0	 at com.zemel.framework.ComponentManager.start(ComponentManager.java:65)
RoomComponent 组件启动成功
2020-03-08 14:39:49,320|INFO |restartedMain|Caller+0	 at com.zemel.framework.ComponentManager.start(ComponentManager.java:61)
com.zemel.gameserver.logic.component.SelfDrivenControllerComponent 组件启动
2020-03-08 14:39:49,321|INFO |restartedMain|Caller+0	 at com.zemel.framework.ComponentManager.start(ComponentManager.java:65)
SelfDrivenControllerComponent 组件启动成功
2020-03-08 14:39:49,321|INFO |restartedMain|Caller+0	 at com.zemel.framework.ComponentManager.start(ComponentManager.java:61)
com.zemel.gameserver.logic.component.TimerComponent 组件启动
2020-03-08 14:39:49,321|INFO |restartedMain|Caller+0	 at com.zemel.framework.ComponentManager.start(ComponentManager.java:65)
TimerComponent 组件启动成功
2020-03-08 14:39:49,321|INFO |restartedMain|Caller+0	 at com.zemel.framework.ComponentManager.start(ComponentManager.java:61)
com.zemel.gameserver.logic.component.WebsocketClientConnectComponent 组件启动
2020-03-08 14:39:49,386|INFO |restartedMain|Caller+0	 at com.zemel.framework.ComponentManager.start(ComponentManager.java:65)
WebsocketClientConnectComponent 组件启动成功
2020-03-08 14:39:49,386|INFO |restartedMain|Caller+0	 at com.zemel.framework.ComponentManager.start(ComponentManager.java:73)
启动逻辑组件结束
